[0.000000] (-) TimerEvent: {}
[0.000098] (bumperbot_controller) JobQueued: {'identifier': 'bumperbot_controller', 'dependencies': OrderedDict()}
[0.000124] (bumperbot_cpp_examples) JobQueued: {'identifier': 'bumperbot_cpp_examples', 'dependencies': OrderedDict()}
[0.000140] (bumperbot_description) JobQueued: {'identifier': 'bumperbot_description', 'dependencies': OrderedDict()}
[0.000153] (bumperbot_py_examples) JobQueued: {'identifier': 'bumperbot_py_examples', 'dependencies': OrderedDict()}
[0.000165] (bumperbot_controller) JobStarted: {'identifier': 'bumperbot_controller'}
[0.007768] (bumperbot_cpp_examples) JobStarted: {'identifier': 'bumperbot_cpp_examples'}
[0.013205] (bumperbot_description) JobStarted: {'identifier': 'bumperbot_description'}
[0.020025] (bumperbot_py_examples) JobStarted: {'identifier': 'bumperbot_py_examples'}
[0.039303] (bumperbot_controller) JobProgress: {'identifier': 'bumperbot_controller', 'progress': 'cmake'}
[0.047223] (bumperbot_controller) JobProgress: {'identifier': 'bumperbot_controller', 'progress': 'build'}
[0.047921] (bumperbot_controller) Command: {'cmd': ['/usr/bin/cmake', '--build', '/home/eeiww/ud90uhak/bumperbot_ws/src/build/bumperbot_controller', '--', '-j8', '-l8'], 'cwd': '/home/eeiww/ud90uhak/bumperbot_ws/src/build/bumperbot_controller', 'env': OrderedDict({'LANGUAGE': 'en_US:', 'USER': 'ud90uhak', 'LC_TIME': 'de_DE.UTF-8', 'XDG_SESSION_TYPE': 'x11', 'LAMMPS_POTENTIALS': 'share/lammps/potentials', 'SHLVL': '1', 'LD_LIBRARY_PATH': '/opt/ros/jazzy/opt/rviz_ogre_vendor/lib:/opt/ros/jazzy/lib/x86_64-linux-gnu:/opt/ros/jazzy/opt/gz_math_vendor/lib:/opt/ros/jazzy/opt/gz_utils_vendor/lib:/opt/ros/jazzy/opt/gz_cmake_vendor/lib:/opt/ros/jazzy/lib', 'HOME': '/home/eeiww/ud90uhak', 'OLDPWD': '/home/eeiww/ud90uhak', 'DESKTOP_SESSION': 'ubuntu', 'ROS_PYTHON_VERSION': '3', 'GNOME_SHELL_SESSION_MODE': 'ubuntu', 'GTK_MODULES': 'gail:atk-bridge', 'LC_MONETARY': 'de_DE.UTF-8', 'LM_PROJECT': 'iwe0', 'SYSTEMD_EXEC_PID': '50815', 'GSM_SKIP_SSH_AGENT_WORKAROUND': 'true', 'DBUS_SESSION_BUS_ADDRESS': 'unix:path=/run/user/439630/bus', 'COLORTERM': 'truecolor', 'DEBUGINFOD_URLS': 'https://debuginfod.ubuntu.com', 'IM_CONFIG_PHASE': '1', 'ROS_DISTRO': 'jazzy', 'LOGNAME': 'ud90uhak', '_': '/usr/bin/colcon', 'ROS_VERSION': '2', 'MEMORY_PRESSURE_WATCH': '/sys/fs/cgroup/user.slice/user-439630.slice/user@439630.service/session.slice/org.gnome.Shell@x11.service/memory.pressure', 'XDG_SESSION_CLASS': 'user', 'USERNAME': 'ud90uhak', 'TERM': 'xterm-256color', 'GNOME_DESKTOP_SESSION_ID': 'this-is-deprecated', 'WINDOWPATH': '2', 'PATH': '/opt/ros/jazzy/bin:/usr/local/sbin:/usr/local/bin:/usr/sbin:/usr/bin:/sbin:/bin:/usr/games:/usr/local/games:/snap/bin:/snap/bin', 'SESSION_MANAGER': 'local/cip115-42:@/tmp/.ICE-unix/50800,unix/cip115-42:/tmp/.ICE-unix/50800', 'XDG_MENU_PREFIX': 'gnome-', 'LC_ADDRESS': 'de_DE.UTF-8', 'GNOME_TERMINAL_SCREEN': '/org/gnome/Terminal/screen/3599117b_375a_4b03_97b9_30e276fb48e6', 'XDG_RUNTIME_DIR': '/run/user/439630', 'DISPLAY': ':1', 'LANG': 'en_US.UTF-8', 'XDG_CURRENT_DESKTOP': 'ubuntu:GNOME', 'LC_TELEPHONE': 'de_DE.UTF-8', 'XMODIFIERS': '@im=ibus', 'XDG_SESSION_DESKTOP': 'ubuntu', 'XAUTHORITY': '/run/user/439630/gdm/Xauthority', 'GNOME_TERMINAL_SERVICE': ':1.120', 'SSH_AUTH_SOCK': '/run/user/439630/gnupg/S.gpg-agent.ssh', 'AMENT_PREFIX_PATH': '/opt/ros/jazzy', 'SHELL': '/bin/bash', 'LC_NAME': 'de_DE.UTF-8', 'KRB5CCNAME': 'FILE:/tmp/krb5cc_439630', 'QT_ACCESSIBILITY': '1', 'GDMSESSION': 'ubuntu', 'LC_MEASUREMENT': 'de_DE.UTF-8', 'GPG_AGENT_INFO': '/run/user/439630/gnupg/S.gpg-agent:0:1', 'LC_IDENTIFICATION': 'de_DE.UTF-8', 'ROS_AUTOMATIC_DISCOVERY_RANGE': 'SUBNET', 'QT_IM_MODULE': 'ibus', 'PWD': '/home/eeiww/ud90uhak/bumperbot_ws/src/build/bumperbot_controller', 'XDG_CONFIG_DIRS': '/etc/xdg/xdg-ubuntu:/etc/xdg', 'XDG_DATA_DIRS': '/usr/share/ubuntu:/usr/share/gnome:/usr/local/share/:/usr/share/:/var/lib/snapd/desktop', 'QTWEBENGINE_DICTIONARIES_PATH': '/usr/share/hunspell-bdic/', 'PYTHONPATH': '/opt/ros/jazzy/lib/python3.12/site-packages', 'LC_NUMERIC': 'de_DE.UTF-8', 'MSI2LMP_LIBRARY': 'share/lammps/frc_files', 'LC_PAPER': 'de_DE.UTF-8', 'COLCON': '1', 'MEMORY_PRESSURE_WRITE': 'c29tZSAyMDAwMDAgMjAwMDAwMAA=', 'LS_OPTIONS': '-N --color=tty -T 0', 'VTE_VERSION': '7600', 'CMAKE_PREFIX_PATH': '/opt/ros/jazzy/opt/gz_math_vendor:/opt/ros/jazzy/opt/gz_utils_vendor:/opt/ros/jazzy/opt/gz_cmake_vendor:/opt/ros/jazzy'}), 'shell': False}
[0.052926] (bumperbot_cpp_examples) JobProgress: {'identifier': 'bumperbot_cpp_examples', 'progress': 'cmake'}
[0.058828] (bumperbot_cpp_examples) JobProgress: {'identifier': 'bumperbot_cpp_examples', 'progress': 'build'}
[0.059204] (bumperbot_cpp_examples) Command: {'cmd': ['/usr/bin/cmake', '--build', '/home/eeiww/ud90uhak/bumperbot_ws/src/build/bumperbot_cpp_examples', '--', '-j8', '-l8'], 'cwd': '/home/eeiww/ud90uhak/bumperbot_ws/src/build/bumperbot_cpp_examples', 'env': OrderedDict({'LANGUAGE': 'en_US:', 'USER': 'ud90uhak', 'LC_TIME': 'de_DE.UTF-8', 'XDG_SESSION_TYPE': 'x11', 'LAMMPS_POTENTIALS': 'share/lammps/potentials', 'SHLVL': '1', 'LD_LIBRARY_PATH': '/opt/ros/jazzy/opt/rviz_ogre_vendor/lib:/opt/ros/jazzy/lib/x86_64-linux-gnu:/opt/ros/jazzy/opt/gz_math_vendor/lib:/opt/ros/jazzy/opt/gz_utils_vendor/lib:/opt/ros/jazzy/opt/gz_cmake_vendor/lib:/opt/ros/jazzy/lib', 'HOME': '/home/eeiww/ud90uhak', 'OLDPWD': '/home/eeiww/ud90uhak', 'DESKTOP_SESSION': 'ubuntu', 'ROS_PYTHON_VERSION': '3', 'GNOME_SHELL_SESSION_MODE': 'ubuntu', 'GTK_MODULES': 'gail:atk-bridge', 'LC_MONETARY': 'de_DE.UTF-8', 'LM_PROJECT': 'iwe0', 'SYSTEMD_EXEC_PID': '50815', 'GSM_SKIP_SSH_AGENT_WORKAROUND': 'true', 'DBUS_SESSION_BUS_ADDRESS': 'unix:path=/run/user/439630/bus', 'COLORTERM': 'truecolor', 'DEBUGINFOD_URLS': 'https://debuginfod.ubuntu.com', 'IM_CONFIG_PHASE': '1', 'ROS_DISTRO': 'jazzy', 'LOGNAME': 'ud90uhak', '_': '/usr/bin/colcon', 'ROS_VERSION': '2', 'MEMORY_PRESSURE_WATCH': '/sys/fs/cgroup/user.slice/user-439630.slice/user@439630.service/session.slice/org.gnome.Shell@x11.service/memory.pressure', 'XDG_SESSION_CLASS': 'user', 'USERNAME': 'ud90uhak', 'TERM': 'xterm-256color', 'GNOME_DESKTOP_SESSION_ID': 'this-is-deprecated', 'WINDOWPATH': '2', 'PATH': '/opt/ros/jazzy/bin:/usr/local/sbin:/usr/local/bin:/usr/sbin:/usr/bin:/sbin:/bin:/usr/games:/usr/local/games:/snap/bin:/snap/bin', 'SESSION_MANAGER': 'local/cip115-42:@/tmp/.ICE-unix/50800,unix/cip115-42:/tmp/.ICE-unix/50800', 'XDG_MENU_PREFIX': 'gnome-', 'LC_ADDRESS': 'de_DE.UTF-8', 'GNOME_TERMINAL_SCREEN': '/org/gnome/Terminal/screen/3599117b_375a_4b03_97b9_30e276fb48e6', 'XDG_RUNTIME_DIR': '/run/user/439630', 'DISPLAY': ':1', 'LANG': 'en_US.UTF-8', 'XDG_CURRENT_DESKTOP': 'ubuntu:GNOME', 'LC_TELEPHONE': 'de_DE.UTF-8', 'XMODIFIERS': '@im=ibus', 'XDG_SESSION_DESKTOP': 'ubuntu', 'XAUTHORITY': '/run/user/439630/gdm/Xauthority', 'GNOME_TERMINAL_SERVICE': ':1.120', 'SSH_AUTH_SOCK': '/run/user/439630/gnupg/S.gpg-agent.ssh', 'AMENT_PREFIX_PATH': '/opt/ros/jazzy', 'SHELL': '/bin/bash', 'LC_NAME': 'de_DE.UTF-8', 'KRB5CCNAME': 'FILE:/tmp/krb5cc_439630', 'QT_ACCESSIBILITY': '1', 'GDMSESSION': 'ubuntu', 'LC_MEASUREMENT': 'de_DE.UTF-8', 'GPG_AGENT_INFO': '/run/user/439630/gnupg/S.gpg-agent:0:1', 'LC_IDENTIFICATION': 'de_DE.UTF-8', 'ROS_AUTOMATIC_DISCOVERY_RANGE': 'SUBNET', 'QT_IM_MODULE': 'ibus', 'PWD': '/home/eeiww/ud90uhak/bumperbot_ws/src/build/bumperbot_cpp_examples', 'XDG_CONFIG_DIRS': '/etc/xdg/xdg-ubuntu:/etc/xdg', 'XDG_DATA_DIRS': '/usr/share/ubuntu:/usr/share/gnome:/usr/local/share/:/usr/share/:/var/lib/snapd/desktop', 'QTWEBENGINE_DICTIONARIES_PATH': '/usr/share/hunspell-bdic/', 'PYTHONPATH': '/opt/ros/jazzy/lib/python3.12/site-packages', 'LC_NUMERIC': 'de_DE.UTF-8', 'MSI2LMP_LIBRARY': 'share/lammps/frc_files', 'LC_PAPER': 'de_DE.UTF-8', 'COLCON': '1', 'MEMORY_PRESSURE_WRITE': 'c29tZSAyMDAwMDAgMjAwMDAwMAA=', 'LS_OPTIONS': '-N --color=tty -T 0', 'VTE_VERSION': '7600', 'CMAKE_PREFIX_PATH': '/opt/ros/jazzy/opt/gz_math_vendor:/opt/ros/jazzy/opt/gz_utils_vendor:/opt/ros/jazzy/opt/gz_cmake_vendor:/opt/ros/jazzy'}), 'shell': False}
[0.063888] (bumperbot_description) JobProgress: {'identifier': 'bumperbot_description', 'progress': 'cmake'}
[0.071350] (bumperbot_description) JobProgress: {'identifier': 'bumperbot_description', 'progress': 'build'}
[0.071829] (bumperbot_description) Command: {'cmd': ['/usr/bin/cmake', '--build', '/home/eeiww/ud90uhak/bumperbot_ws/src/build/bumperbot_description', '--', '-j8', '-l8'], 'cwd': '/home/eeiww/ud90uhak/bumperbot_ws/src/build/bumperbot_description', 'env': OrderedDict({'LANGUAGE': 'en_US:', 'USER': 'ud90uhak', 'LC_TIME': 'de_DE.UTF-8', 'XDG_SESSION_TYPE': 'x11', 'LAMMPS_POTENTIALS': 'share/lammps/potentials', 'SHLVL': '1', 'LD_LIBRARY_PATH': '/opt/ros/jazzy/opt/rviz_ogre_vendor/lib:/opt/ros/jazzy/lib/x86_64-linux-gnu:/opt/ros/jazzy/opt/gz_math_vendor/lib:/opt/ros/jazzy/opt/gz_utils_vendor/lib:/opt/ros/jazzy/opt/gz_cmake_vendor/lib:/opt/ros/jazzy/lib', 'HOME': '/home/eeiww/ud90uhak', 'OLDPWD': '/home/eeiww/ud90uhak', 'DESKTOP_SESSION': 'ubuntu', 'ROS_PYTHON_VERSION': '3', 'GNOME_SHELL_SESSION_MODE': 'ubuntu', 'GTK_MODULES': 'gail:atk-bridge', 'LC_MONETARY': 'de_DE.UTF-8', 'LM_PROJECT': 'iwe0', 'SYSTEMD_EXEC_PID': '50815', 'GSM_SKIP_SSH_AGENT_WORKAROUND': 'true', 'DBUS_SESSION_BUS_ADDRESS': 'unix:path=/run/user/439630/bus', 'COLORTERM': 'truecolor', 'DEBUGINFOD_URLS': 'https://debuginfod.ubuntu.com', 'IM_CONFIG_PHASE': '1', 'ROS_DISTRO': 'jazzy', 'LOGNAME': 'ud90uhak', '_': '/usr/bin/colcon', 'ROS_VERSION': '2', 'MEMORY_PRESSURE_WATCH': '/sys/fs/cgroup/user.slice/user-439630.slice/user@439630.service/session.slice/org.gnome.Shell@x11.service/memory.pressure', 'XDG_SESSION_CLASS': 'user', 'USERNAME': 'ud90uhak', 'TERM': 'xterm-256color', 'GNOME_DESKTOP_SESSION_ID': 'this-is-deprecated', 'WINDOWPATH': '2', 'PATH': '/opt/ros/jazzy/bin:/usr/local/sbin:/usr/local/bin:/usr/sbin:/usr/bin:/sbin:/bin:/usr/games:/usr/local/games:/snap/bin:/snap/bin', 'SESSION_MANAGER': 'local/cip115-42:@/tmp/.ICE-unix/50800,unix/cip115-42:/tmp/.ICE-unix/50800', 'XDG_MENU_PREFIX': 'gnome-', 'LC_ADDRESS': 'de_DE.UTF-8', 'GNOME_TERMINAL_SCREEN': '/org/gnome/Terminal/screen/3599117b_375a_4b03_97b9_30e276fb48e6', 'XDG_RUNTIME_DIR': '/run/user/439630', 'DISPLAY': ':1', 'LANG': 'en_US.UTF-8', 'XDG_CURRENT_DESKTOP': 'ubuntu:GNOME', 'LC_TELEPHONE': 'de_DE.UTF-8', 'XMODIFIERS': '@im=ibus', 'XDG_SESSION_DESKTOP': 'ubuntu', 'XAUTHORITY': '/run/user/439630/gdm/Xauthority', 'GNOME_TERMINAL_SERVICE': ':1.120', 'SSH_AUTH_SOCK': '/run/user/439630/gnupg/S.gpg-agent.ssh', 'AMENT_PREFIX_PATH': '/opt/ros/jazzy', 'SHELL': '/bin/bash', 'LC_NAME': 'de_DE.UTF-8', 'KRB5CCNAME': 'FILE:/tmp/krb5cc_439630', 'QT_ACCESSIBILITY': '1', 'GDMSESSION': 'ubuntu', 'LC_MEASUREMENT': 'de_DE.UTF-8', 'GPG_AGENT_INFO': '/run/user/439630/gnupg/S.gpg-agent:0:1', 'LC_IDENTIFICATION': 'de_DE.UTF-8', 'ROS_AUTOMATIC_DISCOVERY_RANGE': 'SUBNET', 'QT_IM_MODULE': 'ibus', 'PWD': '/home/eeiww/ud90uhak/bumperbot_ws/src/build/bumperbot_description', 'XDG_CONFIG_DIRS': '/etc/xdg/xdg-ubuntu:/etc/xdg', 'XDG_DATA_DIRS': '/usr/share/ubuntu:/usr/share/gnome:/usr/local/share/:/usr/share/:/var/lib/snapd/desktop', 'QTWEBENGINE_DICTIONARIES_PATH': '/usr/share/hunspell-bdic/', 'PYTHONPATH': '/opt/ros/jazzy/lib/python3.12/site-packages', 'LC_NUMERIC': 'de_DE.UTF-8', 'MSI2LMP_LIBRARY': 'share/lammps/frc_files', 'LC_PAPER': 'de_DE.UTF-8', 'COLCON': '1', 'MEMORY_PRESSURE_WRITE': 'c29tZSAyMDAwMDAgMjAwMDAwMAA=', 'LS_OPTIONS': '-N --color=tty -T 0', 'VTE_VERSION': '7600', 'CMAKE_PREFIX_PATH': '/opt/ros/jazzy/opt/gz_math_vendor:/opt/ros/jazzy/opt/gz_utils_vendor:/opt/ros/jazzy/opt/gz_cmake_vendor:/opt/ros/jazzy'}), 'shell': False}
[0.099417] (-) TimerEvent: {}
[0.112767] (bumperbot_controller) StdoutLine: {'line': b'-- Found ament_cmake: 2.5.3 (/opt/ros/jazzy/share/ament_cmake/cmake)\n'}
[0.199522] (-) TimerEvent: {}
[0.299729] (-) TimerEvent: {}
[0.322613] (bumperbot_controller) StdoutLine: {'line': b'-- Found rclcpp: 28.1.6 (/opt/ros/jazzy/share/rclcpp/cmake)\n'}
[0.344158] (bumperbot_cpp_examples) CommandEnded: {'returncode': 0}
[0.349180] (bumperbot_cpp_examples) JobProgress: {'identifier': 'bumperbot_cpp_examples', 'progress': 'install'}
[0.356360] (bumperbot_cpp_examples) Command: {'cmd': ['/usr/bin/cmake', '--install', '/home/eeiww/ud90uhak/bumperbot_ws/src/build/bumperbot_cpp_examples'], 'cwd': '/home/eeiww/ud90uhak/bumperbot_ws/src/build/bumperbot_cpp_examples', 'env': OrderedDict({'LANGUAGE': 'en_US:', 'USER': 'ud90uhak', 'LC_TIME': 'de_DE.UTF-8', 'XDG_SESSION_TYPE': 'x11', 'LAMMPS_POTENTIALS': 'share/lammps/potentials', 'SHLVL': '1', 'LD_LIBRARY_PATH': '/opt/ros/jazzy/opt/rviz_ogre_vendor/lib:/opt/ros/jazzy/lib/x86_64-linux-gnu:/opt/ros/jazzy/opt/gz_math_vendor/lib:/opt/ros/jazzy/opt/gz_utils_vendor/lib:/opt/ros/jazzy/opt/gz_cmake_vendor/lib:/opt/ros/jazzy/lib', 'HOME': '/home/eeiww/ud90uhak', 'OLDPWD': '/home/eeiww/ud90uhak', 'DESKTOP_SESSION': 'ubuntu', 'ROS_PYTHON_VERSION': '3', 'GNOME_SHELL_SESSION_MODE': 'ubuntu', 'GTK_MODULES': 'gail:atk-bridge', 'LC_MONETARY': 'de_DE.UTF-8', 'LM_PROJECT': 'iwe0', 'SYSTEMD_EXEC_PID': '50815', 'GSM_SKIP_SSH_AGENT_WORKAROUND': 'true', 'DBUS_SESSION_BUS_ADDRESS': 'unix:path=/run/user/439630/bus', 'COLORTERM': 'truecolor', 'DEBUGINFOD_URLS': 'https://debuginfod.ubuntu.com', 'IM_CONFIG_PHASE': '1', 'ROS_DISTRO': 'jazzy', 'LOGNAME': 'ud90uhak', '_': '/usr/bin/colcon', 'ROS_VERSION': '2', 'MEMORY_PRESSURE_WATCH': '/sys/fs/cgroup/user.slice/user-439630.slice/user@439630.service/session.slice/org.gnome.Shell@x11.service/memory.pressure', 'XDG_SESSION_CLASS': 'user', 'USERNAME': 'ud90uhak', 'TERM': 'xterm-256color', 'GNOME_DESKTOP_SESSION_ID': 'this-is-deprecated', 'WINDOWPATH': '2', 'PATH': '/opt/ros/jazzy/bin:/usr/local/sbin:/usr/local/bin:/usr/sbin:/usr/bin:/sbin:/bin:/usr/games:/usr/local/games:/snap/bin:/snap/bin', 'SESSION_MANAGER': 'local/cip115-42:@/tmp/.ICE-unix/50800,unix/cip115-42:/tmp/.ICE-unix/50800', 'XDG_MENU_PREFIX': 'gnome-', 'LC_ADDRESS': 'de_DE.UTF-8', 'GNOME_TERMINAL_SCREEN': '/org/gnome/Terminal/screen/3599117b_375a_4b03_97b9_30e276fb48e6', 'XDG_RUNTIME_DIR': '/run/user/439630', 'DISPLAY': ':1', 'LANG': 'en_US.UTF-8', 'XDG_CURRENT_DESKTOP': 'ubuntu:GNOME', 'LC_TELEPHONE': 'de_DE.UTF-8', 'XMODIFIERS': '@im=ibus', 'XDG_SESSION_DESKTOP': 'ubuntu', 'XAUTHORITY': '/run/user/439630/gdm/Xauthority', 'GNOME_TERMINAL_SERVICE': ':1.120', 'SSH_AUTH_SOCK': '/run/user/439630/gnupg/S.gpg-agent.ssh', 'AMENT_PREFIX_PATH': '/opt/ros/jazzy', 'SHELL': '/bin/bash', 'LC_NAME': 'de_DE.UTF-8', 'KRB5CCNAME': 'FILE:/tmp/krb5cc_439630', 'QT_ACCESSIBILITY': '1', 'GDMSESSION': 'ubuntu', 'LC_MEASUREMENT': 'de_DE.UTF-8', 'GPG_AGENT_INFO': '/run/user/439630/gnupg/S.gpg-agent:0:1', 'LC_IDENTIFICATION': 'de_DE.UTF-8', 'ROS_AUTOMATIC_DISCOVERY_RANGE': 'SUBNET', 'QT_IM_MODULE': 'ibus', 'PWD': '/home/eeiww/ud90uhak/bumperbot_ws/src/build/bumperbot_cpp_examples', 'XDG_CONFIG_DIRS': '/etc/xdg/xdg-ubuntu:/etc/xdg', 'XDG_DATA_DIRS': '/usr/share/ubuntu:/usr/share/gnome:/usr/local/share/:/usr/share/:/var/lib/snapd/desktop', 'QTWEBENGINE_DICTIONARIES_PATH': '/usr/share/hunspell-bdic/', 'PYTHONPATH': '/opt/ros/jazzy/lib/python3.12/site-packages', 'LC_NUMERIC': 'de_DE.UTF-8', 'MSI2LMP_LIBRARY': 'share/lammps/frc_files', 'LC_PAPER': 'de_DE.UTF-8', 'COLCON': '1', 'MEMORY_PRESSURE_WRITE': 'c29tZSAyMDAwMDAgMjAwMDAwMAA=', 'LS_OPTIONS': '-N --color=tty -T 0', 'VTE_VERSION': '7600', 'CMAKE_PREFIX_PATH': '/opt/ros/jazzy/opt/gz_math_vendor:/opt/ros/jazzy/opt/gz_utils_vendor:/opt/ros/jazzy/opt/gz_cmake_vendor:/opt/ros/jazzy'}), 'shell': False}
[0.356958] (bumperbot_controller) StdoutLine: {'line': b'-- Found rosidl_generator_c: 4.6.5 (/opt/ros/jazzy/share/rosidl_generator_c/cmake)\n'}
[0.357468] (bumperbot_description) CommandEnded: {'returncode': 0}
[0.361280] (bumperbot_description) JobProgress: {'identifier': 'bumperbot_description', 'progress': 'install'}
[0.361825] (bumperbot_description) Command: {'cmd': ['/usr/bin/cmake', '--install', '/home/eeiww/ud90uhak/bumperbot_ws/src/build/bumperbot_description'], 'cwd': '/home/eeiww/ud90uhak/bumperbot_ws/src/build/bumperbot_description', 'env': OrderedDict({'LANGUAGE': 'en_US:', 'USER': 'ud90uhak', 'LC_TIME': 'de_DE.UTF-8', 'XDG_SESSION_TYPE': 'x11', 'LAMMPS_POTENTIALS': 'share/lammps/potentials', 'SHLVL': '1', 'LD_LIBRARY_PATH': '/opt/ros/jazzy/opt/rviz_ogre_vendor/lib:/opt/ros/jazzy/lib/x86_64-linux-gnu:/opt/ros/jazzy/opt/gz_math_vendor/lib:/opt/ros/jazzy/opt/gz_utils_vendor/lib:/opt/ros/jazzy/opt/gz_cmake_vendor/lib:/opt/ros/jazzy/lib', 'HOME': '/home/eeiww/ud90uhak', 'OLDPWD': '/home/eeiww/ud90uhak', 'DESKTOP_SESSION': 'ubuntu', 'ROS_PYTHON_VERSION': '3', 'GNOME_SHELL_SESSION_MODE': 'ubuntu', 'GTK_MODULES': 'gail:atk-bridge', 'LC_MONETARY': 'de_DE.UTF-8', 'LM_PROJECT': 'iwe0', 'SYSTEMD_EXEC_PID': '50815', 'GSM_SKIP_SSH_AGENT_WORKAROUND': 'true', 'DBUS_SESSION_BUS_ADDRESS': 'unix:path=/run/user/439630/bus', 'COLORTERM': 'truecolor', 'DEBUGINFOD_URLS': 'https://debuginfod.ubuntu.com', 'IM_CONFIG_PHASE': '1', 'ROS_DISTRO': 'jazzy', 'LOGNAME': 'ud90uhak', '_': '/usr/bin/colcon', 'ROS_VERSION': '2', 'MEMORY_PRESSURE_WATCH': '/sys/fs/cgroup/user.slice/user-439630.slice/user@439630.service/session.slice/org.gnome.Shell@x11.service/memory.pressure', 'XDG_SESSION_CLASS': 'user', 'USERNAME': 'ud90uhak', 'TERM': 'xterm-256color', 'GNOME_DESKTOP_SESSION_ID': 'this-is-deprecated', 'WINDOWPATH': '2', 'PATH': '/opt/ros/jazzy/bin:/usr/local/sbin:/usr/local/bin:/usr/sbin:/usr/bin:/sbin:/bin:/usr/games:/usr/local/games:/snap/bin:/snap/bin', 'SESSION_MANAGER': 'local/cip115-42:@/tmp/.ICE-unix/50800,unix/cip115-42:/tmp/.ICE-unix/50800', 'XDG_MENU_PREFIX': 'gnome-', 'LC_ADDRESS': 'de_DE.UTF-8', 'GNOME_TERMINAL_SCREEN': '/org/gnome/Terminal/screen/3599117b_375a_4b03_97b9_30e276fb48e6', 'XDG_RUNTIME_DIR': '/run/user/439630', 'DISPLAY': ':1', 'LANG': 'en_US.UTF-8', 'XDG_CURRENT_DESKTOP': 'ubuntu:GNOME', 'LC_TELEPHONE': 'de_DE.UTF-8', 'XMODIFIERS': '@im=ibus', 'XDG_SESSION_DESKTOP': 'ubuntu', 'XAUTHORITY': '/run/user/439630/gdm/Xauthority', 'GNOME_TERMINAL_SERVICE': ':1.120', 'SSH_AUTH_SOCK': '/run/user/439630/gnupg/S.gpg-agent.ssh', 'AMENT_PREFIX_PATH': '/opt/ros/jazzy', 'SHELL': '/bin/bash', 'LC_NAME': 'de_DE.UTF-8', 'KRB5CCNAME': 'FILE:/tmp/krb5cc_439630', 'QT_ACCESSIBILITY': '1', 'GDMSESSION': 'ubuntu', 'LC_MEASUREMENT': 'de_DE.UTF-8', 'GPG_AGENT_INFO': '/run/user/439630/gnupg/S.gpg-agent:0:1', 'LC_IDENTIFICATION': 'de_DE.UTF-8', 'ROS_AUTOMATIC_DISCOVERY_RANGE': 'SUBNET', 'QT_IM_MODULE': 'ibus', 'PWD': '/home/eeiww/ud90uhak/bumperbot_ws/src/build/bumperbot_description', 'XDG_CONFIG_DIRS': '/etc/xdg/xdg-ubuntu:/etc/xdg', 'XDG_DATA_DIRS': '/usr/share/ubuntu:/usr/share/gnome:/usr/local/share/:/usr/share/:/var/lib/snapd/desktop', 'QTWEBENGINE_DICTIONARIES_PATH': '/usr/share/hunspell-bdic/', 'PYTHONPATH': '/opt/ros/jazzy/lib/python3.12/site-packages', 'LC_NUMERIC': 'de_DE.UTF-8', 'MSI2LMP_LIBRARY': 'share/lammps/frc_files', 'LC_PAPER': 'de_DE.UTF-8', 'COLCON': '1', 'MEMORY_PRESSURE_WRITE': 'c29tZSAyMDAwMDAgMjAwMDAwMAA=', 'LS_OPTIONS': '-N --color=tty -T 0', 'VTE_VERSION': '7600', 'CMAKE_PREFIX_PATH': '/opt/ros/jazzy/opt/gz_math_vendor:/opt/ros/jazzy/opt/gz_utils_vendor:/opt/ros/jazzy/opt/gz_cmake_vendor:/opt/ros/jazzy'}), 'shell': False}
[0.365261] (bumperbot_cpp_examples) StdoutLine: {'line': b'-- Install configuration: ""\n'}
[0.367788] (bumperbot_controller) StdoutLine: {'line': b'-- Found rosidl_generator_cpp: 4.6.5 (/opt/ros/jazzy/share/rosidl_generator_cpp/cmake)\n'}
[0.368058] (bumperbot_cpp_examples) StdoutLine: {'line': b'-- Up-to-date: /home/eeiww/ud90uhak/bumperbot_ws/src/install/bumperbot_cpp_examples/share/ament_index/resource_index/package_run_dependencies/bumperbot_cpp_examples\n'}
[0.369607] (bumperbot_cpp_examples) StdoutLine: {'line': b'-- Up-to-date: /home/eeiww/ud90uhak/bumperbot_ws/src/install/bumperbot_cpp_examples/share/ament_index/resource_index/parent_prefix_path/bumperbot_cpp_examples\n'}
[0.370276] (bumperbot_description) StdoutLine: {'line': b'-- Install configuration: ""\n'}
[0.370959] (bumperbot_cpp_examples) StdoutLine: {'line': b'-- Up-to-date: /home/eeiww/ud90uhak/bumperbot_ws/src/install/bumperbot_cpp_examples/share/bumperbot_cpp_examples/environment/ament_prefix_path.sh\n'}
[0.372371] (bumperbot_cpp_examples) StdoutLine: {'line': b'-- Up-to-date: /home/eeiww/ud90uhak/bumperbot_ws/src/install/bumperbot_cpp_examples/share/bumperbot_cpp_examples/environment/ament_prefix_path.dsv\n'}
[0.372625] (bumperbot_description) StdoutLine: {'line': b'-- Up-to-date: /home/eeiww/ud90uhak/bumperbot_ws/src/install/bumperbot_description/share/bumperbot_description/meshes\n'}
[0.373337] (bumperbot_cpp_examples) StdoutLine: {'line': b'-- Up-to-date: /home/eeiww/ud90uhak/bumperbot_ws/src/install/bumperbot_cpp_examples/share/bumperbot_cpp_examples/environment/path.sh\n'}
[0.374386] (bumperbot_cpp_examples) StdoutLine: {'line': b'-- Up-to-date: /home/eeiww/ud90uhak/bumperbot_ws/src/install/bumperbot_cpp_examples/share/bumperbot_cpp_examples/environment/path.dsv\n'}
[0.374898] (bumperbot_description) StdoutLine: {'line': b'-- Up-to-date: /home/eeiww/ud90uhak/bumperbot_ws/src/install/bumperbot_description/share/bumperbot_description/meshes/base_link.STL\n'}
[0.375529] (bumperbot_cpp_examples) StdoutLine: {'line': b'-- Up-to-date: /home/eeiww/ud90uhak/bumperbot_ws/src/install/bumperbot_cpp_examples/share/bumperbot_cpp_examples/local_setup.bash\n'}
[0.376502] (bumperbot_description) StdoutLine: {'line': b'-- Up-to-date: /home/eeiww/ud90uhak/bumperbot_ws/src/install/bumperbot_description/share/bumperbot_description/meshes/wheel_left_link.STL\n'}
[0.377040] (bumperbot_cpp_examples) StdoutLine: {'line': b'-- Up-to-date: /home/eeiww/ud90uhak/bumperbot_ws/src/install/bumperbot_cpp_examples/share/bumperbot_cpp_examples/local_setup.sh\n'}
[0.377921] (bumperbot_description) StdoutLine: {'line': b'-- Up-to-date: /home/eeiww/ud90uhak/bumperbot_ws/src/install/bumperbot_description/share/bumperbot_description/meshes/caster_front_link.STL\n'}
[0.378153] (bumperbot_cpp_examples) StdoutLine: {'line': b'-- Up-to-date: /home/eeiww/ud90uhak/bumperbot_ws/src/install/bumperbot_cpp_examples/share/bumperbot_cpp_examples/local_setup.zsh\n'}
[0.379333] (bumperbot_cpp_examples) StdoutLine: {'line': b'-- Up-to-date: /home/eeiww/ud90uhak/bumperbot_ws/src/install/bumperbot_cpp_examples/share/bumperbot_cpp_examples/local_setup.dsv\n'}
[0.379571] (bumperbot_description) StdoutLine: {'line': b'-- Up-to-date: /home/eeiww/ud90uhak/bumperbot_ws/src/install/bumperbot_description/share/bumperbot_description/meshes/imu_link.STL\n'}
[0.380511] (bumperbot_cpp_examples) StdoutLine: {'line': b'-- Installing: /home/eeiww/ud90uhak/bumperbot_ws/src/install/bumperbot_cpp_examples/share/bumperbot_cpp_examples/package.dsv\n'}
[0.381585] (bumperbot_description) StdoutLine: {'line': b'-- Up-to-date: /home/eeiww/ud90uhak/bumperbot_ws/src/install/bumperbot_description/share/bumperbot_description/meshes/caster_rear_link.STL\n'}
[0.382502] (bumperbot_description) StdoutLine: {'line': b'-- Up-to-date: /home/eeiww/ud90uhak/bumperbot_ws/src/install/bumperbot_description/share/bumperbot_description/meshes/wheel_right_link.STL\n'}
[0.383536] (bumperbot_controller) StdoutLine: {'line': b'-- Using all available rosidl_typesupport_c: rosidl_typesupport_fastrtps_c;rosidl_typesupport_introspection_c\n'}
[0.383734] (bumperbot_description) StdoutLine: {'line': b'-- Up-to-date: /home/eeiww/ud90uhak/bumperbot_ws/src/install/bumperbot_description/share/bumperbot_description/urdf\n'}
[0.385915] (bumperbot_description) StdoutLine: {'line': b'-- Up-to-date: /home/eeiww/ud90uhak/bumperbot_ws/src/install/bumperbot_description/share/bumperbot_description/urdf/bumperbot_ros2_control.xacro\n'}
[0.387395] (bumperbot_description) StdoutLine: {'line': b'-- Up-to-date: /home/eeiww/ud90uhak/bumperbot_ws/src/install/bumperbot_description/share/bumperbot_description/urdf/bumperbot_gazebo.xacro\n'}
[0.387947] (bumperbot_cpp_examples) StdoutLine: {'line': b'-- Up-to-date: /home/eeiww/ud90uhak/bumperbot_ws/src/install/bumperbot_cpp_examples/share/ament_index/resource_index/packages/bumperbot_cpp_examples\n'}
[0.388906] (bumperbot_description) StdoutLine: {'line': b'-- Up-to-date: /home/eeiww/ud90uhak/bumperbot_ws/src/install/bumperbot_description/share/bumperbot_description/urdf/bumperbot.urdf.xacro\n'}
[0.389474] (bumperbot_cpp_examples) StdoutLine: {'line': b'-- Up-to-date: /home/eeiww/ud90uhak/bumperbot_ws/src/install/bumperbot_cpp_examples/share/bumperbot_cpp_examples/cmake/bumperbot_cpp_examplesConfig.cmake\n'}
[0.389940] (bumperbot_description) StdoutLine: {'line': b'-- Up-to-date: /home/eeiww/ud90uhak/bumperbot_ws/src/install/bumperbot_description/share/bumperbot_description/launch\n'}
[0.390469] (bumperbot_cpp_examples) StdoutLine: {'line': b'-- Up-to-date: /home/eeiww/ud90uhak/bumperbot_ws/src/install/bumperbot_cpp_examples/share/bumperbot_cpp_examples/cmake/bumperbot_cpp_examplesConfig-version.cmake\n'}
[0.391873] (bumperbot_cpp_examples) StdoutLine: {'line': b'-- Up-to-date: /home/eeiww/ud90uhak/bumperbot_ws/src/install/bumperbot_cpp_examples/share/bumperbot_cpp_examples/package.xml\n'}
[0.392172] (bumperbot_description) StdoutLine: {'line': b'-- Up-to-date: /home/eeiww/ud90uhak/bumperbot_ws/src/install/bumperbot_description/share/bumperbot_description/launch/display.launch.py\n'}
[0.393828] (bumperbot_description) StdoutLine: {'line': b'-- Up-to-date: /home/eeiww/ud90uhak/bumperbot_ws/src/install/bumperbot_description/share/bumperbot_description/launch/gazebo.launch.py\n'}
[0.395040] (bumperbot_description) StdoutLine: {'line': b'-- Up-to-date: /home/eeiww/ud90uhak/bumperbot_ws/src/install/bumperbot_description/share/bumperbot_description/rviz\n'}
[0.396028] (bumperbot_cpp_examples) CommandEnded: {'returncode': 0}
[0.397316] (bumperbot_description) StdoutLine: {'line': b'-- Up-to-date: /home/eeiww/ud90uhak/bumperbot_ws/src/install/bumperbot_description/share/bumperbot_description/rviz/display.rviz\n'}
[0.399320] (bumperbot_description) StdoutLine: {'line': b'-- Up-to-date: /home/eeiww/ud90uhak/bumperbot_ws/src/install/bumperbot_description/share/ament_index/resource_index/package_run_dependencies/bumperbot_description\n'}
[0.399788] (-) TimerEvent: {}
[0.400959] (bumperbot_controller) StdoutLine: {'line': b'-- Using all available rosidl_typesupport_cpp: rosidl_typesupport_fastrtps_cpp;rosidl_typesupport_introspection_cpp\n'}
[0.401155] (bumperbot_description) StdoutLine: {'line': b'-- Up-to-date: /home/eeiww/ud90uhak/bumperbot_ws/src/install/bumperbot_description/share/ament_index/resource_index/parent_prefix_path/bumperbot_description\n'}
[0.402078] (bumperbot_description) StdoutLine: {'line': b'-- Up-to-date: /home/eeiww/ud90uhak/bumperbot_ws/src/install/bumperbot_description/share/bumperbot_description/environment/ament_prefix_path.sh\n'}
[0.404335] (bumperbot_description) StdoutLine: {'line': b'-- Up-to-date: /home/eeiww/ud90uhak/bumperbot_ws/src/install/bumperbot_description/share/bumperbot_description/environment/ament_prefix_path.dsv\n'}
[0.404885] (bumperbot_description) StdoutLine: {'line': b'-- Up-to-date: /home/eeiww/ud90uhak/bumperbot_ws/src/install/bumperbot_description/share/bumperbot_description/environment/path.sh\n'}
[0.405947] (bumperbot_description) StdoutLine: {'line': b'-- Up-to-date: /home/eeiww/ud90uhak/bumperbot_ws/src/install/bumperbot_description/share/bumperbot_description/environment/path.dsv\n'}
[0.407105] (bumperbot_description) StdoutLine: {'line': b'-- Up-to-date: /home/eeiww/ud90uhak/bumperbot_ws/src/install/bumperbot_description/share/bumperbot_description/local_setup.bash\n'}
[0.408187] (bumperbot_description) StdoutLine: {'line': b'-- Up-to-date: /home/eeiww/ud90uhak/bumperbot_ws/src/install/bumperbot_description/share/bumperbot_description/local_setup.sh\n'}
[0.409451] (bumperbot_description) StdoutLine: {'line': b'-- Up-to-date: /home/eeiww/ud90uhak/bumperbot_ws/src/install/bumperbot_description/share/bumperbot_description/local_setup.zsh\n'}
[0.410443] (bumperbot_description) StdoutLine: {'line': b'-- Up-to-date: /home/eeiww/ud90uhak/bumperbot_ws/src/install/bumperbot_description/share/bumperbot_description/local_setup.dsv\n'}
[0.411621] (bumperbot_description) StdoutLine: {'line': b'-- Installing: /home/eeiww/ud90uhak/bumperbot_ws/src/install/bumperbot_description/share/bumperbot_description/package.dsv\n'}
[0.419588] (bumperbot_description) StdoutLine: {'line': b'-- Up-to-date: /home/eeiww/ud90uhak/bumperbot_ws/src/install/bumperbot_description/share/ament_index/resource_index/packages/bumperbot_description\n'}
[0.420894] (bumperbot_description) StdoutLine: {'line': b'-- Up-to-date: /home/eeiww/ud90uhak/bumperbot_ws/src/install/bumperbot_description/share/bumperbot_description/cmake/bumperbot_descriptionConfig.cmake\n'}
[0.422315] (bumperbot_description) StdoutLine: {'line': b'-- Up-to-date: /home/eeiww/ud90uhak/bumperbot_ws/src/install/bumperbot_description/share/bumperbot_description/cmake/bumperbot_descriptionConfig-version.cmake\n'}
[0.423693] (bumperbot_description) StdoutLine: {'line': b'-- Up-to-date: /home/eeiww/ud90uhak/bumperbot_ws/src/install/bumperbot_description/share/bumperbot_description/package.xml\n'}
[0.469360] (bumperbot_cpp_examples) JobEnded: {'identifier': 'bumperbot_cpp_examples', 'rc': 0}
[0.473483] (bumperbot_description) CommandEnded: {'returncode': 0}
[0.473745] (bumperbot_controller) StdoutLine: {'line': b'-- Found rmw_implementation_cmake: 7.3.1 (/opt/ros/jazzy/share/rmw_implementation_cmake/cmake)\n'}
[0.476301] (bumperbot_controller) StdoutLine: {'line': b'-- Found rmw_fastrtps_cpp: 8.4.1 (/opt/ros/jazzy/share/rmw_fastrtps_cpp/cmake)\n'}
[0.499863] (-) TimerEvent: {}
[0.541883] (bumperbot_description) JobEnded: {'identifier': 'bumperbot_description', 'rc': 0}
[0.548170] (bumperbot_controller) StdoutLine: {'line': b"-- Using RMW implementation 'rmw_fastrtps_cpp' as default\n"}
[0.599967] (-) TimerEvent: {}
[0.612918] (bumperbot_controller) StdoutLine: {'line': b'-- Found rclpy: 7.1.3 (/opt/ros/jazzy/share/rclpy/cmake)\n'}
[0.613931] (bumperbot_controller) StdoutLine: {'line': b'-- Found geometry_msgs: 5.3.5 (/opt/ros/jazzy/share/geometry_msgs/cmake)\n'}
[0.700074] (-) TimerEvent: {}
[0.735768] (bumperbot_controller) StdoutLine: {'line': b'-- Found ament_lint_auto: 0.17.1 (/opt/ros/jazzy/share/ament_lint_auto/cmake)\n'}
[0.800182] (-) TimerEvent: {}
[0.872483] (bumperbot_controller) StdoutLine: {'line': b"-- Added test 'cppcheck' to perform static code analysis on C / C++ code\n"}
[0.872788] (bumperbot_controller) StdoutLine: {'line': b'-- Configured cppcheck include dirs: /home/eeiww/ud90uhak/bumperbot_ws/src/bumperbot_controller/include\n'}
[0.873301] (bumperbot_controller) StdoutLine: {'line': b'-- Configured cppcheck exclude dirs and/or files: \n'}
[0.876297] (bumperbot_controller) StdoutLine: {'line': b"-- Added test 'flake8' to check Python code syntax and style conventions\n"}
[0.876410] (bumperbot_controller) StdoutLine: {'line': b"-- Configured 'flake8' exclude dirs and/or files: \n"}
[0.882149] (bumperbot_controller) StdoutLine: {'line': b"-- Added test 'lint_cmake' to check CMake code style\n"}
[0.885453] (bumperbot_controller) StdoutLine: {'line': b"-- Added test 'pep257' to check Python code against some of the docstring style conventions in PEP 257\n"}
[0.900303] (-) TimerEvent: {}
[0.904742] (bumperbot_controller) StdoutLine: {'line': b"-- Added test 'uncrustify' to check C / C++ code style\n"}
[0.904895] (bumperbot_controller) StdoutLine: {'line': b'-- Configured uncrustify additional arguments: \n'}
[0.908090] (bumperbot_controller) StdoutLine: {'line': b"-- Added test 'xmllint' to check XML markup files\n"}
[0.922966] (bumperbot_controller) StdoutLine: {'line': b'-- Configuring done (0.8s)\n'}
[1.000390] (-) TimerEvent: {}
[1.095491] (bumperbot_controller) StdoutLine: {'line': b'-- Generating done (0.2s)\n'}
[1.100500] (-) TimerEvent: {}
[1.163544] (bumperbot_controller) StdoutLine: {'line': b'-- Build files have been written to: /home/eeiww/ud90uhak/bumperbot_ws/src/build/bumperbot_controller\n'}
[1.193427] (bumperbot_py_examples) Command: {'cmd': ['/usr/bin/python3', '-W', 'ignore:setup.py install is deprecated', '-W', 'ignore:easy_install command is deprecated', 'setup.py', 'egg_info', '--egg-base', '../build/bumperbot_py_examples', 'build', '--build-base', '/home/eeiww/ud90uhak/bumperbot_ws/src/build/bumperbot_py_examples/build', 'install', '--record', '/home/eeiww/ud90uhak/bumperbot_ws/src/build/bumperbot_py_examples/install.log', '--single-version-externally-managed', 'install_data'], 'cwd': '/home/eeiww/ud90uhak/bumperbot_ws/src/bumperbot_py_examples', 'env': {'LANGUAGE': 'en_US:', 'USER': 'ud90uhak', 'LC_TIME': 'de_DE.UTF-8', 'XDG_SESSION_TYPE': 'x11', 'LAMMPS_POTENTIALS': 'share/lammps/potentials', 'SHLVL': '1', 'LD_LIBRARY_PATH': '/opt/ros/jazzy/opt/rviz_ogre_vendor/lib:/opt/ros/jazzy/lib/x86_64-linux-gnu:/opt/ros/jazzy/opt/gz_math_vendor/lib:/opt/ros/jazzy/opt/gz_utils_vendor/lib:/opt/ros/jazzy/opt/gz_cmake_vendor/lib:/opt/ros/jazzy/lib', 'HOME': '/home/eeiww/ud90uhak', 'OLDPWD': '/home/eeiww/ud90uhak', 'DESKTOP_SESSION': 'ubuntu', 'ROS_PYTHON_VERSION': '3', 'GNOME_SHELL_SESSION_MODE': 'ubuntu', 'GTK_MODULES': 'gail:atk-bridge', 'LC_MONETARY': 'de_DE.UTF-8', 'LM_PROJECT': 'iwe0', 'SYSTEMD_EXEC_PID': '50815', 'GSM_SKIP_SSH_AGENT_WORKAROUND': 'true', 'DBUS_SESSION_BUS_ADDRESS': 'unix:path=/run/user/439630/bus', 'COLORTERM': 'truecolor', 'DEBUGINFOD_URLS': 'https://debuginfod.ubuntu.com', 'IM_CONFIG_PHASE': '1', 'ROS_DISTRO': 'jazzy', 'LOGNAME': 'ud90uhak', '_': '/usr/bin/colcon', 'ROS_VERSION': '2', 'MEMORY_PRESSURE_WATCH': '/sys/fs/cgroup/user.slice/user-439630.slice/user@439630.service/session.slice/org.gnome.Shell@x11.service/memory.pressure', 'XDG_SESSION_CLASS': 'user', 'USERNAME': 'ud90uhak', 'TERM': 'xterm-256color', 'GNOME_DESKTOP_SESSION_ID': 'this-is-deprecated', 'WINDOWPATH': '2', 'PATH': '/opt/ros/jazzy/bin:/usr/local/sbin:/usr/local/bin:/usr/sbin:/usr/bin:/sbin:/bin:/usr/games:/usr/local/games:/snap/bin:/snap/bin', 'SESSION_MANAGER': 'local/cip115-42:@/tmp/.ICE-unix/50800,unix/cip115-42:/tmp/.ICE-unix/50800', 'XDG_MENU_PREFIX': 'gnome-', 'LC_ADDRESS': 'de_DE.UTF-8', 'GNOME_TERMINAL_SCREEN': '/org/gnome/Terminal/screen/3599117b_375a_4b03_97b9_30e276fb48e6', 'XDG_RUNTIME_DIR': '/run/user/439630', 'DISPLAY': ':1', 'LANG': 'en_US.UTF-8', 'XDG_CURRENT_DESKTOP': 'ubuntu:GNOME', 'LC_TELEPHONE': 'de_DE.UTF-8', 'XMODIFIERS': '@im=ibus', 'XDG_SESSION_DESKTOP': 'ubuntu', 'XAUTHORITY': '/run/user/439630/gdm/Xauthority', 'GNOME_TERMINAL_SERVICE': ':1.120', 'SSH_AUTH_SOCK': '/run/user/439630/gnupg/S.gpg-agent.ssh', 'AMENT_PREFIX_PATH': '/opt/ros/jazzy', 'SHELL': '/bin/bash', 'LC_NAME': 'de_DE.UTF-8', 'KRB5CCNAME': 'FILE:/tmp/krb5cc_439630', 'QT_ACCESSIBILITY': '1', 'GDMSESSION': 'ubuntu', 'LC_MEASUREMENT': 'de_DE.UTF-8', 'GPG_AGENT_INFO': '/run/user/439630/gnupg/S.gpg-agent:0:1', 'LC_IDENTIFICATION': 'de_DE.UTF-8', 'ROS_AUTOMATIC_DISCOVERY_RANGE': 'SUBNET', 'QT_IM_MODULE': 'ibus', 'PWD': '/home/eeiww/ud90uhak/bumperbot_ws/src/build/bumperbot_py_examples', 'XDG_CONFIG_DIRS': '/etc/xdg/xdg-ubuntu:/etc/xdg', 'XDG_DATA_DIRS': '/usr/share/ubuntu:/usr/share/gnome:/usr/local/share/:/usr/share/:/var/lib/snapd/desktop', 'QTWEBENGINE_DICTIONARIES_PATH': '/usr/share/hunspell-bdic/', 'PYTHONPATH': '/home/eeiww/ud90uhak/bumperbot_ws/src/build/bumperbot_py_examples/prefix_override:/usr/lib/python3/dist-packages/colcon_core/task/python/colcon_distutils_commands:/home/eeiww/ud90uhak/bumperbot_ws/src/install/bumperbot_py_examples/lib/python3.12/site-packages:/opt/ros/jazzy/lib/python3.12/site-packages', 'LC_NUMERIC': 'de_DE.UTF-8', 'MSI2LMP_LIBRARY': 'share/lammps/frc_files', 'LC_PAPER': 'de_DE.UTF-8', 'COLCON': '1', 'MEMORY_PRESSURE_WRITE': 'c29tZSAyMDAwMDAgMjAwMDAwMAA=', 'LS_OPTIONS': '-N --color=tty -T 0', 'VTE_VERSION': '7600', 'CMAKE_PREFIX_PATH': '/opt/ros/jazzy/opt/gz_math_vendor:/opt/ros/jazzy/opt/gz_utils_vendor:/opt/ros/jazzy/opt/gz_cmake_vendor'}, 'shell': False}
[1.200575] (-) TimerEvent: {}
[1.227990] (bumperbot_controller) StdoutLine: {'line': b'[  0%] Built target ament_cmake_python_copy_bumperbot_controller\n'}
[1.242692] (bumperbot_controller) StdoutLine: {'line': b'[100%] Built target simple_controller\n'}
[1.300684] (-) TimerEvent: {}
[1.400905] (-) TimerEvent: {}
[1.494971] (bumperbot_controller) StdoutLine: {'line': b'running egg_info\n'}
[1.500986] (-) TimerEvent: {}
[1.528177] (bumperbot_controller) StdoutLine: {'line': b'writing bumperbot_controller.egg-info/PKG-INFO\n'}
[1.532375] (bumperbot_controller) StdoutLine: {'line': b'writing dependency_links to bumperbot_controller.egg-info/dependency_links.txt\n'}
[1.535824] (bumperbot_controller) StdoutLine: {'line': b'writing top-level names to bumperbot_controller.egg-info/top_level.txt\n'}
[1.546124] (bumperbot_py_examples) StdoutLine: {'line': b'running egg_info\n'}
[1.576826] (bumperbot_py_examples) StdoutLine: {'line': b'writing ../build/bumperbot_py_examples/bumperbot_py_examples.egg-info/PKG-INFO\n'}
[1.580444] (bumperbot_py_examples) StdoutLine: {'line': b'writing dependency_links to ../build/bumperbot_py_examples/bumperbot_py_examples.egg-info/dependency_links.txt\n'}
[1.583268] (bumperbot_py_examples) StdoutLine: {'line': b'writing entry points to ../build/bumperbot_py_examples/bumperbot_py_examples.egg-info/entry_points.txt\n'}
[1.585845] (bumperbot_py_examples) StdoutLine: {'line': b'writing requirements to ../build/bumperbot_py_examples/bumperbot_py_examples.egg-info/requires.txt\n'}
[1.588015] (bumperbot_py_examples) StdoutLine: {'line': b'writing top-level names to ../build/bumperbot_py_examples/bumperbot_py_examples.egg-info/top_level.txt\n'}
[1.601081] (-) TimerEvent: {}
[1.632775] (bumperbot_controller) StdoutLine: {'line': b"reading manifest file 'bumperbot_controller.egg-info/SOURCES.txt'\n"}
[1.636676] (bumperbot_controller) StdoutLine: {'line': b"writing manifest file 'bumperbot_controller.egg-info/SOURCES.txt'\n"}
[1.658722] (bumperbot_controller) StdoutLine: {'line': b'[100%] Built target ament_cmake_python_build_bumperbot_controller_egg\n'}
[1.659681] (bumperbot_py_examples) StdoutLine: {'line': b"reading manifest file '../build/bumperbot_py_examples/bumperbot_py_examples.egg-info/SOURCES.txt'\n"}
[1.663741] (bumperbot_py_examples) StdoutLine: {'line': b"writing manifest file '../build/bumperbot_py_examples/bumperbot_py_examples.egg-info/SOURCES.txt'\n"}
[1.666343] (bumperbot_py_examples) StdoutLine: {'line': b'running build\n'}
[1.666805] (bumperbot_py_examples) StdoutLine: {'line': b'running build_py\n'}
[1.668599] (bumperbot_py_examples) StdoutLine: {'line': b'copying bumperbot_py_examples/simple_turtlesim_kinematics.py -> /home/eeiww/ud90uhak/bumperbot_ws/src/build/bumperbot_py_examples/build/lib/bumperbot_py_examples\n'}
[1.672484] (bumperbot_controller) CommandEnded: {'returncode': 0}
[1.675824] (bumperbot_py_examples) StdoutLine: {'line': b'running install\n'}
[1.677047] (bumperbot_controller) JobProgress: {'identifier': 'bumperbot_controller', 'progress': 'install'}
[1.677589] (bumperbot_controller) Command: {'cmd': ['/usr/bin/cmake', '--install', '/home/eeiww/ud90uhak/bumperbot_ws/src/build/bumperbot_controller'], 'cwd': '/home/eeiww/ud90uhak/bumperbot_ws/src/build/bumperbot_controller', 'env': OrderedDict({'LANGUAGE': 'en_US:', 'USER': 'ud90uhak', 'LC_TIME': 'de_DE.UTF-8', 'XDG_SESSION_TYPE': 'x11', 'LAMMPS_POTENTIALS': 'share/lammps/potentials', 'SHLVL': '1', 'LD_LIBRARY_PATH': '/opt/ros/jazzy/opt/rviz_ogre_vendor/lib:/opt/ros/jazzy/lib/x86_64-linux-gnu:/opt/ros/jazzy/opt/gz_math_vendor/lib:/opt/ros/jazzy/opt/gz_utils_vendor/lib:/opt/ros/jazzy/opt/gz_cmake_vendor/lib:/opt/ros/jazzy/lib', 'HOME': '/home/eeiww/ud90uhak', 'OLDPWD': '/home/eeiww/ud90uhak', 'DESKTOP_SESSION': 'ubuntu', 'ROS_PYTHON_VERSION': '3', 'GNOME_SHELL_SESSION_MODE': 'ubuntu', 'GTK_MODULES': 'gail:atk-bridge', 'LC_MONETARY': 'de_DE.UTF-8', 'LM_PROJECT': 'iwe0', 'SYSTEMD_EXEC_PID': '50815', 'GSM_SKIP_SSH_AGENT_WORKAROUND': 'true', 'DBUS_SESSION_BUS_ADDRESS': 'unix:path=/run/user/439630/bus', 'COLORTERM': 'truecolor', 'DEBUGINFOD_URLS': 'https://debuginfod.ubuntu.com', 'IM_CONFIG_PHASE': '1', 'ROS_DISTRO': 'jazzy', 'LOGNAME': 'ud90uhak', '_': '/usr/bin/colcon', 'ROS_VERSION': '2', 'MEMORY_PRESSURE_WATCH': '/sys/fs/cgroup/user.slice/user-439630.slice/user@439630.service/session.slice/org.gnome.Shell@x11.service/memory.pressure', 'XDG_SESSION_CLASS': 'user', 'USERNAME': 'ud90uhak', 'TERM': 'xterm-256color', 'GNOME_DESKTOP_SESSION_ID': 'this-is-deprecated', 'WINDOWPATH': '2', 'PATH': '/opt/ros/jazzy/bin:/usr/local/sbin:/usr/local/bin:/usr/sbin:/usr/bin:/sbin:/bin:/usr/games:/usr/local/games:/snap/bin:/snap/bin', 'SESSION_MANAGER': 'local/cip115-42:@/tmp/.ICE-unix/50800,unix/cip115-42:/tmp/.ICE-unix/50800', 'XDG_MENU_PREFIX': 'gnome-', 'LC_ADDRESS': 'de_DE.UTF-8', 'GNOME_TERMINAL_SCREEN': '/org/gnome/Terminal/screen/3599117b_375a_4b03_97b9_30e276fb48e6', 'XDG_RUNTIME_DIR': '/run/user/439630', 'DISPLAY': ':1', 'LANG': 'en_US.UTF-8', 'XDG_CURRENT_DESKTOP': 'ubuntu:GNOME', 'LC_TELEPHONE': 'de_DE.UTF-8', 'XMODIFIERS': '@im=ibus', 'XDG_SESSION_DESKTOP': 'ubuntu', 'XAUTHORITY': '/run/user/439630/gdm/Xauthority', 'GNOME_TERMINAL_SERVICE': ':1.120', 'SSH_AUTH_SOCK': '/run/user/439630/gnupg/S.gpg-agent.ssh', 'AMENT_PREFIX_PATH': '/opt/ros/jazzy', 'SHELL': '/bin/bash', 'LC_NAME': 'de_DE.UTF-8', 'KRB5CCNAME': 'FILE:/tmp/krb5cc_439630', 'QT_ACCESSIBILITY': '1', 'GDMSESSION': 'ubuntu', 'LC_MEASUREMENT': 'de_DE.UTF-8', 'GPG_AGENT_INFO': '/run/user/439630/gnupg/S.gpg-agent:0:1', 'LC_IDENTIFICATION': 'de_DE.UTF-8', 'ROS_AUTOMATIC_DISCOVERY_RANGE': 'SUBNET', 'QT_IM_MODULE': 'ibus', 'PWD': '/home/eeiww/ud90uhak/bumperbot_ws/src/build/bumperbot_controller', 'XDG_CONFIG_DIRS': '/etc/xdg/xdg-ubuntu:/etc/xdg', 'XDG_DATA_DIRS': '/usr/share/ubuntu:/usr/share/gnome:/usr/local/share/:/usr/share/:/var/lib/snapd/desktop', 'QTWEBENGINE_DICTIONARIES_PATH': '/usr/share/hunspell-bdic/', 'PYTHONPATH': '/opt/ros/jazzy/lib/python3.12/site-packages', 'LC_NUMERIC': 'de_DE.UTF-8', 'MSI2LMP_LIBRARY': 'share/lammps/frc_files', 'LC_PAPER': 'de_DE.UTF-8', 'COLCON': '1', 'MEMORY_PRESSURE_WRITE': 'c29tZSAyMDAwMDAgMjAwMDAwMAA=', 'LS_OPTIONS': '-N --color=tty -T 0', 'VTE_VERSION': '7600', 'CMAKE_PREFIX_PATH': '/opt/ros/jazzy/opt/gz_math_vendor:/opt/ros/jazzy/opt/gz_utils_vendor:/opt/ros/jazzy/opt/gz_cmake_vendor:/opt/ros/jazzy'}), 'shell': False}
[1.681908] (bumperbot_py_examples) StdoutLine: {'line': b'running install_lib\n'}
[1.684420] (bumperbot_controller) StdoutLine: {'line': b'-- Install configuration: ""\n'}
[1.685515] (bumperbot_controller) StdoutLine: {'line': b'-- Up-to-date: /home/eeiww/ud90uhak/bumperbot_ws/src/install/bumperbot_controller/share/bumperbot_controller/environment/pythonpath.sh\n'}
[1.686783] (bumperbot_controller) StdoutLine: {'line': b'-- Up-to-date: /home/eeiww/ud90uhak/bumperbot_ws/src/install/bumperbot_controller/share/bumperbot_controller/environment/pythonpath.dsv\n'}
[1.688504] (bumperbot_controller) StdoutLine: {'line': b'-- Up-to-date: /home/eeiww/ud90uhak/bumperbot_ws/src/install/bumperbot_controller/lib/python3.12/site-packages/bumperbot_controller-0.0.0-py3.12.egg-info\n'}
[1.690256] (bumperbot_controller) StdoutLine: {'line': b'-- Installing: /home/eeiww/ud90uhak/bumperbot_ws/src/install/bumperbot_controller/lib/python3.12/site-packages/bumperbot_controller-0.0.0-py3.12.egg-info/top_level.txt\n'}
[1.696354] (bumperbot_controller) StdoutLine: {'line': b'-- Installing: /home/eeiww/ud90uhak/bumperbot_ws/src/install/bumperbot_controller/lib/python3.12/site-packages/bumperbot_controller-0.0.0-py3.12.egg-info/PKG-INFO\n'}
[1.701167] (-) TimerEvent: {}
[1.702343] (bumperbot_controller) StdoutLine: {'line': b'-- Installing: /home/eeiww/ud90uhak/bumperbot_ws/src/install/bumperbot_controller/lib/python3.12/site-packages/bumperbot_controller-0.0.0-py3.12.egg-info/SOURCES.txt\n'}
[1.708597] (bumperbot_controller) StdoutLine: {'line': b'-- Installing: /home/eeiww/ud90uhak/bumperbot_ws/src/install/bumperbot_controller/lib/python3.12/site-packages/bumperbot_controller-0.0.0-py3.12.egg-info/dependency_links.txt\n'}
[1.715091] (bumperbot_controller) StdoutLine: {'line': b'-- Up-to-date: /home/eeiww/ud90uhak/bumperbot_ws/src/install/bumperbot_controller/lib/python3.12/site-packages/bumperbot_controller\n'}
[1.716870] (bumperbot_controller) StdoutLine: {'line': b'-- Up-to-date: /home/eeiww/ud90uhak/bumperbot_ws/src/install/bumperbot_controller/lib/python3.12/site-packages/bumperbot_controller/__init__.py\n'}
[1.717249] (bumperbot_py_examples) StdoutLine: {'line': b'copying /home/eeiww/ud90uhak/bumperbot_ws/src/build/bumperbot_py_examples/build/lib/bumperbot_py_examples/simple_turtlesim_kinematics.py -> /home/eeiww/ud90uhak/bumperbot_ws/src/install/bumperbot_py_examples/lib/python3.12/site-packages/bumperbot_py_examples\n'}
[1.718112] (bumperbot_controller) StdoutLine: {'line': b'-- Installing: /home/eeiww/ud90uhak/bumperbot_ws/src/install/bumperbot_controller/lib/python3.12/site-packages/bumperbot_controller/simple_controller.py\n'}
[1.724505] (bumperbot_py_examples) StdoutLine: {'line': b'byte-compiling /home/eeiww/ud90uhak/bumperbot_ws/src/install/bumperbot_py_examples/lib/python3.12/site-packages/bumperbot_py_examples/simple_turtlesim_kinematics.py to simple_turtlesim_kinematics.cpython-312.pyc\n'}
[1.731260] (bumperbot_py_examples) StdoutLine: {'line': b'running install_data\n'}
[1.733347] (bumperbot_py_examples) StdoutLine: {'line': b'copying package.xml -> /home/eeiww/ud90uhak/bumperbot_ws/src/install/bumperbot_py_examples/share/bumperbot_py_examples\n'}
[1.736094] (bumperbot_py_examples) StdoutLine: {'line': b'running install_egg_info\n'}
[1.765546] (bumperbot_controller) StdoutLine: {'line': b"Listing '/home/eeiww/ud90uhak/bumperbot_ws/src/install/bumperbot_controller/lib/python3.12/site-packages/bumperbot_controller'...\n"}
[1.765670] (bumperbot_controller) StdoutLine: {'line': b"Compiling '/home/eeiww/ud90uhak/bumperbot_ws/src/install/bumperbot_controller/lib/python3.12/site-packages/bumperbot_controller/simple_controller.py'...\n"}
[1.768485] (bumperbot_py_examples) StdoutLine: {'line': b"removing '/home/eeiww/ud90uhak/bumperbot_ws/src/install/bumperbot_py_examples/lib/python3.12/site-packages/bumperbot_py_examples-0.0.0-py3.12.egg-info' (and everything under it)\n"}
[1.771010] (bumperbot_controller) StdoutLine: {'line': b'-- Up-to-date: /home/eeiww/ud90uhak/bumperbot_ws/src/install/bumperbot_controller/include/include\n'}
[1.772561] (bumperbot_controller) StdoutLine: {'line': b'-- Up-to-date: /home/eeiww/ud90uhak/bumperbot_ws/src/install/bumperbot_controller/include/include/bumperbot_controller\n'}
[1.774609] (bumperbot_controller) StdoutLine: {'line': b'-- Up-to-date: /home/eeiww/ud90uhak/bumperbot_ws/src/install/bumperbot_controller/include/include/bumperbot_controller/simple_controller.hpp\n'}
[1.776185] (bumperbot_py_examples) StdoutLine: {'line': b'Copying ../build/bumperbot_py_examples/bumperbot_py_examples.egg-info to /home/eeiww/ud90uhak/bumperbot_ws/src/install/bumperbot_py_examples/lib/python3.12/site-packages/bumperbot_py_examples-0.0.0-py3.12.egg-info\n'}
[1.780076] (bumperbot_controller) StdoutLine: {'line': b'-- Up-to-date: /home/eeiww/ud90uhak/bumperbot_ws/src/install/bumperbot_controller/lib/bumperbot_controller/simple_controller\n'}
[1.786193] (bumperbot_controller) StdoutLine: {'line': b'-- Up-to-date: /home/eeiww/ud90uhak/bumperbot_ws/src/install/bumperbot_controller/share/bumperbot_controller/config\n'}
[1.788255] (bumperbot_controller) StdoutLine: {'line': b'-- Up-to-date: /home/eeiww/ud90uhak/bumperbot_ws/src/install/bumperbot_controller/share/bumperbot_controller/config/joy_teleop.yaml\n'}
[1.789612] (bumperbot_controller) StdoutLine: {'line': b'-- Up-to-date: /home/eeiww/ud90uhak/bumperbot_ws/src/install/bumperbot_controller/share/bumperbot_controller/config/joy_config.yaml\n'}
[1.790372] (bumperbot_controller) StdoutLine: {'line': b'-- Installing: /home/eeiww/ud90uhak/bumperbot_ws/src/install/bumperbot_controller/share/bumperbot_controller/config/bumperbot_controller.yaml\n'}
[1.796835] (bumperbot_controller) StdoutLine: {'line': b'-- Up-to-date: /home/eeiww/ud90uhak/bumperbot_ws/src/install/bumperbot_controller/share/bumperbot_controller/launch\n'}
[1.798542] (bumperbot_controller) StdoutLine: {'line': b'-- Up-to-date: /home/eeiww/ud90uhak/bumperbot_ws/src/install/bumperbot_controller/share/bumperbot_controller/launch/joystick_teleop.launch.py\n'}
[1.799850] (bumperbot_controller) StdoutLine: {'line': b'-- Installing: /home/eeiww/ud90uhak/bumperbot_ws/src/install/bumperbot_controller/share/bumperbot_controller/launch/controller.launch.py\n'}
[1.801295] (-) TimerEvent: {}
[1.805712] (bumperbot_controller) StdoutLine: {'line': b'-- Installing: /home/eeiww/ud90uhak/bumperbot_ws/src/install/bumperbot_controller/lib/bumperbot_controller/simple_controller.py\n'}
[1.811167] (bumperbot_controller) StdoutLine: {'line': b'-- Up-to-date: /home/eeiww/ud90uhak/bumperbot_ws/src/install/bumperbot_controller/share/ament_index/resource_index/package_run_dependencies/bumperbot_controller\n'}
[1.811376] (bumperbot_py_examples) StdoutLine: {'line': b'running install_scripts\n'}
[1.812478] (bumperbot_controller) StdoutLine: {'line': b'-- Up-to-date: /home/eeiww/ud90uhak/bumperbot_ws/src/install/bumperbot_controller/share/ament_index/resource_index/parent_prefix_path/bumperbot_controller\n'}
[1.813051] (bumperbot_controller) StdoutLine: {'line': b'-- Up-to-date: /home/eeiww/ud90uhak/bumperbot_ws/src/install/bumperbot_controller/share/bumperbot_controller/environment/ament_prefix_path.sh\n'}
[1.814150] (bumperbot_controller) StdoutLine: {'line': b'-- Up-to-date: /home/eeiww/ud90uhak/bumperbot_ws/src/install/bumperbot_controller/share/bumperbot_controller/environment/ament_prefix_path.dsv\n'}
[1.815126] (bumperbot_controller) StdoutLine: {'line': b'-- Up-to-date: /home/eeiww/ud90uhak/bumperbot_ws/src/install/bumperbot_controller/share/bumperbot_controller/environment/path.sh\n'}
[1.816116] (bumperbot_controller) StdoutLine: {'line': b'-- Up-to-date: /home/eeiww/ud90uhak/bumperbot_ws/src/install/bumperbot_controller/share/bumperbot_controller/environment/path.dsv\n'}
[1.816795] (bumperbot_controller) StdoutLine: {'line': b'-- Up-to-date: /home/eeiww/ud90uhak/bumperbot_ws/src/install/bumperbot_controller/share/bumperbot_controller/local_setup.bash\n'}
[1.817451] (bumperbot_controller) StdoutLine: {'line': b'-- Up-to-date: /home/eeiww/ud90uhak/bumperbot_ws/src/install/bumperbot_controller/share/bumperbot_controller/local_setup.sh\n'}
[1.818130] (bumperbot_controller) StdoutLine: {'line': b'-- Up-to-date: /home/eeiww/ud90uhak/bumperbot_ws/src/install/bumperbot_controller/share/bumperbot_controller/local_setup.zsh\n'}
[1.819019] (bumperbot_controller) StdoutLine: {'line': b'-- Up-to-date: /home/eeiww/ud90uhak/bumperbot_ws/src/install/bumperbot_controller/share/bumperbot_controller/local_setup.dsv\n'}
[1.820019] (bumperbot_controller) StdoutLine: {'line': b'-- Installing: /home/eeiww/ud90uhak/bumperbot_ws/src/install/bumperbot_controller/share/bumperbot_controller/package.dsv\n'}
[1.824307] (bumperbot_controller) StdoutLine: {'line': b'-- Up-to-date: /home/eeiww/ud90uhak/bumperbot_ws/src/install/bumperbot_controller/share/ament_index/resource_index/packages/bumperbot_controller\n'}
[1.825183] (bumperbot_controller) StdoutLine: {'line': b'-- Up-to-date: /home/eeiww/ud90uhak/bumperbot_ws/src/install/bumperbot_controller/share/bumperbot_controller/cmake/bumperbot_controllerConfig.cmake\n'}
[1.825824] (bumperbot_controller) StdoutLine: {'line': b'-- Up-to-date: /home/eeiww/ud90uhak/bumperbot_ws/src/install/bumperbot_controller/share/bumperbot_controller/cmake/bumperbot_controllerConfig-version.cmake\n'}
[1.826787] (bumperbot_controller) StdoutLine: {'line': b'-- Installing: /home/eeiww/ud90uhak/bumperbot_ws/src/install/bumperbot_controller/share/bumperbot_controller/package.xml\n'}
[1.834426] (bumperbot_controller) CommandEnded: {'returncode': 0}
[1.901350] (-) TimerEvent: {}
[1.928943] (bumperbot_controller) JobEnded: {'identifier': 'bumperbot_controller', 'rc': 0}
[2.001459] (-) TimerEvent: {}
[2.019413] (bumperbot_py_examples) StdoutLine: {'line': b'Installing simple_parameter script to /home/eeiww/ud90uhak/bumperbot_ws/src/install/bumperbot_py_examples/lib/bumperbot_py_examples\n'}
[2.022774] (bumperbot_py_examples) StdoutLine: {'line': b'Installing simple_publisher script to /home/eeiww/ud90uhak/bumperbot_ws/src/install/bumperbot_py_examples/lib/bumperbot_py_examples\n'}
[2.025374] (bumperbot_py_examples) StdoutLine: {'line': b'Installing simple_subscriber script to /home/eeiww/ud90uhak/bumperbot_ws/src/install/bumperbot_py_examples/lib/bumperbot_py_examples\n'}
[2.028110] (bumperbot_py_examples) StdoutLine: {'line': b'Installing simple_turtlesim_kinematics script to /home/eeiww/ud90uhak/bumperbot_ws/src/install/bumperbot_py_examples/lib/bumperbot_py_examples\n'}
[2.031486] (bumperbot_py_examples) StdoutLine: {'line': b"writing list of installed files to '/home/eeiww/ud90uhak/bumperbot_ws/src/build/bumperbot_py_examples/install.log'\n"}
[2.052869] (bumperbot_py_examples) CommandEnded: {'returncode': 0}
[2.099879] (bumperbot_py_examples) JobEnded: {'identifier': 'bumperbot_py_examples', 'rc': 0}
[2.104523] (-) TimerEvent: {}
[2.104609] (-) EventReactorShutdown: {}
