[0.000000] (-) TimerEvent: {}
[0.000153] (bumperbot_controller) JobQueued: {'identifier': 'bumperbot_controller', 'dependencies': OrderedDict()}
[0.000180] (bumperbot_cpp_examples) JobQueued: {'identifier': 'bumperbot_cpp_examples', 'dependencies': OrderedDict()}
[0.000196] (bumperbot_description) JobQueued: {'identifier': 'bumperbot_description', 'dependencies': OrderedDict()}
[0.000209] (bumperbot_py_examples) JobQueued: {'identifier': 'bumperbot_py_examples', 'dependencies': OrderedDict()}
[0.000221] (bumperbot_controller) JobStarted: {'identifier': 'bumperbot_controller'}
[0.008191] (bumperbot_cpp_examples) JobStarted: {'identifier': 'bumperbot_cpp_examples'}
[0.014153] (bumperbot_description) JobStarted: {'identifier': 'bumperbot_description'}
[0.020347] (bumperbot_py_examples) JobStarted: {'identifier': 'bumperbot_py_examples'}
[0.041299] (bumperbot_controller) JobProgress: {'identifier': 'bumperbot_controller', 'progress': 'cmake'}
[0.048989] (bumperbot_controller) JobProgress: {'identifier': 'bumperbot_controller', 'progress': 'build'}
[0.049528] (bumperbot_controller) Command: {'cmd': ['/usr/bin/cmake', '--build', '/home/eeiww/ud90uhak/bumperbot_ws/src/build/bumperbot_controller', '--', '-j8', '-l8'], 'cwd': '/home/eeiww/ud90uhak/bumperbot_ws/src/build/bumperbot_controller', 'env': OrderedDict({'LANGUAGE': 'en_US:', 'USER': 'ud90uhak', 'LC_TIME': 'de_DE.UTF-8', 'XDG_SESSION_TYPE': 'x11', 'LAMMPS_POTENTIALS': 'share/lammps/potentials', 'SHLVL': '1', 'LD_LIBRARY_PATH': '/opt/ros/jazzy/opt/rviz_ogre_vendor/lib:/opt/ros/jazzy/lib/x86_64-linux-gnu:/opt/ros/jazzy/opt/gz_math_vendor/lib:/opt/ros/jazzy/opt/gz_utils_vendor/lib:/opt/ros/jazzy/opt/gz_cmake_vendor/lib:/opt/ros/jazzy/lib', 'HOME': '/home/eeiww/ud90uhak', 'OLDPWD': '/home/eeiww/ud90uhak', 'DESKTOP_SESSION': 'ubuntu', 'ROS_PYTHON_VERSION': '3', 'GNOME_SHELL_SESSION_MODE': 'ubuntu', 'GTK_MODULES': 'gail:atk-bridge', 'LC_MONETARY': 'de_DE.UTF-8', 'LM_PROJECT': 'iwe0', 'SYSTEMD_EXEC_PID': '16719', 'GSM_SKIP_SSH_AGENT_WORKAROUND': 'true', 'DBUS_SESSION_BUS_ADDRESS': 'unix:path=/run/user/439630/bus', 'COLORTERM': 'truecolor', 'DEBUGINFOD_URLS': 'https://debuginfod.ubuntu.com', 'IM_CONFIG_PHASE': '1', 'ROS_DISTRO': 'jazzy', 'LOGNAME': 'ud90uhak', '_': '/usr/bin/colcon', 'ROS_VERSION': '2', 'MEMORY_PRESSURE_WATCH': '/sys/fs/cgroup/user.slice/user-439630.slice/user@439630.service/session.slice/org.gnome.Shell@x11.service/memory.pressure', 'XDG_SESSION_CLASS': 'user', 'USERNAME': 'ud90uhak', 'TERM': 'xterm-256color', 'GNOME_DESKTOP_SESSION_ID': 'this-is-deprecated', 'WINDOWPATH': '2', 'PATH': '/opt/ros/jazzy/bin:/usr/local/sbin:/usr/local/bin:/usr/sbin:/usr/bin:/sbin:/bin:/usr/games:/usr/local/games:/snap/bin:/snap/bin', 'SESSION_MANAGER': 'local/cip115-42:@/tmp/.ICE-unix/16702,unix/cip115-42:/tmp/.ICE-unix/16702', 'XDG_MENU_PREFIX': 'gnome-', 'LC_ADDRESS': 'de_DE.UTF-8', 'GNOME_TERMINAL_SCREEN': '/org/gnome/Terminal/screen/8f6990e6_1881_42b6_aa36_e40ea911228d', 'XDG_RUNTIME_DIR': '/run/user/439630', 'DISPLAY': ':1', 'LANG': 'en_US.UTF-8', 'XDG_CURRENT_DESKTOP': 'ubuntu:GNOME', 'LC_TELEPHONE': 'de_DE.UTF-8', 'XMODIFIERS': '@im=ibus', 'XDG_SESSION_DESKTOP': 'ubuntu', 'XAUTHORITY': '/run/user/439630/gdm/Xauthority', 'GNOME_TERMINAL_SERVICE': ':1.147', 'SSH_AUTH_SOCK': '/run/user/439630/gnupg/S.gpg-agent.ssh', 'AMENT_PREFIX_PATH': '/opt/ros/jazzy', 'SHELL': '/bin/bash', 'LC_NAME': 'de_DE.UTF-8', 'KRB5CCNAME': 'FILE:/tmp/krb5cc_439630', 'QT_ACCESSIBILITY': '1', 'GDMSESSION': 'ubuntu', 'LC_MEASUREMENT': 'de_DE.UTF-8', 'GPG_AGENT_INFO': '/run/user/439630/gnupg/S.gpg-agent:0:1', 'LC_IDENTIFICATION': 'de_DE.UTF-8', 'ROS_AUTOMATIC_DISCOVERY_RANGE': 'SUBNET', 'QT_IM_MODULE': 'ibus', 'PWD': '/home/eeiww/ud90uhak/bumperbot_ws/src/build/bumperbot_controller', 'XDG_CONFIG_DIRS': '/etc/xdg/xdg-ubuntu:/etc/xdg', 'XDG_DATA_DIRS': '/usr/share/ubuntu:/usr/share/gnome:/usr/local/share/:/usr/share/:/var/lib/snapd/desktop', 'QTWEBENGINE_DICTIONARIES_PATH': '/usr/share/hunspell-bdic/', 'PYTHONPATH': '/opt/ros/jazzy/lib/python3.12/site-packages', 'LC_NUMERIC': 'de_DE.UTF-8', 'MSI2LMP_LIBRARY': 'share/lammps/frc_files', 'LC_PAPER': 'de_DE.UTF-8', 'COLCON': '1', 'MEMORY_PRESSURE_WRITE': 'c29tZSAyMDAwMDAgMjAwMDAwMAA=', 'LS_OPTIONS': '-N --color=tty -T 0', 'VTE_VERSION': '7600', 'CMAKE_PREFIX_PATH': '/opt/ros/jazzy/opt/gz_math_vendor:/opt/ros/jazzy/opt/gz_utils_vendor:/opt/ros/jazzy/opt/gz_cmake_vendor:/opt/ros/jazzy'}), 'shell': False}
[0.054847] (bumperbot_cpp_examples) JobProgress: {'identifier': 'bumperbot_cpp_examples', 'progress': 'cmake'}
[0.059542] (bumperbot_cpp_examples) JobProgress: {'identifier': 'bumperbot_cpp_examples', 'progress': 'build'}
[0.059601] (bumperbot_cpp_examples) Command: {'cmd': ['/usr/bin/cmake', '--build', '/home/eeiww/ud90uhak/bumperbot_ws/src/build/bumperbot_cpp_examples', '--', '-j8', '-l8'], 'cwd': '/home/eeiww/ud90uhak/bumperbot_ws/src/build/bumperbot_cpp_examples', 'env': OrderedDict({'LANGUAGE': 'en_US:', 'USER': 'ud90uhak', 'LC_TIME': 'de_DE.UTF-8', 'XDG_SESSION_TYPE': 'x11', 'LAMMPS_POTENTIALS': 'share/lammps/potentials', 'SHLVL': '1', 'LD_LIBRARY_PATH': '/opt/ros/jazzy/opt/rviz_ogre_vendor/lib:/opt/ros/jazzy/lib/x86_64-linux-gnu:/opt/ros/jazzy/opt/gz_math_vendor/lib:/opt/ros/jazzy/opt/gz_utils_vendor/lib:/opt/ros/jazzy/opt/gz_cmake_vendor/lib:/opt/ros/jazzy/lib', 'HOME': '/home/eeiww/ud90uhak', 'OLDPWD': '/home/eeiww/ud90uhak', 'DESKTOP_SESSION': 'ubuntu', 'ROS_PYTHON_VERSION': '3', 'GNOME_SHELL_SESSION_MODE': 'ubuntu', 'GTK_MODULES': 'gail:atk-bridge', 'LC_MONETARY': 'de_DE.UTF-8', 'LM_PROJECT': 'iwe0', 'SYSTEMD_EXEC_PID': '16719', 'GSM_SKIP_SSH_AGENT_WORKAROUND': 'true', 'DBUS_SESSION_BUS_ADDRESS': 'unix:path=/run/user/439630/bus', 'COLORTERM': 'truecolor', 'DEBUGINFOD_URLS': 'https://debuginfod.ubuntu.com', 'IM_CONFIG_PHASE': '1', 'ROS_DISTRO': 'jazzy', 'LOGNAME': 'ud90uhak', '_': '/usr/bin/colcon', 'ROS_VERSION': '2', 'MEMORY_PRESSURE_WATCH': '/sys/fs/cgroup/user.slice/user-439630.slice/user@439630.service/session.slice/org.gnome.Shell@x11.service/memory.pressure', 'XDG_SESSION_CLASS': 'user', 'USERNAME': 'ud90uhak', 'TERM': 'xterm-256color', 'GNOME_DESKTOP_SESSION_ID': 'this-is-deprecated', 'WINDOWPATH': '2', 'PATH': '/opt/ros/jazzy/bin:/usr/local/sbin:/usr/local/bin:/usr/sbin:/usr/bin:/sbin:/bin:/usr/games:/usr/local/games:/snap/bin:/snap/bin', 'SESSION_MANAGER': 'local/cip115-42:@/tmp/.ICE-unix/16702,unix/cip115-42:/tmp/.ICE-unix/16702', 'XDG_MENU_PREFIX': 'gnome-', 'LC_ADDRESS': 'de_DE.UTF-8', 'GNOME_TERMINAL_SCREEN': '/org/gnome/Terminal/screen/8f6990e6_1881_42b6_aa36_e40ea911228d', 'XDG_RUNTIME_DIR': '/run/user/439630', 'DISPLAY': ':1', 'LANG': 'en_US.UTF-8', 'XDG_CURRENT_DESKTOP': 'ubuntu:GNOME', 'LC_TELEPHONE': 'de_DE.UTF-8', 'XMODIFIERS': '@im=ibus', 'XDG_SESSION_DESKTOP': 'ubuntu', 'XAUTHORITY': '/run/user/439630/gdm/Xauthority', 'GNOME_TERMINAL_SERVICE': ':1.147', 'SSH_AUTH_SOCK': '/run/user/439630/gnupg/S.gpg-agent.ssh', 'AMENT_PREFIX_PATH': '/opt/ros/jazzy', 'SHELL': '/bin/bash', 'LC_NAME': 'de_DE.UTF-8', 'KRB5CCNAME': 'FILE:/tmp/krb5cc_439630', 'QT_ACCESSIBILITY': '1', 'GDMSESSION': 'ubuntu', 'LC_MEASUREMENT': 'de_DE.UTF-8', 'GPG_AGENT_INFO': '/run/user/439630/gnupg/S.gpg-agent:0:1', 'LC_IDENTIFICATION': 'de_DE.UTF-8', 'ROS_AUTOMATIC_DISCOVERY_RANGE': 'SUBNET', 'QT_IM_MODULE': 'ibus', 'PWD': '/home/eeiww/ud90uhak/bumperbot_ws/src/build/bumperbot_cpp_examples', 'XDG_CONFIG_DIRS': '/etc/xdg/xdg-ubuntu:/etc/xdg', 'XDG_DATA_DIRS': '/usr/share/ubuntu:/usr/share/gnome:/usr/local/share/:/usr/share/:/var/lib/snapd/desktop', 'QTWEBENGINE_DICTIONARIES_PATH': '/usr/share/hunspell-bdic/', 'PYTHONPATH': '/opt/ros/jazzy/lib/python3.12/site-packages', 'LC_NUMERIC': 'de_DE.UTF-8', 'MSI2LMP_LIBRARY': 'share/lammps/frc_files', 'LC_PAPER': 'de_DE.UTF-8', 'COLCON': '1', 'MEMORY_PRESSURE_WRITE': 'c29tZSAyMDAwMDAgMjAwMDAwMAA=', 'LS_OPTIONS': '-N --color=tty -T 0', 'VTE_VERSION': '7600', 'CMAKE_PREFIX_PATH': '/opt/ros/jazzy/opt/gz_math_vendor:/opt/ros/jazzy/opt/gz_utils_vendor:/opt/ros/jazzy/opt/gz_cmake_vendor:/opt/ros/jazzy'}), 'shell': False}
[0.064288] (bumperbot_description) JobProgress: {'identifier': 'bumperbot_description', 'progress': 'cmake'}
[0.069131] (bumperbot_description) JobProgress: {'identifier': 'bumperbot_description', 'progress': 'build'}
[0.069463] (bumperbot_description) Command: {'cmd': ['/usr/bin/cmake', '--build', '/home/eeiww/ud90uhak/bumperbot_ws/src/build/bumperbot_description', '--', '-j8', '-l8'], 'cwd': '/home/eeiww/ud90uhak/bumperbot_ws/src/build/bumperbot_description', 'env': OrderedDict({'LANGUAGE': 'en_US:', 'USER': 'ud90uhak', 'LC_TIME': 'de_DE.UTF-8', 'XDG_SESSION_TYPE': 'x11', 'LAMMPS_POTENTIALS': 'share/lammps/potentials', 'SHLVL': '1', 'LD_LIBRARY_PATH': '/opt/ros/jazzy/opt/rviz_ogre_vendor/lib:/opt/ros/jazzy/lib/x86_64-linux-gnu:/opt/ros/jazzy/opt/gz_math_vendor/lib:/opt/ros/jazzy/opt/gz_utils_vendor/lib:/opt/ros/jazzy/opt/gz_cmake_vendor/lib:/opt/ros/jazzy/lib', 'HOME': '/home/eeiww/ud90uhak', 'OLDPWD': '/home/eeiww/ud90uhak', 'DESKTOP_SESSION': 'ubuntu', 'ROS_PYTHON_VERSION': '3', 'GNOME_SHELL_SESSION_MODE': 'ubuntu', 'GTK_MODULES': 'gail:atk-bridge', 'LC_MONETARY': 'de_DE.UTF-8', 'LM_PROJECT': 'iwe0', 'SYSTEMD_EXEC_PID': '16719', 'GSM_SKIP_SSH_AGENT_WORKAROUND': 'true', 'DBUS_SESSION_BUS_ADDRESS': 'unix:path=/run/user/439630/bus', 'COLORTERM': 'truecolor', 'DEBUGINFOD_URLS': 'https://debuginfod.ubuntu.com', 'IM_CONFIG_PHASE': '1', 'ROS_DISTRO': 'jazzy', 'LOGNAME': 'ud90uhak', '_': '/usr/bin/colcon', 'ROS_VERSION': '2', 'MEMORY_PRESSURE_WATCH': '/sys/fs/cgroup/user.slice/user-439630.slice/user@439630.service/session.slice/org.gnome.Shell@x11.service/memory.pressure', 'XDG_SESSION_CLASS': 'user', 'USERNAME': 'ud90uhak', 'TERM': 'xterm-256color', 'GNOME_DESKTOP_SESSION_ID': 'this-is-deprecated', 'WINDOWPATH': '2', 'PATH': '/opt/ros/jazzy/bin:/usr/local/sbin:/usr/local/bin:/usr/sbin:/usr/bin:/sbin:/bin:/usr/games:/usr/local/games:/snap/bin:/snap/bin', 'SESSION_MANAGER': 'local/cip115-42:@/tmp/.ICE-unix/16702,unix/cip115-42:/tmp/.ICE-unix/16702', 'XDG_MENU_PREFIX': 'gnome-', 'LC_ADDRESS': 'de_DE.UTF-8', 'GNOME_TERMINAL_SCREEN': '/org/gnome/Terminal/screen/8f6990e6_1881_42b6_aa36_e40ea911228d', 'XDG_RUNTIME_DIR': '/run/user/439630', 'DISPLAY': ':1', 'LANG': 'en_US.UTF-8', 'XDG_CURRENT_DESKTOP': 'ubuntu:GNOME', 'LC_TELEPHONE': 'de_DE.UTF-8', 'XMODIFIERS': '@im=ibus', 'XDG_SESSION_DESKTOP': 'ubuntu', 'XAUTHORITY': '/run/user/439630/gdm/Xauthority', 'GNOME_TERMINAL_SERVICE': ':1.147', 'SSH_AUTH_SOCK': '/run/user/439630/gnupg/S.gpg-agent.ssh', 'AMENT_PREFIX_PATH': '/opt/ros/jazzy', 'SHELL': '/bin/bash', 'LC_NAME': 'de_DE.UTF-8', 'KRB5CCNAME': 'FILE:/tmp/krb5cc_439630', 'QT_ACCESSIBILITY': '1', 'GDMSESSION': 'ubuntu', 'LC_MEASUREMENT': 'de_DE.UTF-8', 'GPG_AGENT_INFO': '/run/user/439630/gnupg/S.gpg-agent:0:1', 'LC_IDENTIFICATION': 'de_DE.UTF-8', 'ROS_AUTOMATIC_DISCOVERY_RANGE': 'SUBNET', 'QT_IM_MODULE': 'ibus', 'PWD': '/home/eeiww/ud90uhak/bumperbot_ws/src/build/bumperbot_description', 'XDG_CONFIG_DIRS': '/etc/xdg/xdg-ubuntu:/etc/xdg', 'XDG_DATA_DIRS': '/usr/share/ubuntu:/usr/share/gnome:/usr/local/share/:/usr/share/:/var/lib/snapd/desktop', 'QTWEBENGINE_DICTIONARIES_PATH': '/usr/share/hunspell-bdic/', 'PYTHONPATH': '/opt/ros/jazzy/lib/python3.12/site-packages', 'LC_NUMERIC': 'de_DE.UTF-8', 'MSI2LMP_LIBRARY': 'share/lammps/frc_files', 'LC_PAPER': 'de_DE.UTF-8', 'COLCON': '1', 'MEMORY_PRESSURE_WRITE': 'c29tZSAyMDAwMDAgMjAwMDAwMAA=', 'LS_OPTIONS': '-N --color=tty -T 0', 'VTE_VERSION': '7600', 'CMAKE_PREFIX_PATH': '/opt/ros/jazzy/opt/gz_math_vendor:/opt/ros/jazzy/opt/gz_utils_vendor:/opt/ros/jazzy/opt/gz_cmake_vendor:/opt/ros/jazzy'}), 'shell': False}
[0.098874] (-) TimerEvent: {}
[0.120562] (bumperbot_description) StdoutLine: {'line': b'-- Found ament_cmake: 2.5.3 (/opt/ros/jazzy/share/ament_cmake/cmake)\n'}
[0.138432] (bumperbot_controller) StdoutLine: {'line': b'[100%] Built target ament_cmake_python_copy_bumperbot_controller\n'}
[0.138600] (bumperbot_controller) StdoutLine: {'line': b'[100%] Built target simple_controller\n'}
[0.198950] (-) TimerEvent: {}
[0.299150] (-) TimerEvent: {}
[0.337287] (bumperbot_description) StdoutLine: {'line': b'-- Found urdf: 2.10.0 (/opt/ros/jazzy/share/urdf/cmake)\n'}
[0.347438] (bumperbot_cpp_examples) CommandEnded: {'returncode': 0}
[0.350953] (bumperbot_cpp_examples) JobProgress: {'identifier': 'bumperbot_cpp_examples', 'progress': 'install'}
[0.359317] (bumperbot_cpp_examples) Command: {'cmd': ['/usr/bin/cmake', '--install', '/home/eeiww/ud90uhak/bumperbot_ws/src/build/bumperbot_cpp_examples'], 'cwd': '/home/eeiww/ud90uhak/bumperbot_ws/src/build/bumperbot_cpp_examples', 'env': OrderedDict({'LANGUAGE': 'en_US:', 'USER': 'ud90uhak', 'LC_TIME': 'de_DE.UTF-8', 'XDG_SESSION_TYPE': 'x11', 'LAMMPS_POTENTIALS': 'share/lammps/potentials', 'SHLVL': '1', 'LD_LIBRARY_PATH': '/opt/ros/jazzy/opt/rviz_ogre_vendor/lib:/opt/ros/jazzy/lib/x86_64-linux-gnu:/opt/ros/jazzy/opt/gz_math_vendor/lib:/opt/ros/jazzy/opt/gz_utils_vendor/lib:/opt/ros/jazzy/opt/gz_cmake_vendor/lib:/opt/ros/jazzy/lib', 'HOME': '/home/eeiww/ud90uhak', 'OLDPWD': '/home/eeiww/ud90uhak', 'DESKTOP_SESSION': 'ubuntu', 'ROS_PYTHON_VERSION': '3', 'GNOME_SHELL_SESSION_MODE': 'ubuntu', 'GTK_MODULES': 'gail:atk-bridge', 'LC_MONETARY': 'de_DE.UTF-8', 'LM_PROJECT': 'iwe0', 'SYSTEMD_EXEC_PID': '16719', 'GSM_SKIP_SSH_AGENT_WORKAROUND': 'true', 'DBUS_SESSION_BUS_ADDRESS': 'unix:path=/run/user/439630/bus', 'COLORTERM': 'truecolor', 'DEBUGINFOD_URLS': 'https://debuginfod.ubuntu.com', 'IM_CONFIG_PHASE': '1', 'ROS_DISTRO': 'jazzy', 'LOGNAME': 'ud90uhak', '_': '/usr/bin/colcon', 'ROS_VERSION': '2', 'MEMORY_PRESSURE_WATCH': '/sys/fs/cgroup/user.slice/user-439630.slice/user@439630.service/session.slice/org.gnome.Shell@x11.service/memory.pressure', 'XDG_SESSION_CLASS': 'user', 'USERNAME': 'ud90uhak', 'TERM': 'xterm-256color', 'GNOME_DESKTOP_SESSION_ID': 'this-is-deprecated', 'WINDOWPATH': '2', 'PATH': '/opt/ros/jazzy/bin:/usr/local/sbin:/usr/local/bin:/usr/sbin:/usr/bin:/sbin:/bin:/usr/games:/usr/local/games:/snap/bin:/snap/bin', 'SESSION_MANAGER': 'local/cip115-42:@/tmp/.ICE-unix/16702,unix/cip115-42:/tmp/.ICE-unix/16702', 'XDG_MENU_PREFIX': 'gnome-', 'LC_ADDRESS': 'de_DE.UTF-8', 'GNOME_TERMINAL_SCREEN': '/org/gnome/Terminal/screen/8f6990e6_1881_42b6_aa36_e40ea911228d', 'XDG_RUNTIME_DIR': '/run/user/439630', 'DISPLAY': ':1', 'LANG': 'en_US.UTF-8', 'XDG_CURRENT_DESKTOP': 'ubuntu:GNOME', 'LC_TELEPHONE': 'de_DE.UTF-8', 'XMODIFIERS': '@im=ibus', 'XDG_SESSION_DESKTOP': 'ubuntu', 'XAUTHORITY': '/run/user/439630/gdm/Xauthority', 'GNOME_TERMINAL_SERVICE': ':1.147', 'SSH_AUTH_SOCK': '/run/user/439630/gnupg/S.gpg-agent.ssh', 'AMENT_PREFIX_PATH': '/opt/ros/jazzy', 'SHELL': '/bin/bash', 'LC_NAME': 'de_DE.UTF-8', 'KRB5CCNAME': 'FILE:/tmp/krb5cc_439630', 'QT_ACCESSIBILITY': '1', 'GDMSESSION': 'ubuntu', 'LC_MEASUREMENT': 'de_DE.UTF-8', 'GPG_AGENT_INFO': '/run/user/439630/gnupg/S.gpg-agent:0:1', 'LC_IDENTIFICATION': 'de_DE.UTF-8', 'ROS_AUTOMATIC_DISCOVERY_RANGE': 'SUBNET', 'QT_IM_MODULE': 'ibus', 'PWD': '/home/eeiww/ud90uhak/bumperbot_ws/src/build/bumperbot_cpp_examples', 'XDG_CONFIG_DIRS': '/etc/xdg/xdg-ubuntu:/etc/xdg', 'XDG_DATA_DIRS': '/usr/share/ubuntu:/usr/share/gnome:/usr/local/share/:/usr/share/:/var/lib/snapd/desktop', 'QTWEBENGINE_DICTIONARIES_PATH': '/usr/share/hunspell-bdic/', 'PYTHONPATH': '/opt/ros/jazzy/lib/python3.12/site-packages', 'LC_NUMERIC': 'de_DE.UTF-8', 'MSI2LMP_LIBRARY': 'share/lammps/frc_files', 'LC_PAPER': 'de_DE.UTF-8', 'COLCON': '1', 'MEMORY_PRESSURE_WRITE': 'c29tZSAyMDAwMDAgMjAwMDAwMAA=', 'LS_OPTIONS': '-N --color=tty -T 0', 'VTE_VERSION': '7600', 'CMAKE_PREFIX_PATH': '/opt/ros/jazzy/opt/gz_math_vendor:/opt/ros/jazzy/opt/gz_utils_vendor:/opt/ros/jazzy/opt/gz_cmake_vendor:/opt/ros/jazzy'}), 'shell': False}
[0.363387] (bumperbot_description) StdoutLine: {'line': b'-- Found TinyXML2 via Config file: /usr/lib/x86_64-linux-gnu/cmake/tinyxml2\n'}
[0.366666] (bumperbot_cpp_examples) StdoutLine: {'line': b'-- Install configuration: ""\n'}
[0.369251] (bumperbot_cpp_examples) StdoutLine: {'line': b'-- Up-to-date: /home/eeiww/ud90uhak/bumperbot_ws/src/install/bumperbot_cpp_examples/share/ament_index/resource_index/package_run_dependencies/bumperbot_cpp_examples\n'}
[0.370399] (bumperbot_cpp_examples) StdoutLine: {'line': b'-- Up-to-date: /home/eeiww/ud90uhak/bumperbot_ws/src/install/bumperbot_cpp_examples/share/ament_index/resource_index/parent_prefix_path/bumperbot_cpp_examples\n'}
[0.372028] (bumperbot_cpp_examples) StdoutLine: {'line': b'-- Up-to-date: /home/eeiww/ud90uhak/bumperbot_ws/src/install/bumperbot_cpp_examples/share/bumperbot_cpp_examples/environment/ament_prefix_path.sh\n'}
[0.372676] (bumperbot_description) StdoutLine: {'line': b'-- Found ament_lint_auto: 0.17.1 (/opt/ros/jazzy/share/ament_lint_auto/cmake)\n'}
[0.372869] (bumperbot_cpp_examples) StdoutLine: {'line': b'-- Up-to-date: /home/eeiww/ud90uhak/bumperbot_ws/src/install/bumperbot_cpp_examples/share/bumperbot_cpp_examples/environment/ament_prefix_path.dsv\n'}
[0.373543] (bumperbot_cpp_examples) StdoutLine: {'line': b'-- Up-to-date: /home/eeiww/ud90uhak/bumperbot_ws/src/install/bumperbot_cpp_examples/share/bumperbot_cpp_examples/environment/path.sh\n'}
[0.374229] (bumperbot_cpp_examples) StdoutLine: {'line': b'-- Up-to-date: /home/eeiww/ud90uhak/bumperbot_ws/src/install/bumperbot_cpp_examples/share/bumperbot_cpp_examples/environment/path.dsv\n'}
[0.374949] (bumperbot_cpp_examples) StdoutLine: {'line': b'-- Up-to-date: /home/eeiww/ud90uhak/bumperbot_ws/src/install/bumperbot_cpp_examples/share/bumperbot_cpp_examples/local_setup.bash\n'}
[0.375610] (bumperbot_cpp_examples) StdoutLine: {'line': b'-- Up-to-date: /home/eeiww/ud90uhak/bumperbot_ws/src/install/bumperbot_cpp_examples/share/bumperbot_cpp_examples/local_setup.sh\n'}
[0.376358] (bumperbot_cpp_examples) StdoutLine: {'line': b'-- Up-to-date: /home/eeiww/ud90uhak/bumperbot_ws/src/install/bumperbot_cpp_examples/share/bumperbot_cpp_examples/local_setup.zsh\n'}
[0.377263] (bumperbot_cpp_examples) StdoutLine: {'line': b'-- Up-to-date: /home/eeiww/ud90uhak/bumperbot_ws/src/install/bumperbot_cpp_examples/share/bumperbot_cpp_examples/local_setup.dsv\n'}
[0.378057] (bumperbot_cpp_examples) StdoutLine: {'line': b'-- Installing: /home/eeiww/ud90uhak/bumperbot_ws/src/install/bumperbot_cpp_examples/share/bumperbot_cpp_examples/package.dsv\n'}
[0.384501] (bumperbot_cpp_examples) StdoutLine: {'line': b'-- Up-to-date: /home/eeiww/ud90uhak/bumperbot_ws/src/install/bumperbot_cpp_examples/share/ament_index/resource_index/packages/bumperbot_cpp_examples\n'}
[0.385745] (bumperbot_cpp_examples) StdoutLine: {'line': b'-- Up-to-date: /home/eeiww/ud90uhak/bumperbot_ws/src/install/bumperbot_cpp_examples/share/bumperbot_cpp_examples/cmake/bumperbot_cpp_examplesConfig.cmake\n'}
[0.386589] (bumperbot_cpp_examples) StdoutLine: {'line': b'-- Up-to-date: /home/eeiww/ud90uhak/bumperbot_ws/src/install/bumperbot_cpp_examples/share/bumperbot_cpp_examples/cmake/bumperbot_cpp_examplesConfig-version.cmake\n'}
[0.387899] (bumperbot_cpp_examples) StdoutLine: {'line': b'-- Up-to-date: /home/eeiww/ud90uhak/bumperbot_ws/src/install/bumperbot_cpp_examples/share/bumperbot_cpp_examples/package.xml\n'}
[0.392358] (bumperbot_cpp_examples) CommandEnded: {'returncode': 0}
[0.399216] (-) TimerEvent: {}
[0.412683] (bumperbot_controller) StdoutLine: {'line': b'running egg_info\n'}
[0.447302] (bumperbot_controller) StdoutLine: {'line': b'writing bumperbot_controller.egg-info/PKG-INFO\n'}
[0.450749] (bumperbot_controller) StdoutLine: {'line': b'writing dependency_links to bumperbot_controller.egg-info/dependency_links.txt\n'}
[0.454142] (bumperbot_controller) StdoutLine: {'line': b'writing top-level names to bumperbot_controller.egg-info/top_level.txt\n'}
[0.455687] (bumperbot_cpp_examples) JobEnded: {'identifier': 'bumperbot_cpp_examples', 'rc': 0}
[0.499327] (-) TimerEvent: {}
[0.526212] (bumperbot_description) StdoutLine: {'line': b"-- Added test 'flake8' to check Python code syntax and style conventions\n"}
[0.526332] (bumperbot_description) StdoutLine: {'line': b"-- Configured 'flake8' exclude dirs and/or files: \n"}
[0.532381] (bumperbot_description) StdoutLine: {'line': b"-- Added test 'lint_cmake' to check CMake code style\n"}
[0.535640] (bumperbot_description) StdoutLine: {'line': b"-- Added test 'pep257' to check Python code against some of the docstring style conventions in PEP 257\n"}
[0.555491] (bumperbot_controller) StdoutLine: {'line': b"reading manifest file 'bumperbot_controller.egg-info/SOURCES.txt'\n"}
[0.558045] (bumperbot_controller) StdoutLine: {'line': b"writing manifest file 'bumperbot_controller.egg-info/SOURCES.txt'\n"}
[0.562447] (bumperbot_description) StdoutLine: {'line': b"-- Added test 'xmllint' to check XML markup files\n"}
[0.576489] (bumperbot_description) StdoutLine: {'line': b'-- Configuring done (0.5s)\n'}
[0.582204] (bumperbot_controller) StdoutLine: {'line': b'[100%] Built target ament_cmake_python_build_bumperbot_controller_egg\n'}
[0.593258] (bumperbot_controller) CommandEnded: {'returncode': 0}
[0.596833] (bumperbot_controller) JobProgress: {'identifier': 'bumperbot_controller', 'progress': 'install'}
[0.597290] (bumperbot_controller) Command: {'cmd': ['/usr/bin/cmake', '--install', '/home/eeiww/ud90uhak/bumperbot_ws/src/build/bumperbot_controller'], 'cwd': '/home/eeiww/ud90uhak/bumperbot_ws/src/build/bumperbot_controller', 'env': OrderedDict({'LANGUAGE': 'en_US:', 'USER': 'ud90uhak', 'LC_TIME': 'de_DE.UTF-8', 'XDG_SESSION_TYPE': 'x11', 'LAMMPS_POTENTIALS': 'share/lammps/potentials', 'SHLVL': '1', 'LD_LIBRARY_PATH': '/opt/ros/jazzy/opt/rviz_ogre_vendor/lib:/opt/ros/jazzy/lib/x86_64-linux-gnu:/opt/ros/jazzy/opt/gz_math_vendor/lib:/opt/ros/jazzy/opt/gz_utils_vendor/lib:/opt/ros/jazzy/opt/gz_cmake_vendor/lib:/opt/ros/jazzy/lib', 'HOME': '/home/eeiww/ud90uhak', 'OLDPWD': '/home/eeiww/ud90uhak', 'DESKTOP_SESSION': 'ubuntu', 'ROS_PYTHON_VERSION': '3', 'GNOME_SHELL_SESSION_MODE': 'ubuntu', 'GTK_MODULES': 'gail:atk-bridge', 'LC_MONETARY': 'de_DE.UTF-8', 'LM_PROJECT': 'iwe0', 'SYSTEMD_EXEC_PID': '16719', 'GSM_SKIP_SSH_AGENT_WORKAROUND': 'true', 'DBUS_SESSION_BUS_ADDRESS': 'unix:path=/run/user/439630/bus', 'COLORTERM': 'truecolor', 'DEBUGINFOD_URLS': 'https://debuginfod.ubuntu.com', 'IM_CONFIG_PHASE': '1', 'ROS_DISTRO': 'jazzy', 'LOGNAME': 'ud90uhak', '_': '/usr/bin/colcon', 'ROS_VERSION': '2', 'MEMORY_PRESSURE_WATCH': '/sys/fs/cgroup/user.slice/user-439630.slice/user@439630.service/session.slice/org.gnome.Shell@x11.service/memory.pressure', 'XDG_SESSION_CLASS': 'user', 'USERNAME': 'ud90uhak', 'TERM': 'xterm-256color', 'GNOME_DESKTOP_SESSION_ID': 'this-is-deprecated', 'WINDOWPATH': '2', 'PATH': '/opt/ros/jazzy/bin:/usr/local/sbin:/usr/local/bin:/usr/sbin:/usr/bin:/sbin:/bin:/usr/games:/usr/local/games:/snap/bin:/snap/bin', 'SESSION_MANAGER': 'local/cip115-42:@/tmp/.ICE-unix/16702,unix/cip115-42:/tmp/.ICE-unix/16702', 'XDG_MENU_PREFIX': 'gnome-', 'LC_ADDRESS': 'de_DE.UTF-8', 'GNOME_TERMINAL_SCREEN': '/org/gnome/Terminal/screen/8f6990e6_1881_42b6_aa36_e40ea911228d', 'XDG_RUNTIME_DIR': '/run/user/439630', 'DISPLAY': ':1', 'LANG': 'en_US.UTF-8', 'XDG_CURRENT_DESKTOP': 'ubuntu:GNOME', 'LC_TELEPHONE': 'de_DE.UTF-8', 'XMODIFIERS': '@im=ibus', 'XDG_SESSION_DESKTOP': 'ubuntu', 'XAUTHORITY': '/run/user/439630/gdm/Xauthority', 'GNOME_TERMINAL_SERVICE': ':1.147', 'SSH_AUTH_SOCK': '/run/user/439630/gnupg/S.gpg-agent.ssh', 'AMENT_PREFIX_PATH': '/opt/ros/jazzy', 'SHELL': '/bin/bash', 'LC_NAME': 'de_DE.UTF-8', 'KRB5CCNAME': 'FILE:/tmp/krb5cc_439630', 'QT_ACCESSIBILITY': '1', 'GDMSESSION': 'ubuntu', 'LC_MEASUREMENT': 'de_DE.UTF-8', 'GPG_AGENT_INFO': '/run/user/439630/gnupg/S.gpg-agent:0:1', 'LC_IDENTIFICATION': 'de_DE.UTF-8', 'ROS_AUTOMATIC_DISCOVERY_RANGE': 'SUBNET', 'QT_IM_MODULE': 'ibus', 'PWD': '/home/eeiww/ud90uhak/bumperbot_ws/src/build/bumperbot_controller', 'XDG_CONFIG_DIRS': '/etc/xdg/xdg-ubuntu:/etc/xdg', 'XDG_DATA_DIRS': '/usr/share/ubuntu:/usr/share/gnome:/usr/local/share/:/usr/share/:/var/lib/snapd/desktop', 'QTWEBENGINE_DICTIONARIES_PATH': '/usr/share/hunspell-bdic/', 'PYTHONPATH': '/opt/ros/jazzy/lib/python3.12/site-packages', 'LC_NUMERIC': 'de_DE.UTF-8', 'MSI2LMP_LIBRARY': 'share/lammps/frc_files', 'LC_PAPER': 'de_DE.UTF-8', 'COLCON': '1', 'MEMORY_PRESSURE_WRITE': 'c29tZSAyMDAwMDAgMjAwMDAwMAA=', 'LS_OPTIONS': '-N --color=tty -T 0', 'VTE_VERSION': '7600', 'CMAKE_PREFIX_PATH': '/opt/ros/jazzy/opt/gz_math_vendor:/opt/ros/jazzy/opt/gz_utils_vendor:/opt/ros/jazzy/opt/gz_cmake_vendor:/opt/ros/jazzy'}), 'shell': False}
[0.599415] (-) TimerEvent: {}
[0.608678] (bumperbot_controller) StdoutLine: {'line': b'-- Install configuration: ""\n'}
[0.610423] (bumperbot_controller) StdoutLine: {'line': b'-- Up-to-date: /home/eeiww/ud90uhak/bumperbot_ws/src/install/bumperbot_controller/share/bumperbot_controller/environment/pythonpath.sh\n'}
[0.611225] (bumperbot_controller) StdoutLine: {'line': b'-- Up-to-date: /home/eeiww/ud90uhak/bumperbot_ws/src/install/bumperbot_controller/share/bumperbot_controller/environment/pythonpath.dsv\n'}
[0.612980] (bumperbot_controller) StdoutLine: {'line': b'-- Up-to-date: /home/eeiww/ud90uhak/bumperbot_ws/src/install/bumperbot_controller/lib/python3.12/site-packages/bumperbot_controller-0.0.0-py3.12.egg-info\n'}
[0.614565] (bumperbot_controller) StdoutLine: {'line': b'-- Installing: /home/eeiww/ud90uhak/bumperbot_ws/src/install/bumperbot_controller/lib/python3.12/site-packages/bumperbot_controller-0.0.0-py3.12.egg-info/top_level.txt\n'}
[0.621023] (bumperbot_controller) StdoutLine: {'line': b'-- Installing: /home/eeiww/ud90uhak/bumperbot_ws/src/install/bumperbot_controller/lib/python3.12/site-packages/bumperbot_controller-0.0.0-py3.12.egg-info/PKG-INFO\n'}
[0.627813] (bumperbot_controller) StdoutLine: {'line': b'-- Installing: /home/eeiww/ud90uhak/bumperbot_ws/src/install/bumperbot_controller/lib/python3.12/site-packages/bumperbot_controller-0.0.0-py3.12.egg-info/SOURCES.txt\n'}
[0.634169] (bumperbot_controller) StdoutLine: {'line': b'-- Installing: /home/eeiww/ud90uhak/bumperbot_ws/src/install/bumperbot_controller/lib/python3.12/site-packages/bumperbot_controller-0.0.0-py3.12.egg-info/dependency_links.txt\n'}
[0.640197] (bumperbot_controller) StdoutLine: {'line': b'-- Up-to-date: /home/eeiww/ud90uhak/bumperbot_ws/src/install/bumperbot_controller/lib/python3.12/site-packages/bumperbot_controller\n'}
[0.641660] (bumperbot_controller) StdoutLine: {'line': b'-- Up-to-date: /home/eeiww/ud90uhak/bumperbot_ws/src/install/bumperbot_controller/lib/python3.12/site-packages/bumperbot_controller/__init__.py\n'}
[0.642315] (bumperbot_controller) StdoutLine: {'line': b'-- Up-to-date: /home/eeiww/ud90uhak/bumperbot_ws/src/install/bumperbot_controller/lib/python3.12/site-packages/bumperbot_controller/simple_controller.py\n'}
[0.666616] (bumperbot_description) StdoutLine: {'line': b'-- Generating done (0.1s)\n'}
[0.674676] (bumperbot_controller) StdoutLine: {'line': b"Listing '/home/eeiww/ud90uhak/bumperbot_ws/src/install/bumperbot_controller/lib/python3.12/site-packages/bumperbot_controller'...\n"}
[0.679966] (bumperbot_controller) StdoutLine: {'line': b'-- Up-to-date: /home/eeiww/ud90uhak/bumperbot_ws/src/install/bumperbot_controller/include/include\n'}
[0.681395] (bumperbot_controller) StdoutLine: {'line': b'-- Up-to-date: /home/eeiww/ud90uhak/bumperbot_ws/src/install/bumperbot_controller/include/include/bumperbot_controller\n'}
[0.682733] (bumperbot_controller) StdoutLine: {'line': b'-- Up-to-date: /home/eeiww/ud90uhak/bumperbot_ws/src/install/bumperbot_controller/include/include/bumperbot_controller/simple_controller.hpp\n'}
[0.686943] (bumperbot_controller) StdoutLine: {'line': b'-- Up-to-date: /home/eeiww/ud90uhak/bumperbot_ws/src/install/bumperbot_controller/lib/bumperbot_controller/simple_controller\n'}
[0.692415] (bumperbot_controller) StdoutLine: {'line': b'-- Up-to-date: /home/eeiww/ud90uhak/bumperbot_ws/src/install/bumperbot_controller/share/bumperbot_controller/launch\n'}
[0.694123] (bumperbot_controller) StdoutLine: {'line': b'-- Up-to-date: /home/eeiww/ud90uhak/bumperbot_ws/src/install/bumperbot_controller/share/bumperbot_controller/launch/joystick_teleop.launch.py\n'}
[0.695208] (bumperbot_controller) StdoutLine: {'line': b'-- Up-to-date: /home/eeiww/ud90uhak/bumperbot_ws/src/install/bumperbot_controller/share/bumperbot_controller/launch/controller.launch.py\n'}
[0.696399] (bumperbot_controller) StdoutLine: {'line': b'-- Up-to-date: /home/eeiww/ud90uhak/bumperbot_ws/src/install/bumperbot_controller/share/bumperbot_controller/config\n'}
[0.698401] (bumperbot_controller) StdoutLine: {'line': b'-- Up-to-date: /home/eeiww/ud90uhak/bumperbot_ws/src/install/bumperbot_controller/share/bumperbot_controller/config/joy_teleop.yaml\n'}
[0.699532] (-) TimerEvent: {}
[0.699635] (bumperbot_controller) StdoutLine: {'line': b'-- Up-to-date: /home/eeiww/ud90uhak/bumperbot_ws/src/install/bumperbot_controller/share/bumperbot_controller/config/joy_config.yaml\n'}
[0.700808] (bumperbot_controller) StdoutLine: {'line': b'-- Up-to-date: /home/eeiww/ud90uhak/bumperbot_ws/src/install/bumperbot_controller/share/bumperbot_controller/config/bumperbot_controller.yaml\n'}
[0.701664] (bumperbot_controller) StdoutLine: {'line': b'-- Up-to-date: /home/eeiww/ud90uhak/bumperbot_ws/src/install/bumperbot_controller/lib/bumperbot_controller/simple_controller.py\n'}
[0.703895] (bumperbot_controller) StdoutLine: {'line': b'-- Up-to-date: /home/eeiww/ud90uhak/bumperbot_ws/src/install/bumperbot_controller/share/ament_index/resource_index/package_run_dependencies/bumperbot_controller\n'}
[0.705050] (bumperbot_controller) StdoutLine: {'line': b'-- Up-to-date: /home/eeiww/ud90uhak/bumperbot_ws/src/install/bumperbot_controller/share/ament_index/resource_index/parent_prefix_path/bumperbot_controller\n'}
[0.706002] (bumperbot_controller) StdoutLine: {'line': b'-- Up-to-date: /home/eeiww/ud90uhak/bumperbot_ws/src/install/bumperbot_controller/share/bumperbot_controller/environment/ament_prefix_path.sh\n'}
[0.706759] (bumperbot_description) StdoutLine: {'line': b'-- Build files have been written to: /home/eeiww/ud90uhak/bumperbot_ws/src/build/bumperbot_description\n'}
[0.706867] (bumperbot_controller) StdoutLine: {'line': b'-- Up-to-date: /home/eeiww/ud90uhak/bumperbot_ws/src/install/bumperbot_controller/share/bumperbot_controller/environment/ament_prefix_path.dsv\n'}
[0.707603] (bumperbot_controller) StdoutLine: {'line': b'-- Up-to-date: /home/eeiww/ud90uhak/bumperbot_ws/src/install/bumperbot_controller/share/bumperbot_controller/environment/path.sh\n'}
[0.708457] (bumperbot_controller) StdoutLine: {'line': b'-- Up-to-date: /home/eeiww/ud90uhak/bumperbot_ws/src/install/bumperbot_controller/share/bumperbot_controller/environment/path.dsv\n'}
[0.709439] (bumperbot_controller) StdoutLine: {'line': b'-- Up-to-date: /home/eeiww/ud90uhak/bumperbot_ws/src/install/bumperbot_controller/share/bumperbot_controller/local_setup.bash\n'}
[0.710294] (bumperbot_controller) StdoutLine: {'line': b'-- Up-to-date: /home/eeiww/ud90uhak/bumperbot_ws/src/install/bumperbot_controller/share/bumperbot_controller/local_setup.sh\n'}
[0.711171] (bumperbot_controller) StdoutLine: {'line': b'-- Up-to-date: /home/eeiww/ud90uhak/bumperbot_ws/src/install/bumperbot_controller/share/bumperbot_controller/local_setup.zsh\n'}
[0.712021] (bumperbot_controller) StdoutLine: {'line': b'-- Up-to-date: /home/eeiww/ud90uhak/bumperbot_ws/src/install/bumperbot_controller/share/bumperbot_controller/local_setup.dsv\n'}
[0.712740] (bumperbot_controller) StdoutLine: {'line': b'-- Installing: /home/eeiww/ud90uhak/bumperbot_ws/src/install/bumperbot_controller/share/bumperbot_controller/package.dsv\n'}
[0.719457] (bumperbot_controller) StdoutLine: {'line': b'-- Up-to-date: /home/eeiww/ud90uhak/bumperbot_ws/src/install/bumperbot_controller/share/ament_index/resource_index/packages/bumperbot_controller\n'}
[0.720711] (bumperbot_controller) StdoutLine: {'line': b'-- Up-to-date: /home/eeiww/ud90uhak/bumperbot_ws/src/install/bumperbot_controller/share/bumperbot_controller/cmake/bumperbot_controllerConfig.cmake\n'}
[0.721526] (bumperbot_controller) StdoutLine: {'line': b'-- Up-to-date: /home/eeiww/ud90uhak/bumperbot_ws/src/install/bumperbot_controller/share/bumperbot_controller/cmake/bumperbot_controllerConfig-version.cmake\n'}
[0.722794] (bumperbot_controller) StdoutLine: {'line': b'-- Up-to-date: /home/eeiww/ud90uhak/bumperbot_ws/src/install/bumperbot_controller/share/bumperbot_controller/package.xml\n'}
[0.726590] (bumperbot_controller) CommandEnded: {'returncode': 0}
[0.799638] (-) TimerEvent: {}
[0.804604] (bumperbot_controller) JobEnded: {'identifier': 'bumperbot_controller', 'rc': 0}
[0.811435] (bumperbot_description) CommandEnded: {'returncode': 0}
[0.811633] (bumperbot_description) JobProgress: {'identifier': 'bumperbot_description', 'progress': 'install'}
[0.811653] (bumperbot_description) Command: {'cmd': ['/usr/bin/cmake', '--install', '/home/eeiww/ud90uhak/bumperbot_ws/src/build/bumperbot_description'], 'cwd': '/home/eeiww/ud90uhak/bumperbot_ws/src/build/bumperbot_description', 'env': OrderedDict({'LANGUAGE': 'en_US:', 'USER': 'ud90uhak', 'LC_TIME': 'de_DE.UTF-8', 'XDG_SESSION_TYPE': 'x11', 'LAMMPS_POTENTIALS': 'share/lammps/potentials', 'SHLVL': '1', 'LD_LIBRARY_PATH': '/opt/ros/jazzy/opt/rviz_ogre_vendor/lib:/opt/ros/jazzy/lib/x86_64-linux-gnu:/opt/ros/jazzy/opt/gz_math_vendor/lib:/opt/ros/jazzy/opt/gz_utils_vendor/lib:/opt/ros/jazzy/opt/gz_cmake_vendor/lib:/opt/ros/jazzy/lib', 'HOME': '/home/eeiww/ud90uhak', 'OLDPWD': '/home/eeiww/ud90uhak', 'DESKTOP_SESSION': 'ubuntu', 'ROS_PYTHON_VERSION': '3', 'GNOME_SHELL_SESSION_MODE': 'ubuntu', 'GTK_MODULES': 'gail:atk-bridge', 'LC_MONETARY': 'de_DE.UTF-8', 'LM_PROJECT': 'iwe0', 'SYSTEMD_EXEC_PID': '16719', 'GSM_SKIP_SSH_AGENT_WORKAROUND': 'true', 'DBUS_SESSION_BUS_ADDRESS': 'unix:path=/run/user/439630/bus', 'COLORTERM': 'truecolor', 'DEBUGINFOD_URLS': 'https://debuginfod.ubuntu.com', 'IM_CONFIG_PHASE': '1', 'ROS_DISTRO': 'jazzy', 'LOGNAME': 'ud90uhak', '_': '/usr/bin/colcon', 'ROS_VERSION': '2', 'MEMORY_PRESSURE_WATCH': '/sys/fs/cgroup/user.slice/user-439630.slice/user@439630.service/session.slice/org.gnome.Shell@x11.service/memory.pressure', 'XDG_SESSION_CLASS': 'user', 'USERNAME': 'ud90uhak', 'TERM': 'xterm-256color', 'GNOME_DESKTOP_SESSION_ID': 'this-is-deprecated', 'WINDOWPATH': '2', 'PATH': '/opt/ros/jazzy/bin:/usr/local/sbin:/usr/local/bin:/usr/sbin:/usr/bin:/sbin:/bin:/usr/games:/usr/local/games:/snap/bin:/snap/bin', 'SESSION_MANAGER': 'local/cip115-42:@/tmp/.ICE-unix/16702,unix/cip115-42:/tmp/.ICE-unix/16702', 'XDG_MENU_PREFIX': 'gnome-', 'LC_ADDRESS': 'de_DE.UTF-8', 'GNOME_TERMINAL_SCREEN': '/org/gnome/Terminal/screen/8f6990e6_1881_42b6_aa36_e40ea911228d', 'XDG_RUNTIME_DIR': '/run/user/439630', 'DISPLAY': ':1', 'LANG': 'en_US.UTF-8', 'XDG_CURRENT_DESKTOP': 'ubuntu:GNOME', 'LC_TELEPHONE': 'de_DE.UTF-8', 'XMODIFIERS': '@im=ibus', 'XDG_SESSION_DESKTOP': 'ubuntu', 'XAUTHORITY': '/run/user/439630/gdm/Xauthority', 'GNOME_TERMINAL_SERVICE': ':1.147', 'SSH_AUTH_SOCK': '/run/user/439630/gnupg/S.gpg-agent.ssh', 'AMENT_PREFIX_PATH': '/opt/ros/jazzy', 'SHELL': '/bin/bash', 'LC_NAME': 'de_DE.UTF-8', 'KRB5CCNAME': 'FILE:/tmp/krb5cc_439630', 'QT_ACCESSIBILITY': '1', 'GDMSESSION': 'ubuntu', 'LC_MEASUREMENT': 'de_DE.UTF-8', 'GPG_AGENT_INFO': '/run/user/439630/gnupg/S.gpg-agent:0:1', 'LC_IDENTIFICATION': 'de_DE.UTF-8', 'ROS_AUTOMATIC_DISCOVERY_RANGE': 'SUBNET', 'QT_IM_MODULE': 'ibus', 'PWD': '/home/eeiww/ud90uhak/bumperbot_ws/src/build/bumperbot_description', 'XDG_CONFIG_DIRS': '/etc/xdg/xdg-ubuntu:/etc/xdg', 'XDG_DATA_DIRS': '/usr/share/ubuntu:/usr/share/gnome:/usr/local/share/:/usr/share/:/var/lib/snapd/desktop', 'QTWEBENGINE_DICTIONARIES_PATH': '/usr/share/hunspell-bdic/', 'PYTHONPATH': '/opt/ros/jazzy/lib/python3.12/site-packages', 'LC_NUMERIC': 'de_DE.UTF-8', 'MSI2LMP_LIBRARY': 'share/lammps/frc_files', 'LC_PAPER': 'de_DE.UTF-8', 'COLCON': '1', 'MEMORY_PRESSURE_WRITE': 'c29tZSAyMDAwMDAgMjAwMDAwMAA=', 'LS_OPTIONS': '-N --color=tty -T 0', 'VTE_VERSION': '7600', 'CMAKE_PREFIX_PATH': '/opt/ros/jazzy/opt/gz_math_vendor:/opt/ros/jazzy/opt/gz_utils_vendor:/opt/ros/jazzy/opt/gz_cmake_vendor:/opt/ros/jazzy'}), 'shell': False}
[0.817835] (bumperbot_description) StdoutLine: {'line': b'-- Install configuration: ""\n'}
[0.819616] (bumperbot_description) StdoutLine: {'line': b'-- Up-to-date: /home/eeiww/ud90uhak/bumperbot_ws/src/install/bumperbot_description/share/bumperbot_description/meshes\n'}
[0.821119] (bumperbot_description) StdoutLine: {'line': b'-- Up-to-date: /home/eeiww/ud90uhak/bumperbot_ws/src/install/bumperbot_description/share/bumperbot_description/meshes/base_link.STL\n'}
[0.821981] (bumperbot_description) StdoutLine: {'line': b'-- Up-to-date: /home/eeiww/ud90uhak/bumperbot_ws/src/install/bumperbot_description/share/bumperbot_description/meshes/wheel_left_link.STL\n'}
[0.822712] (bumperbot_description) StdoutLine: {'line': b'-- Up-to-date: /home/eeiww/ud90uhak/bumperbot_ws/src/install/bumperbot_description/share/bumperbot_description/meshes/caster_front_link.STL\n'}
[0.823559] (bumperbot_description) StdoutLine: {'line': b'-- Up-to-date: /home/eeiww/ud90uhak/bumperbot_ws/src/install/bumperbot_description/share/bumperbot_description/meshes/imu_link.STL\n'}
[0.824336] (bumperbot_description) StdoutLine: {'line': b'-- Up-to-date: /home/eeiww/ud90uhak/bumperbot_ws/src/install/bumperbot_description/share/bumperbot_description/meshes/caster_rear_link.STL\n'}
[0.825085] (bumperbot_description) StdoutLine: {'line': b'-- Up-to-date: /home/eeiww/ud90uhak/bumperbot_ws/src/install/bumperbot_description/share/bumperbot_description/meshes/wheel_right_link.STL\n'}
[0.825779] (bumperbot_description) StdoutLine: {'line': b'-- Up-to-date: /home/eeiww/ud90uhak/bumperbot_ws/src/install/bumperbot_description/share/bumperbot_description/urdf\n'}
[0.827074] (bumperbot_description) StdoutLine: {'line': b'-- Installing: /home/eeiww/ud90uhak/bumperbot_ws/src/install/bumperbot_description/share/bumperbot_description/urdf/bumperbot_ros2_control.xacro\n'}
[0.833128] (bumperbot_description) StdoutLine: {'line': b'-- Installing: /home/eeiww/ud90uhak/bumperbot_ws/src/install/bumperbot_description/share/bumperbot_description/urdf/bumperbot_gazebo.xacro\n'}
[0.839921] (bumperbot_description) StdoutLine: {'line': b'-- Installing: /home/eeiww/ud90uhak/bumperbot_ws/src/install/bumperbot_description/share/bumperbot_description/urdf/bumperbot.urdf.xacro\n'}
[0.847417] (bumperbot_description) StdoutLine: {'line': b'-- Up-to-date: /home/eeiww/ud90uhak/bumperbot_ws/src/install/bumperbot_description/share/bumperbot_description/launch\n'}
[0.848867] (bumperbot_description) StdoutLine: {'line': b'-- Installing: /home/eeiww/ud90uhak/bumperbot_ws/src/install/bumperbot_description/share/bumperbot_description/launch/display.launch.py\n'}
[0.854580] (bumperbot_description) StdoutLine: {'line': b'-- Up-to-date: /home/eeiww/ud90uhak/bumperbot_ws/src/install/bumperbot_description/share/bumperbot_description/launch/gazebo.launch.py\n'}
[0.855323] (bumperbot_description) StdoutLine: {'line': b'-- Up-to-date: /home/eeiww/ud90uhak/bumperbot_ws/src/install/bumperbot_description/share/bumperbot_description/rviz\n'}
[0.856890] (bumperbot_description) StdoutLine: {'line': b'-- Up-to-date: /home/eeiww/ud90uhak/bumperbot_ws/src/install/bumperbot_description/share/bumperbot_description/rviz/display.rviz\n'}
[0.858845] (bumperbot_description) StdoutLine: {'line': b'-- Up-to-date: /home/eeiww/ud90uhak/bumperbot_ws/src/install/bumperbot_description/share/ament_index/resource_index/package_run_dependencies/bumperbot_description\n'}
[0.859983] (bumperbot_description) StdoutLine: {'line': b'-- Up-to-date: /home/eeiww/ud90uhak/bumperbot_ws/src/install/bumperbot_description/share/ament_index/resource_index/parent_prefix_path/bumperbot_description\n'}
[0.861008] (bumperbot_description) StdoutLine: {'line': b'-- Up-to-date: /home/eeiww/ud90uhak/bumperbot_ws/src/install/bumperbot_description/share/bumperbot_description/environment/ament_prefix_path.sh\n'}
[0.861698] (bumperbot_description) StdoutLine: {'line': b'-- Up-to-date: /home/eeiww/ud90uhak/bumperbot_ws/src/install/bumperbot_description/share/bumperbot_description/environment/ament_prefix_path.dsv\n'}
[0.862504] (bumperbot_description) StdoutLine: {'line': b'-- Up-to-date: /home/eeiww/ud90uhak/bumperbot_ws/src/install/bumperbot_description/share/bumperbot_description/environment/path.sh\n'}
[0.863251] (bumperbot_description) StdoutLine: {'line': b'-- Up-to-date: /home/eeiww/ud90uhak/bumperbot_ws/src/install/bumperbot_description/share/bumperbot_description/environment/path.dsv\n'}
[0.863955] (bumperbot_description) StdoutLine: {'line': b'-- Up-to-date: /home/eeiww/ud90uhak/bumperbot_ws/src/install/bumperbot_description/share/bumperbot_description/local_setup.bash\n'}
[0.864590] (bumperbot_description) StdoutLine: {'line': b'-- Up-to-date: /home/eeiww/ud90uhak/bumperbot_ws/src/install/bumperbot_description/share/bumperbot_description/local_setup.sh\n'}
[0.865333] (bumperbot_description) StdoutLine: {'line': b'-- Up-to-date: /home/eeiww/ud90uhak/bumperbot_ws/src/install/bumperbot_description/share/bumperbot_description/local_setup.zsh\n'}
[0.865974] (bumperbot_description) StdoutLine: {'line': b'-- Up-to-date: /home/eeiww/ud90uhak/bumperbot_ws/src/install/bumperbot_description/share/bumperbot_description/local_setup.dsv\n'}
[0.866696] (bumperbot_description) StdoutLine: {'line': b'-- Installing: /home/eeiww/ud90uhak/bumperbot_ws/src/install/bumperbot_description/share/bumperbot_description/package.dsv\n'}
[0.871499] (bumperbot_description) StdoutLine: {'line': b'-- Up-to-date: /home/eeiww/ud90uhak/bumperbot_ws/src/install/bumperbot_description/share/ament_index/resource_index/packages/bumperbot_description\n'}
[0.872606] (bumperbot_description) StdoutLine: {'line': b'-- Up-to-date: /home/eeiww/ud90uhak/bumperbot_ws/src/install/bumperbot_description/share/bumperbot_description/cmake/bumperbot_descriptionConfig.cmake\n'}
[0.873351] (bumperbot_description) StdoutLine: {'line': b'-- Up-to-date: /home/eeiww/ud90uhak/bumperbot_ws/src/install/bumperbot_description/share/bumperbot_description/cmake/bumperbot_descriptionConfig-version.cmake\n'}
[0.874501] (bumperbot_description) StdoutLine: {'line': b'-- Installing: /home/eeiww/ud90uhak/bumperbot_ws/src/install/bumperbot_description/share/bumperbot_description/package.xml\n'}
[0.882601] (bumperbot_description) CommandEnded: {'returncode': 0}
[0.899706] (-) TimerEvent: {}
[0.942995] (bumperbot_description) JobEnded: {'identifier': 'bumperbot_description', 'rc': 0}
[0.999815] (-) TimerEvent: {}
[1.099962] (-) TimerEvent: {}
[1.152828] (bumperbot_py_examples) Command: {'cmd': ['/usr/bin/python3', '-W', 'ignore:setup.py install is deprecated', '-W', 'ignore:easy_install command is deprecated', 'setup.py', 'egg_info', '--egg-base', '../build/bumperbot_py_examples', 'build', '--build-base', '/home/eeiww/ud90uhak/bumperbot_ws/src/build/bumperbot_py_examples/build', 'install', '--record', '/home/eeiww/ud90uhak/bumperbot_ws/src/build/bumperbot_py_examples/install.log', '--single-version-externally-managed', 'install_data'], 'cwd': '/home/eeiww/ud90uhak/bumperbot_ws/src/bumperbot_py_examples', 'env': {'LANGUAGE': 'en_US:', 'USER': 'ud90uhak', 'LC_TIME': 'de_DE.UTF-8', 'XDG_SESSION_TYPE': 'x11', 'LAMMPS_POTENTIALS': 'share/lammps/potentials', 'SHLVL': '1', 'LD_LIBRARY_PATH': '/opt/ros/jazzy/opt/rviz_ogre_vendor/lib:/opt/ros/jazzy/lib/x86_64-linux-gnu:/opt/ros/jazzy/opt/gz_math_vendor/lib:/opt/ros/jazzy/opt/gz_utils_vendor/lib:/opt/ros/jazzy/opt/gz_cmake_vendor/lib:/opt/ros/jazzy/lib', 'HOME': '/home/eeiww/ud90uhak', 'OLDPWD': '/home/eeiww/ud90uhak', 'DESKTOP_SESSION': 'ubuntu', 'ROS_PYTHON_VERSION': '3', 'GNOME_SHELL_SESSION_MODE': 'ubuntu', 'GTK_MODULES': 'gail:atk-bridge', 'LC_MONETARY': 'de_DE.UTF-8', 'LM_PROJECT': 'iwe0', 'SYSTEMD_EXEC_PID': '16719', 'GSM_SKIP_SSH_AGENT_WORKAROUND': 'true', 'DBUS_SESSION_BUS_ADDRESS': 'unix:path=/run/user/439630/bus', 'COLORTERM': 'truecolor', 'DEBUGINFOD_URLS': 'https://debuginfod.ubuntu.com', 'IM_CONFIG_PHASE': '1', 'ROS_DISTRO': 'jazzy', 'LOGNAME': 'ud90uhak', '_': '/usr/bin/colcon', 'ROS_VERSION': '2', 'MEMORY_PRESSURE_WATCH': '/sys/fs/cgroup/user.slice/user-439630.slice/user@439630.service/session.slice/org.gnome.Shell@x11.service/memory.pressure', 'XDG_SESSION_CLASS': 'user', 'USERNAME': 'ud90uhak', 'TERM': 'xterm-256color', 'GNOME_DESKTOP_SESSION_ID': 'this-is-deprecated', 'WINDOWPATH': '2', 'PATH': '/opt/ros/jazzy/bin:/usr/local/sbin:/usr/local/bin:/usr/sbin:/usr/bin:/sbin:/bin:/usr/games:/usr/local/games:/snap/bin:/snap/bin', 'SESSION_MANAGER': 'local/cip115-42:@/tmp/.ICE-unix/16702,unix/cip115-42:/tmp/.ICE-unix/16702', 'XDG_MENU_PREFIX': 'gnome-', 'LC_ADDRESS': 'de_DE.UTF-8', 'GNOME_TERMINAL_SCREEN': '/org/gnome/Terminal/screen/8f6990e6_1881_42b6_aa36_e40ea911228d', 'XDG_RUNTIME_DIR': '/run/user/439630', 'DISPLAY': ':1', 'LANG': 'en_US.UTF-8', 'XDG_CURRENT_DESKTOP': 'ubuntu:GNOME', 'LC_TELEPHONE': 'de_DE.UTF-8', 'XMODIFIERS': '@im=ibus', 'XDG_SESSION_DESKTOP': 'ubuntu', 'XAUTHORITY': '/run/user/439630/gdm/Xauthority', 'GNOME_TERMINAL_SERVICE': ':1.147', 'SSH_AUTH_SOCK': '/run/user/439630/gnupg/S.gpg-agent.ssh', 'AMENT_PREFIX_PATH': '/opt/ros/jazzy', 'SHELL': '/bin/bash', 'LC_NAME': 'de_DE.UTF-8', 'KRB5CCNAME': 'FILE:/tmp/krb5cc_439630', 'QT_ACCESSIBILITY': '1', 'GDMSESSION': 'ubuntu', 'LC_MEASUREMENT': 'de_DE.UTF-8', 'GPG_AGENT_INFO': '/run/user/439630/gnupg/S.gpg-agent:0:1', 'LC_IDENTIFICATION': 'de_DE.UTF-8', 'ROS_AUTOMATIC_DISCOVERY_RANGE': 'SUBNET', 'QT_IM_MODULE': 'ibus', 'PWD': '/home/eeiww/ud90uhak/bumperbot_ws/src/build/bumperbot_py_examples', 'XDG_CONFIG_DIRS': '/etc/xdg/xdg-ubuntu:/etc/xdg', 'XDG_DATA_DIRS': '/usr/share/ubuntu:/usr/share/gnome:/usr/local/share/:/usr/share/:/var/lib/snapd/desktop', 'QTWEBENGINE_DICTIONARIES_PATH': '/usr/share/hunspell-bdic/', 'PYTHONPATH': '/home/eeiww/ud90uhak/bumperbot_ws/src/build/bumperbot_py_examples/prefix_override:/usr/lib/python3/dist-packages/colcon_core/task/python/colcon_distutils_commands:/home/eeiww/ud90uhak/bumperbot_ws/src/install/bumperbot_py_examples/lib/python3.12/site-packages:/opt/ros/jazzy/lib/python3.12/site-packages', 'LC_NUMERIC': 'de_DE.UTF-8', 'MSI2LMP_LIBRARY': 'share/lammps/frc_files', 'LC_PAPER': 'de_DE.UTF-8', 'COLCON': '1', 'MEMORY_PRESSURE_WRITE': 'c29tZSAyMDAwMDAgMjAwMDAwMAA=', 'LS_OPTIONS': '-N --color=tty -T 0', 'VTE_VERSION': '7600', 'CMAKE_PREFIX_PATH': '/opt/ros/jazzy/opt/gz_math_vendor:/opt/ros/jazzy/opt/gz_utils_vendor:/opt/ros/jazzy/opt/gz_cmake_vendor'}, 'shell': False}
[1.200073] (-) TimerEvent: {}
[1.300285] (-) TimerEvent: {}
[1.400497] (-) TimerEvent: {}
[1.495090] (bumperbot_py_examples) StdoutLine: {'line': b'running egg_info\n'}
[1.500592] (-) TimerEvent: {}
[1.525828] (bumperbot_py_examples) StdoutLine: {'line': b'writing ../build/bumperbot_py_examples/bumperbot_py_examples.egg-info/PKG-INFO\n'}
[1.532427] (bumperbot_py_examples) StdoutLine: {'line': b'writing dependency_links to ../build/bumperbot_py_examples/bumperbot_py_examples.egg-info/dependency_links.txt\n'}
[1.536584] (bumperbot_py_examples) StdoutLine: {'line': b'writing entry points to ../build/bumperbot_py_examples/bumperbot_py_examples.egg-info/entry_points.txt\n'}
[1.540430] (bumperbot_py_examples) StdoutLine: {'line': b'writing requirements to ../build/bumperbot_py_examples/bumperbot_py_examples.egg-info/requires.txt\n'}
[1.543276] (bumperbot_py_examples) StdoutLine: {'line': b'writing top-level names to ../build/bumperbot_py_examples/bumperbot_py_examples.egg-info/top_level.txt\n'}
[1.600725] (-) TimerEvent: {}
[1.614997] (bumperbot_py_examples) StdoutLine: {'line': b"reading manifest file '../build/bumperbot_py_examples/bumperbot_py_examples.egg-info/SOURCES.txt'\n"}
[1.619718] (bumperbot_py_examples) StdoutLine: {'line': b"writing manifest file '../build/bumperbot_py_examples/bumperbot_py_examples.egg-info/SOURCES.txt'\n"}
[1.623873] (bumperbot_py_examples) StdoutLine: {'line': b'running build\n'}
[1.624009] (bumperbot_py_examples) StdoutLine: {'line': b'running build_py\n'}
[1.629667] (bumperbot_py_examples) StdoutLine: {'line': b'running install\n'}
[1.635016] (bumperbot_py_examples) StdoutLine: {'line': b'running install_lib\n'}
[1.673518] (bumperbot_py_examples) StdoutLine: {'line': b'running install_data\n'}
[1.676717] (bumperbot_py_examples) StdoutLine: {'line': b'running install_egg_info\n'}
[1.700802] (-) TimerEvent: {}
[1.707943] (bumperbot_py_examples) StdoutLine: {'line': b"removing '/home/eeiww/ud90uhak/bumperbot_ws/src/install/bumperbot_py_examples/lib/python3.12/site-packages/bumperbot_py_examples-0.0.0-py3.12.egg-info' (and everything under it)\n"}
[1.719190] (bumperbot_py_examples) StdoutLine: {'line': b'Copying ../build/bumperbot_py_examples/bumperbot_py_examples.egg-info to /home/eeiww/ud90uhak/bumperbot_ws/src/install/bumperbot_py_examples/lib/python3.12/site-packages/bumperbot_py_examples-0.0.0-py3.12.egg-info\n'}
[1.764615] (bumperbot_py_examples) StdoutLine: {'line': b'running install_scripts\n'}
[1.800917] (-) TimerEvent: {}
[1.901130] (-) TimerEvent: {}
[1.967673] (bumperbot_py_examples) StdoutLine: {'line': b'Installing simple_parameter script to /home/eeiww/ud90uhak/bumperbot_ws/src/install/bumperbot_py_examples/lib/bumperbot_py_examples\n'}
[1.973683] (bumperbot_py_examples) StdoutLine: {'line': b'Installing simple_publisher script to /home/eeiww/ud90uhak/bumperbot_ws/src/install/bumperbot_py_examples/lib/bumperbot_py_examples\n'}
[1.978788] (bumperbot_py_examples) StdoutLine: {'line': b'Installing simple_subscriber script to /home/eeiww/ud90uhak/bumperbot_ws/src/install/bumperbot_py_examples/lib/bumperbot_py_examples\n'}
[1.984659] (bumperbot_py_examples) StdoutLine: {'line': b"writing list of installed files to '/home/eeiww/ud90uhak/bumperbot_ws/src/build/bumperbot_py_examples/install.log'\n"}
[2.001246] (-) TimerEvent: {}
[2.007899] (bumperbot_py_examples) CommandEnded: {'returncode': 0}
[2.058437] (bumperbot_py_examples) JobEnded: {'identifier': 'bumperbot_py_examples', 'rc': 0}
[2.066463] (-) EventReactorShutdown: {}
