[0.079s] Invoking command in '/home/eeiww/ud90uhak/bumperbot_ws/src/build/bumperbot_msgs': CMAKE_PREFIX_PATH=${CMAKE_PREFIX_PATH}:/opt/ros/jazzy DEBUGINFOD_URLS=https://debuginfod.ubuntu.com /usr/bin/cmake --build /home/eeiww/ud90uhak/bumperbot_ws/src/build/bumperbot_msgs -- -j8 -l8
[0.361s] [  2%] Built target bumperbot_msgs__rosidl_generator_type_description
[0.411s] [  4%] Built target bumperbot_msgs__cpp
[0.460s] [ 22%] Built target bumperbot_msgs__rosidl_generator_c
[0.547s] [ 31%] Built target bumperbot_msgs__rosidl_typesupport_introspection_c
[0.558s] [ 59%] Built target bumperbot_msgs__rosidl_typesupport_cpp
[0.568s] [ 72%] Built target bumperbot_msgs__rosidl_typesupport_introspection_cpp
[0.568s] [ 75%] Built target bumperbot_msgs__rosidl_typesupport_fastrtps_c
[0.568s] [ 75%] Built target bumperbot_msgs__rosidl_typesupport_c
[0.568s] [ 77%] Built target bumperbot_msgs__rosidl_typesupport_fastrtps_cpp
[0.593s] [ 77%] Built target bumperbot_msgs
[0.601s] [ 77%] Built target ament_cmake_python_copy_bumperbot_msgs
[0.645s] [ 79%] Built target bumperbot_msgs__py
[0.706s] [ 86%] Built target bumperbot_msgs__rosidl_generator_py
[0.750s] [ 95%] Built target bumperbot_msgs_s__rosidl_typesupport_fastrtps_c
[0.750s] [ 95%] Built target bumperbot_msgs_s__rosidl_typesupport_introspection_c
[0.763s] [100%] Built target bumperbot_msgs_s__rosidl_typesupport_c
[0.941s] running egg_info
[0.976s] writing bumperbot_msgs.egg-info/PKG-INFO
[0.979s] writing dependency_links to bumperbot_msgs.egg-info/dependency_links.txt
[0.982s] writing top-level names to bumperbot_msgs.egg-info/top_level.txt
[1.089s] reading manifest file 'bumperbot_msgs.egg-info/SOURCES.txt'
[1.093s] writing manifest file 'bumperbot_msgs.egg-info/SOURCES.txt'
[1.120s] [100%] Built target ament_cmake_python_build_bumperbot_msgs_egg
