[0.220s] Invoking command in '/home/eeiww/ud90uhak/bumperbot_ws/src/build/bumperbot_firmware': CMAKE_PREFIX_PATH=${CMAKE_PREFIX_PATH}:/opt/ros/jazzy DEBUGINFOD_URLS=https://debuginfod.ubuntu.com /usr/bin/cmake --build /home/eeiww/ud90uhak/bumperbot_ws/src/build/bumperbot_firmware -- -j8 -l8
[0.380s] -- Found ament_cmake: 2.5.3 (/opt/ros/jazzy/share/ament_cmake/cmake)
[0.630s] -- Found rclcpp: 28.1.6 (/opt/ros/jazzy/share/rclcpp/cmake)
[0.672s] -- Found rosidl_generator_c: 4.6.5 (/opt/ros/jazzy/share/rosidl_generator_c/cmake)
[0.686s] -- Found rosidl_generator_cpp: 4.6.5 (/opt/ros/jazzy/share/rosidl_generator_cpp/cmake)
[0.708s] -- Using all available rosidl_typesupport_c: rosidl_typesupport_fastrtps_c;rosidl_typesupport_introspection_c
[0.726s] -- Using all available rosidl_typesupport_cpp: rosidl_typesupport_fastrtps_cpp;rosidl_typesupport_introspection_cpp
[0.804s] -- Found rmw_implementation_cmake: 7.3.1 (/opt/ros/jazzy/share/rmw_implementation_cmake/cmake)
[0.808s] -- Found rmw_fastrtps_cpp: 8.4.1 (/opt/ros/jazzy/share/rmw_fastrtps_cpp/cmake)
[0.885s] -- Using RMW implementation 'rmw_fastrtps_cpp' as default
[0.963s] -- Found rclpy: 7.1.3 (/opt/ros/jazzy/share/rclpy/cmake)
[0.965s] -- Found std_msgs: 5.3.5 (/opt/ros/jazzy/share/std_msgs/cmake)
[1.002s] [31mCMake Error at CMakeLists.txt:13 (find_package):
[1.002s]   By not providing "Findhardware_interface.cmake" in CMAKE_MODULE_PATH this
[1.002s]   project has asked CMake to find a package configuration file provided by
[1.002s]   "hardware_interface", but CMake did not find one.
[1.002s] 
[1.002s]   Could not find a package configuration file provided by
[1.002s]   "hardware_interface" with any of the following names:
[1.002s] 
[1.002s]     hardware_interfaceConfig.cmake
[1.002s]     hardware_interface-config.cmake
[1.002s] 
[1.002s]   Add the installation prefix of "hardware_interface" to CMAKE_PREFIX_PATH or
[1.002s]   set "hardware_interface_DIR" to a directory containing one of the above
[1.002s]   files.  If "hardware_interface" provides a separate development package or
[1.002s]   SDK, be sure it has been installed.
[1.002s] 
[1.002s] [0m
[1.003s] -- Configuring incomplete, errors occurred!
[1.018s] gmake: *** [Makefile:226: cmake_check_build_system] Error 1
[1.020s] Invoked command in '/home/eeiww/ud90uhak/bumperbot_ws/src/build/bumperbot_firmware' returned '2': CMAKE_PREFIX_PATH=${CMAKE_PREFIX_PATH}:/opt/ros/jazzy DEBUGINFOD_URLS=https://debuginfod.ubuntu.com /usr/bin/cmake --build /home/eeiww/ud90uhak/bumperbot_ws/src/build/bumperbot_firmware -- -j8 -l8
