-- The C compiler identification is GNU 13.3.0
-- The CXX compiler identification is GNU 13.3.0
-- Detecting C compiler ABI info
-- Detecting C compiler ABI info - done
-- Check for working C compiler: /usr/bin/cc - skipped
-- Detecting C compile features
-- Detecting C compile features - done
-- Detecting CXX compiler ABI info
-- Detecting CXX compiler ABI info - done
-- Check for working CXX compiler: /usr/bin/c++ - skipped
-- Detecting CXX compile features
-- Detecting CXX compile features - done
-- Found ament_cmake: 2.5.3 (/opt/ros/jazzy/share/ament_cmake/cmake)
-- Found Python3: /usr/bin/python3 (found version "3.12.3") found components: Interpreter 
-- Found ament_lint_auto: 0.17.1 (/opt/ros/jazzy/share/ament_lint_auto/cmake)
-- Added test 'lint_cmake' to check CMake code style
-- Added test 'xmllint' to check XML markup files
-- Configuring done (1.2s)
-- Generating done (0.1s)
-- Build files have been written to: /home/eeiww/ud90uhak/bumperbot_ws/src/build/bumperbot_localization
-- Install configuration: ""
-- Installing: /home/eeiww/ud90uhak/bumperbot_ws/src/install/bumperbot_localization/share/ament_index/resource_index/package_run_dependencies/bumperbot_localization
-- Installing: /home/eeiww/ud90uhak/bumperbot_ws/src/install/bumperbot_localization/share/ament_index/resource_index/parent_prefix_path/bumperbot_localization
-- Installing: /home/eeiww/ud90uhak/bumperbot_ws/src/install/bumperbot_localization/share/bumperbot_localization/environment/ament_prefix_path.sh
-- Installing: /home/eeiww/ud90uhak/bumperbot_ws/src/install/bumperbot_localization/share/bumperbot_localization/environment/ament_prefix_path.dsv
-- Installing: /home/eeiww/ud90uhak/bumperbot_ws/src/install/bumperbot_localization/share/bumperbot_localization/environment/path.sh
-- Installing: /home/eeiww/ud90uhak/bumperbot_ws/src/install/bumperbot_localization/share/bumperbot_localization/environment/path.dsv
-- Installing: /home/eeiww/ud90uhak/bumperbot_ws/src/install/bumperbot_localization/share/bumperbot_localization/local_setup.bash
-- Installing: /home/eeiww/ud90uhak/bumperbot_ws/src/install/bumperbot_localization/share/bumperbot_localization/local_setup.sh
-- Installing: /home/eeiww/ud90uhak/bumperbot_ws/src/install/bumperbot_localization/share/bumperbot_localization/local_setup.zsh
-- Installing: /home/eeiww/ud90uhak/bumperbot_ws/src/install/bumperbot_localization/share/bumperbot_localization/local_setup.dsv
-- Installing: /home/eeiww/ud90uhak/bumperbot_ws/src/install/bumperbot_localization/share/bumperbot_localization/package.dsv
-- Installing: /home/eeiww/ud90uhak/bumperbot_ws/src/install/bumperbot_localization/share/ament_index/resource_index/packages/bumperbot_localization
-- Installing: /home/eeiww/ud90uhak/bumperbot_ws/src/install/bumperbot_localization/share/bumperbot_localization/cmake/bumperbot_localizationConfig.cmake
-- Installing: /home/eeiww/ud90uhak/bumperbot_ws/src/install/bumperbot_localization/share/bumperbot_localization/cmake/bumperbot_localizationConfig-version.cmake
-- Installing: /home/eeiww/ud90uhak/bumperbot_ws/src/install/bumperbot_localization/share/bumperbot_localization/package.xml
