[0.072s] Invoking command in '/home/eeiww/ud90uhak/bumperbot_ws/src/build/bumperbot_localization': CMAKE_PREFIX_PATH=${CMAKE_PREFIX_PATH}:/opt/ros/jazzy DEBUGINFOD_URLS=https://debuginfod.ubuntu.com /usr/bin/cmake /home/eeiww/ud90uhak/bumperbot_ws/src/bumperbot_localization -DCMAKE_INSTALL_PREFIX=/home/eeiww/ud90uhak/bumperbot_ws/src/install/bumperbot_localization
[0.164s] -- The C compiler identification is GNU 13.3.0
[0.247s] -- The CXX compiler identification is GNU 13.3.0
[0.267s] -- Detecting C compiler ABI info
[0.469s] -- Detecting C compiler ABI info - done
[0.481s] -- Check for working C compiler: /usr/bin/cc - skipped
[0.482s] -- Detecting C compile features
[0.482s] -- Detecting C compile features - done
[0.498s] -- Detecting CXX compiler ABI info
[0.716s] -- Detecting CXX compiler ABI info - done
[0.727s] -- Check for working CXX compiler: /usr/bin/c++ - skipped
[0.727s] -- Detecting CXX compile features
[0.728s] -- Detecting CXX compile features - done
[0.746s] -- Found ament_cmake: 2.5.3 (/opt/ros/jazzy/share/ament_cmake/cmake)
[0.888s] -- Found Python3: /usr/bin/python3 (found version "3.12.3") found components: Interpreter 
[1.065s] -- Found ament_lint_auto: 0.17.1 (/opt/ros/jazzy/share/ament_lint_auto/cmake)
[1.256s] -- Added test 'lint_cmake' to check CMake code style
[1.274s] -- Added test 'xmllint' to check XML markup files
[1.302s] -- Configuring done (1.2s)
[1.407s] -- Generating done (0.1s)
[1.456s] -- Build files have been written to: /home/eeiww/ud90uhak/bumperbot_ws/src/build/bumperbot_localization
[1.460s] Invoked command in '/home/eeiww/ud90uhak/bumperbot_ws/src/build/bumperbot_localization' returned '0': CMAKE_PREFIX_PATH=${CMAKE_PREFIX_PATH}:/opt/ros/jazzy DEBUGINFOD_URLS=https://debuginfod.ubuntu.com /usr/bin/cmake /home/eeiww/ud90uhak/bumperbot_ws/src/bumperbot_localization -DCMAKE_INSTALL_PREFIX=/home/eeiww/ud90uhak/bumperbot_ws/src/install/bumperbot_localization
[1.461s] Invoking command in '/home/eeiww/ud90uhak/bumperbot_ws/src/build/bumperbot_localization': CMAKE_PREFIX_PATH=${CMAKE_PREFIX_PATH}:/opt/ros/jazzy DEBUGINFOD_URLS=https://debuginfod.ubuntu.com /usr/bin/cmake --build /home/eeiww/ud90uhak/bumperbot_ws/src/build/bumperbot_localization -- -j8 -l8
[1.504s] Invoked command in '/home/eeiww/ud90uhak/bumperbot_ws/src/build/bumperbot_localization' returned '0': CMAKE_PREFIX_PATH=${CMAKE_PREFIX_PATH}:/opt/ros/jazzy DEBUGINFOD_URLS=https://debuginfod.ubuntu.com /usr/bin/cmake --build /home/eeiww/ud90uhak/bumperbot_ws/src/build/bumperbot_localization -- -j8 -l8
[1.509s] Invoking command in '/home/eeiww/ud90uhak/bumperbot_ws/src/build/bumperbot_localization': CMAKE_PREFIX_PATH=${CMAKE_PREFIX_PATH}:/opt/ros/jazzy DEBUGINFOD_URLS=https://debuginfod.ubuntu.com /usr/bin/cmake --install /home/eeiww/ud90uhak/bumperbot_ws/src/build/bumperbot_localization
[1.517s] -- Install configuration: ""
[1.524s] -- Installing: /home/eeiww/ud90uhak/bumperbot_ws/src/install/bumperbot_localization/share/ament_index/resource_index/package_run_dependencies/bumperbot_localization
[1.535s] -- Installing: /home/eeiww/ud90uhak/bumperbot_ws/src/install/bumperbot_localization/share/ament_index/resource_index/parent_prefix_path/bumperbot_localization
[1.546s] -- Installing: /home/eeiww/ud90uhak/bumperbot_ws/src/install/bumperbot_localization/share/bumperbot_localization/environment/ament_prefix_path.sh
[1.551s] -- Installing: /home/eeiww/ud90uhak/bumperbot_ws/src/install/bumperbot_localization/share/bumperbot_localization/environment/ament_prefix_path.dsv
[1.558s] -- Installing: /home/eeiww/ud90uhak/bumperbot_ws/src/install/bumperbot_localization/share/bumperbot_localization/environment/path.sh
[1.563s] -- Installing: /home/eeiww/ud90uhak/bumperbot_ws/src/install/bumperbot_localization/share/bumperbot_localization/environment/path.dsv
[1.570s] -- Installing: /home/eeiww/ud90uhak/bumperbot_ws/src/install/bumperbot_localization/share/bumperbot_localization/local_setup.bash
[1.577s] -- Installing: /home/eeiww/ud90uhak/bumperbot_ws/src/install/bumperbot_localization/share/bumperbot_localization/local_setup.sh
[1.585s] -- Installing: /home/eeiww/ud90uhak/bumperbot_ws/src/install/bumperbot_localization/share/bumperbot_localization/local_setup.zsh
[1.592s] -- Installing: /home/eeiww/ud90uhak/bumperbot_ws/src/install/bumperbot_localization/share/bumperbot_localization/local_setup.dsv
[1.599s] -- Installing: /home/eeiww/ud90uhak/bumperbot_ws/src/install/bumperbot_localization/share/bumperbot_localization/package.dsv
[1.606s] -- Installing: /home/eeiww/ud90uhak/bumperbot_ws/src/install/bumperbot_localization/share/ament_index/resource_index/packages/bumperbot_localization
[1.615s] -- Installing: /home/eeiww/ud90uhak/bumperbot_ws/src/install/bumperbot_localization/share/bumperbot_localization/cmake/bumperbot_localizationConfig.cmake
[1.621s] -- Installing: /home/eeiww/ud90uhak/bumperbot_ws/src/install/bumperbot_localization/share/bumperbot_localization/cmake/bumperbot_localizationConfig-version.cmake
[1.628s] -- Installing: /home/eeiww/ud90uhak/bumperbot_ws/src/install/bumperbot_localization/share/bumperbot_localization/package.xml
[1.636s] Invoked command in '/home/eeiww/ud90uhak/bumperbot_ws/src/build/bumperbot_localization' returned '0': CMAKE_PREFIX_PATH=${CMAKE_PREFIX_PATH}:/opt/ros/jazzy DEBUGINFOD_URLS=https://debuginfod.ubuntu.com /usr/bin/cmake --install /home/eeiww/ud90uhak/bumperbot_ws/src/build/bumperbot_localization
