[0.000000] (-) TimerEvent: {}
[0.000081] (bumperbot_cpp_examples) JobQueued: {'identifier': 'bumperbot_cpp_examples', 'dependencies': OrderedDict()}
[0.000123] (bumperbot_description) JobQueued: {'identifier': 'bumperbot_description', 'dependencies': OrderedDict()}
[0.000140] (bumperbot_py_examples) JobQueued: {'identifier': 'bumperbot_py_examples', 'dependencies': OrderedDict()}
[0.000152] (bumperbot_cpp_examples) JobStarted: {'identifier': 'bumperbot_cpp_examples'}
[0.007865] (bumperbot_description) JobStarted: {'identifier': 'bumperbot_description'}
[0.013026] (bumperbot_py_examples) JobStarted: {'identifier': 'bumperbot_py_examples'}
[0.031288] (bumperbot_cpp_examples) JobProgress: {'identifier': 'bumperbot_cpp_examples', 'progress': 'cmake'}
[0.036305] (bumperbot_cpp_examples) JobProgress: {'identifier': 'bumperbot_cpp_examples', 'progress': 'build'}
[0.036991] (bumperbot_cpp_examples) Command: {'cmd': ['/usr/bin/cmake', '--build', '/home/eeiww/ud90uhak/bumperbot_ws/src/build/bumperbot_cpp_examples', '--', '-j8', '-l8'], 'cwd': '/home/eeiww/ud90uhak/bumperbot_ws/src/build/bumperbot_cpp_examples', 'env': OrderedDict({'LANGUAGE': 'en_US:', 'USER': 'ud90uhak', 'LC_TIME': 'de_DE.UTF-8', 'XDG_SESSION_TYPE': 'x11', 'LAMMPS_POTENTIALS': 'share/lammps/potentials', 'SHLVL': '1', 'LD_LIBRARY_PATH': '/opt/ros/jazzy/opt/rviz_ogre_vendor/lib:/opt/ros/jazzy/lib/x86_64-linux-gnu:/opt/ros/jazzy/opt/gz_math_vendor/lib:/opt/ros/jazzy/opt/gz_utils_vendor/lib:/opt/ros/jazzy/opt/gz_cmake_vendor/lib:/opt/ros/jazzy/lib', 'HOME': '/home/eeiww/ud90uhak', 'OLDPWD': '/home/eeiww/ud90uhak/bumperbot_ws', 'DESKTOP_SESSION': 'ubuntu', 'ROS_PYTHON_VERSION': '3', 'GNOME_SHELL_SESSION_MODE': 'ubuntu', 'GTK_MODULES': 'gail:atk-bridge', 'LC_MONETARY': 'de_DE.UTF-8', 'LM_PROJECT': 'iwe0', 'SYSTEMD_EXEC_PID': '130472', 'GSM_SKIP_SSH_AGENT_WORKAROUND': 'true', 'DBUS_SESSION_BUS_ADDRESS': 'unix:path=/run/user/439630/bus', 'COLORTERM': 'truecolor', 'DEBUGINFOD_URLS': 'https://debuginfod.ubuntu.com', 'IM_CONFIG_PHASE': '1', 'ROS_DISTRO': 'jazzy', 'LOGNAME': 'ud90uhak', '_': '/usr/bin/colcon', 'ROS_VERSION': '2', 'MEMORY_PRESSURE_WATCH': '/sys/fs/cgroup/user.slice/user-439630.slice/user@439630.service/session.slice/org.gnome.Shell@x11.service/memory.pressure', 'XDG_SESSION_CLASS': 'user', 'USERNAME': 'ud90uhak', 'TERM': 'xterm-256color', 'GNOME_DESKTOP_SESSION_ID': 'this-is-deprecated', 'WINDOWPATH': '2', 'PATH': '/opt/ros/jazzy/bin:/usr/local/sbin:/usr/local/bin:/usr/sbin:/usr/bin:/sbin:/bin:/usr/games:/usr/local/games:/snap/bin:/snap/bin', 'SESSION_MANAGER': 'local/cip115-42:@/tmp/.ICE-unix/130455,unix/cip115-42:/tmp/.ICE-unix/130455', 'XDG_MENU_PREFIX': 'gnome-', 'LC_ADDRESS': 'de_DE.UTF-8', 'GNOME_TERMINAL_SCREEN': '/org/gnome/Terminal/screen/997ea073_863b_4a85_ba73_fd3d513bdd70', 'XDG_RUNTIME_DIR': '/run/user/439630', 'DISPLAY': ':1', 'LANG': 'en_US.UTF-8', 'XDG_CURRENT_DESKTOP': 'ubuntu:GNOME', 'LC_TELEPHONE': 'de_DE.UTF-8', 'XMODIFIERS': '@im=ibus', 'XDG_SESSION_DESKTOP': 'ubuntu', 'XAUTHORITY': '/run/user/439630/gdm/Xauthority', 'GNOME_TERMINAL_SERVICE': ':1.117', 'SSH_AUTH_SOCK': '/run/user/439630/gnupg/S.gpg-agent.ssh', 'AMENT_PREFIX_PATH': '/opt/ros/jazzy', 'SHELL': '/bin/bash', 'LC_NAME': 'de_DE.UTF-8', 'KRB5CCNAME': 'FILE:/tmp/krb5cc_439630', 'QT_ACCESSIBILITY': '1', 'GDMSESSION': 'ubuntu', 'LC_MEASUREMENT': 'de_DE.UTF-8', 'GPG_AGENT_INFO': '/run/user/439630/gnupg/S.gpg-agent:0:1', 'LC_IDENTIFICATION': 'de_DE.UTF-8', 'ROS_AUTOMATIC_DISCOVERY_RANGE': 'SUBNET', 'QT_IM_MODULE': 'ibus', 'PWD': '/home/eeiww/ud90uhak/bumperbot_ws/src/build/bumperbot_cpp_examples', 'XDG_CONFIG_DIRS': '/etc/xdg/xdg-ubuntu:/etc/xdg', 'XDG_DATA_DIRS': '/usr/share/ubuntu:/usr/share/gnome:/usr/local/share/:/usr/share/:/var/lib/snapd/desktop', 'QTWEBENGINE_DICTIONARIES_PATH': '/usr/share/hunspell-bdic/', 'PYTHONPATH': '/opt/ros/jazzy/lib/python3.12/site-packages', 'LC_NUMERIC': 'de_DE.UTF-8', 'MSI2LMP_LIBRARY': 'share/lammps/frc_files', 'LC_PAPER': 'de_DE.UTF-8', 'COLCON': '1', 'MEMORY_PRESSURE_WRITE': 'c29tZSAyMDAwMDAgMjAwMDAwMAA=', 'LS_OPTIONS': '-N --color=tty -T 0', 'VTE_VERSION': '7600', 'CMAKE_PREFIX_PATH': '/opt/ros/jazzy/opt/gz_math_vendor:/opt/ros/jazzy/opt/gz_utils_vendor:/opt/ros/jazzy/opt/gz_cmake_vendor:/opt/ros/jazzy'}), 'shell': False}
[0.042114] (bumperbot_description) JobProgress: {'identifier': 'bumperbot_description', 'progress': 'cmake'}
[0.045381] (bumperbot_description) JobProgress: {'identifier': 'bumperbot_description', 'progress': 'build'}
[0.045740] (bumperbot_description) Command: {'cmd': ['/usr/bin/cmake', '--build', '/home/eeiww/ud90uhak/bumperbot_ws/src/build/bumperbot_description', '--', '-j8', '-l8'], 'cwd': '/home/eeiww/ud90uhak/bumperbot_ws/src/build/bumperbot_description', 'env': OrderedDict({'LANGUAGE': 'en_US:', 'USER': 'ud90uhak', 'LC_TIME': 'de_DE.UTF-8', 'XDG_SESSION_TYPE': 'x11', 'LAMMPS_POTENTIALS': 'share/lammps/potentials', 'SHLVL': '1', 'LD_LIBRARY_PATH': '/opt/ros/jazzy/opt/rviz_ogre_vendor/lib:/opt/ros/jazzy/lib/x86_64-linux-gnu:/opt/ros/jazzy/opt/gz_math_vendor/lib:/opt/ros/jazzy/opt/gz_utils_vendor/lib:/opt/ros/jazzy/opt/gz_cmake_vendor/lib:/opt/ros/jazzy/lib', 'HOME': '/home/eeiww/ud90uhak', 'OLDPWD': '/home/eeiww/ud90uhak/bumperbot_ws', 'DESKTOP_SESSION': 'ubuntu', 'ROS_PYTHON_VERSION': '3', 'GNOME_SHELL_SESSION_MODE': 'ubuntu', 'GTK_MODULES': 'gail:atk-bridge', 'LC_MONETARY': 'de_DE.UTF-8', 'LM_PROJECT': 'iwe0', 'SYSTEMD_EXEC_PID': '130472', 'GSM_SKIP_SSH_AGENT_WORKAROUND': 'true', 'DBUS_SESSION_BUS_ADDRESS': 'unix:path=/run/user/439630/bus', 'COLORTERM': 'truecolor', 'DEBUGINFOD_URLS': 'https://debuginfod.ubuntu.com', 'IM_CONFIG_PHASE': '1', 'ROS_DISTRO': 'jazzy', 'LOGNAME': 'ud90uhak', '_': '/usr/bin/colcon', 'ROS_VERSION': '2', 'MEMORY_PRESSURE_WATCH': '/sys/fs/cgroup/user.slice/user-439630.slice/user@439630.service/session.slice/org.gnome.Shell@x11.service/memory.pressure', 'XDG_SESSION_CLASS': 'user', 'USERNAME': 'ud90uhak', 'TERM': 'xterm-256color', 'GNOME_DESKTOP_SESSION_ID': 'this-is-deprecated', 'WINDOWPATH': '2', 'PATH': '/opt/ros/jazzy/bin:/usr/local/sbin:/usr/local/bin:/usr/sbin:/usr/bin:/sbin:/bin:/usr/games:/usr/local/games:/snap/bin:/snap/bin', 'SESSION_MANAGER': 'local/cip115-42:@/tmp/.ICE-unix/130455,unix/cip115-42:/tmp/.ICE-unix/130455', 'XDG_MENU_PREFIX': 'gnome-', 'LC_ADDRESS': 'de_DE.UTF-8', 'GNOME_TERMINAL_SCREEN': '/org/gnome/Terminal/screen/997ea073_863b_4a85_ba73_fd3d513bdd70', 'XDG_RUNTIME_DIR': '/run/user/439630', 'DISPLAY': ':1', 'LANG': 'en_US.UTF-8', 'XDG_CURRENT_DESKTOP': 'ubuntu:GNOME', 'LC_TELEPHONE': 'de_DE.UTF-8', 'XMODIFIERS': '@im=ibus', 'XDG_SESSION_DESKTOP': 'ubuntu', 'XAUTHORITY': '/run/user/439630/gdm/Xauthority', 'GNOME_TERMINAL_SERVICE': ':1.117', 'SSH_AUTH_SOCK': '/run/user/439630/gnupg/S.gpg-agent.ssh', 'AMENT_PREFIX_PATH': '/opt/ros/jazzy', 'SHELL': '/bin/bash', 'LC_NAME': 'de_DE.UTF-8', 'KRB5CCNAME': 'FILE:/tmp/krb5cc_439630', 'QT_ACCESSIBILITY': '1', 'GDMSESSION': 'ubuntu', 'LC_MEASUREMENT': 'de_DE.UTF-8', 'GPG_AGENT_INFO': '/run/user/439630/gnupg/S.gpg-agent:0:1', 'LC_IDENTIFICATION': 'de_DE.UTF-8', 'ROS_AUTOMATIC_DISCOVERY_RANGE': 'SUBNET', 'QT_IM_MODULE': 'ibus', 'PWD': '/home/eeiww/ud90uhak/bumperbot_ws/src/build/bumperbot_description', 'XDG_CONFIG_DIRS': '/etc/xdg/xdg-ubuntu:/etc/xdg', 'XDG_DATA_DIRS': '/usr/share/ubuntu:/usr/share/gnome:/usr/local/share/:/usr/share/:/var/lib/snapd/desktop', 'QTWEBENGINE_DICTIONARIES_PATH': '/usr/share/hunspell-bdic/', 'PYTHONPATH': '/opt/ros/jazzy/lib/python3.12/site-packages', 'LC_NUMERIC': 'de_DE.UTF-8', 'MSI2LMP_LIBRARY': 'share/lammps/frc_files', 'LC_PAPER': 'de_DE.UTF-8', 'COLCON': '1', 'MEMORY_PRESSURE_WRITE': 'c29tZSAyMDAwMDAgMjAwMDAwMAA=', 'LS_OPTIONS': '-N --color=tty -T 0', 'VTE_VERSION': '7600', 'CMAKE_PREFIX_PATH': '/opt/ros/jazzy/opt/gz_math_vendor:/opt/ros/jazzy/opt/gz_utils_vendor:/opt/ros/jazzy/opt/gz_cmake_vendor:/opt/ros/jazzy'}), 'shell': False}
[0.099550] (-) TimerEvent: {}
[0.199769] (-) TimerEvent: {}
[0.299982] (-) TimerEvent: {}
[0.304690] (bumperbot_description) CommandEnded: {'returncode': 0}
[0.308852] (bumperbot_description) JobProgress: {'identifier': 'bumperbot_description', 'progress': 'install'}
[0.316141] (bumperbot_description) Command: {'cmd': ['/usr/bin/cmake', '--install', '/home/eeiww/ud90uhak/bumperbot_ws/src/build/bumperbot_description'], 'cwd': '/home/eeiww/ud90uhak/bumperbot_ws/src/build/bumperbot_description', 'env': OrderedDict({'LANGUAGE': 'en_US:', 'USER': 'ud90uhak', 'LC_TIME': 'de_DE.UTF-8', 'XDG_SESSION_TYPE': 'x11', 'LAMMPS_POTENTIALS': 'share/lammps/potentials', 'SHLVL': '1', 'LD_LIBRARY_PATH': '/opt/ros/jazzy/opt/rviz_ogre_vendor/lib:/opt/ros/jazzy/lib/x86_64-linux-gnu:/opt/ros/jazzy/opt/gz_math_vendor/lib:/opt/ros/jazzy/opt/gz_utils_vendor/lib:/opt/ros/jazzy/opt/gz_cmake_vendor/lib:/opt/ros/jazzy/lib', 'HOME': '/home/eeiww/ud90uhak', 'OLDPWD': '/home/eeiww/ud90uhak/bumperbot_ws', 'DESKTOP_SESSION': 'ubuntu', 'ROS_PYTHON_VERSION': '3', 'GNOME_SHELL_SESSION_MODE': 'ubuntu', 'GTK_MODULES': 'gail:atk-bridge', 'LC_MONETARY': 'de_DE.UTF-8', 'LM_PROJECT': 'iwe0', 'SYSTEMD_EXEC_PID': '130472', 'GSM_SKIP_SSH_AGENT_WORKAROUND': 'true', 'DBUS_SESSION_BUS_ADDRESS': 'unix:path=/run/user/439630/bus', 'COLORTERM': 'truecolor', 'DEBUGINFOD_URLS': 'https://debuginfod.ubuntu.com', 'IM_CONFIG_PHASE': '1', 'ROS_DISTRO': 'jazzy', 'LOGNAME': 'ud90uhak', '_': '/usr/bin/colcon', 'ROS_VERSION': '2', 'MEMORY_PRESSURE_WATCH': '/sys/fs/cgroup/user.slice/user-439630.slice/user@439630.service/session.slice/org.gnome.Shell@x11.service/memory.pressure', 'XDG_SESSION_CLASS': 'user', 'USERNAME': 'ud90uhak', 'TERM': 'xterm-256color', 'GNOME_DESKTOP_SESSION_ID': 'this-is-deprecated', 'WINDOWPATH': '2', 'PATH': '/opt/ros/jazzy/bin:/usr/local/sbin:/usr/local/bin:/usr/sbin:/usr/bin:/sbin:/bin:/usr/games:/usr/local/games:/snap/bin:/snap/bin', 'SESSION_MANAGER': 'local/cip115-42:@/tmp/.ICE-unix/130455,unix/cip115-42:/tmp/.ICE-unix/130455', 'XDG_MENU_PREFIX': 'gnome-', 'LC_ADDRESS': 'de_DE.UTF-8', 'GNOME_TERMINAL_SCREEN': '/org/gnome/Terminal/screen/997ea073_863b_4a85_ba73_fd3d513bdd70', 'XDG_RUNTIME_DIR': '/run/user/439630', 'DISPLAY': ':1', 'LANG': 'en_US.UTF-8', 'XDG_CURRENT_DESKTOP': 'ubuntu:GNOME', 'LC_TELEPHONE': 'de_DE.UTF-8', 'XMODIFIERS': '@im=ibus', 'XDG_SESSION_DESKTOP': 'ubuntu', 'XAUTHORITY': '/run/user/439630/gdm/Xauthority', 'GNOME_TERMINAL_SERVICE': ':1.117', 'SSH_AUTH_SOCK': '/run/user/439630/gnupg/S.gpg-agent.ssh', 'AMENT_PREFIX_PATH': '/opt/ros/jazzy', 'SHELL': '/bin/bash', 'LC_NAME': 'de_DE.UTF-8', 'KRB5CCNAME': 'FILE:/tmp/krb5cc_439630', 'QT_ACCESSIBILITY': '1', 'GDMSESSION': 'ubuntu', 'LC_MEASUREMENT': 'de_DE.UTF-8', 'GPG_AGENT_INFO': '/run/user/439630/gnupg/S.gpg-agent:0:1', 'LC_IDENTIFICATION': 'de_DE.UTF-8', 'ROS_AUTOMATIC_DISCOVERY_RANGE': 'SUBNET', 'QT_IM_MODULE': 'ibus', 'PWD': '/home/eeiww/ud90uhak/bumperbot_ws/src/build/bumperbot_description', 'XDG_CONFIG_DIRS': '/etc/xdg/xdg-ubuntu:/etc/xdg', 'XDG_DATA_DIRS': '/usr/share/ubuntu:/usr/share/gnome:/usr/local/share/:/usr/share/:/var/lib/snapd/desktop', 'QTWEBENGINE_DICTIONARIES_PATH': '/usr/share/hunspell-bdic/', 'PYTHONPATH': '/opt/ros/jazzy/lib/python3.12/site-packages', 'LC_NUMERIC': 'de_DE.UTF-8', 'MSI2LMP_LIBRARY': 'share/lammps/frc_files', 'LC_PAPER': 'de_DE.UTF-8', 'COLCON': '1', 'MEMORY_PRESSURE_WRITE': 'c29tZSAyMDAwMDAgMjAwMDAwMAA=', 'LS_OPTIONS': '-N --color=tty -T 0', 'VTE_VERSION': '7600', 'CMAKE_PREFIX_PATH': '/opt/ros/jazzy/opt/gz_math_vendor:/opt/ros/jazzy/opt/gz_utils_vendor:/opt/ros/jazzy/opt/gz_cmake_vendor:/opt/ros/jazzy'}), 'shell': False}
[0.316715] (bumperbot_cpp_examples) CommandEnded: {'returncode': 0}
[0.320660] (bumperbot_cpp_examples) JobProgress: {'identifier': 'bumperbot_cpp_examples', 'progress': 'install'}
[0.321143] (bumperbot_cpp_examples) Command: {'cmd': ['/usr/bin/cmake', '--install', '/home/eeiww/ud90uhak/bumperbot_ws/src/build/bumperbot_cpp_examples'], 'cwd': '/home/eeiww/ud90uhak/bumperbot_ws/src/build/bumperbot_cpp_examples', 'env': OrderedDict({'LANGUAGE': 'en_US:', 'USER': 'ud90uhak', 'LC_TIME': 'de_DE.UTF-8', 'XDG_SESSION_TYPE': 'x11', 'LAMMPS_POTENTIALS': 'share/lammps/potentials', 'SHLVL': '1', 'LD_LIBRARY_PATH': '/opt/ros/jazzy/opt/rviz_ogre_vendor/lib:/opt/ros/jazzy/lib/x86_64-linux-gnu:/opt/ros/jazzy/opt/gz_math_vendor/lib:/opt/ros/jazzy/opt/gz_utils_vendor/lib:/opt/ros/jazzy/opt/gz_cmake_vendor/lib:/opt/ros/jazzy/lib', 'HOME': '/home/eeiww/ud90uhak', 'OLDPWD': '/home/eeiww/ud90uhak/bumperbot_ws', 'DESKTOP_SESSION': 'ubuntu', 'ROS_PYTHON_VERSION': '3', 'GNOME_SHELL_SESSION_MODE': 'ubuntu', 'GTK_MODULES': 'gail:atk-bridge', 'LC_MONETARY': 'de_DE.UTF-8', 'LM_PROJECT': 'iwe0', 'SYSTEMD_EXEC_PID': '130472', 'GSM_SKIP_SSH_AGENT_WORKAROUND': 'true', 'DBUS_SESSION_BUS_ADDRESS': 'unix:path=/run/user/439630/bus', 'COLORTERM': 'truecolor', 'DEBUGINFOD_URLS': 'https://debuginfod.ubuntu.com', 'IM_CONFIG_PHASE': '1', 'ROS_DISTRO': 'jazzy', 'LOGNAME': 'ud90uhak', '_': '/usr/bin/colcon', 'ROS_VERSION': '2', 'MEMORY_PRESSURE_WATCH': '/sys/fs/cgroup/user.slice/user-439630.slice/user@439630.service/session.slice/org.gnome.Shell@x11.service/memory.pressure', 'XDG_SESSION_CLASS': 'user', 'USERNAME': 'ud90uhak', 'TERM': 'xterm-256color', 'GNOME_DESKTOP_SESSION_ID': 'this-is-deprecated', 'WINDOWPATH': '2', 'PATH': '/opt/ros/jazzy/bin:/usr/local/sbin:/usr/local/bin:/usr/sbin:/usr/bin:/sbin:/bin:/usr/games:/usr/local/games:/snap/bin:/snap/bin', 'SESSION_MANAGER': 'local/cip115-42:@/tmp/.ICE-unix/130455,unix/cip115-42:/tmp/.ICE-unix/130455', 'XDG_MENU_PREFIX': 'gnome-', 'LC_ADDRESS': 'de_DE.UTF-8', 'GNOME_TERMINAL_SCREEN': '/org/gnome/Terminal/screen/997ea073_863b_4a85_ba73_fd3d513bdd70', 'XDG_RUNTIME_DIR': '/run/user/439630', 'DISPLAY': ':1', 'LANG': 'en_US.UTF-8', 'XDG_CURRENT_DESKTOP': 'ubuntu:GNOME', 'LC_TELEPHONE': 'de_DE.UTF-8', 'XMODIFIERS': '@im=ibus', 'XDG_SESSION_DESKTOP': 'ubuntu', 'XAUTHORITY': '/run/user/439630/gdm/Xauthority', 'GNOME_TERMINAL_SERVICE': ':1.117', 'SSH_AUTH_SOCK': '/run/user/439630/gnupg/S.gpg-agent.ssh', 'AMENT_PREFIX_PATH': '/opt/ros/jazzy', 'SHELL': '/bin/bash', 'LC_NAME': 'de_DE.UTF-8', 'KRB5CCNAME': 'FILE:/tmp/krb5cc_439630', 'QT_ACCESSIBILITY': '1', 'GDMSESSION': 'ubuntu', 'LC_MEASUREMENT': 'de_DE.UTF-8', 'GPG_AGENT_INFO': '/run/user/439630/gnupg/S.gpg-agent:0:1', 'LC_IDENTIFICATION': 'de_DE.UTF-8', 'ROS_AUTOMATIC_DISCOVERY_RANGE': 'SUBNET', 'QT_IM_MODULE': 'ibus', 'PWD': '/home/eeiww/ud90uhak/bumperbot_ws/src/build/bumperbot_cpp_examples', 'XDG_CONFIG_DIRS': '/etc/xdg/xdg-ubuntu:/etc/xdg', 'XDG_DATA_DIRS': '/usr/share/ubuntu:/usr/share/gnome:/usr/local/share/:/usr/share/:/var/lib/snapd/desktop', 'QTWEBENGINE_DICTIONARIES_PATH': '/usr/share/hunspell-bdic/', 'PYTHONPATH': '/opt/ros/jazzy/lib/python3.12/site-packages', 'LC_NUMERIC': 'de_DE.UTF-8', 'MSI2LMP_LIBRARY': 'share/lammps/frc_files', 'LC_PAPER': 'de_DE.UTF-8', 'COLCON': '1', 'MEMORY_PRESSURE_WRITE': 'c29tZSAyMDAwMDAgMjAwMDAwMAA=', 'LS_OPTIONS': '-N --color=tty -T 0', 'VTE_VERSION': '7600', 'CMAKE_PREFIX_PATH': '/opt/ros/jazzy/opt/gz_math_vendor:/opt/ros/jazzy/opt/gz_utils_vendor:/opt/ros/jazzy/opt/gz_cmake_vendor:/opt/ros/jazzy'}), 'shell': False}
[0.323739] (bumperbot_description) StdoutLine: {'line': b'-- Install configuration: ""\n'}
[0.325890] (bumperbot_description) StdoutLine: {'line': b'-- Up-to-date: /home/eeiww/ud90uhak/bumperbot_ws/src/install/bumperbot_description/share/bumperbot_description/meshes\n'}
[0.327942] (bumperbot_description) StdoutLine: {'line': b'-- Up-to-date: /home/eeiww/ud90uhak/bumperbot_ws/src/install/bumperbot_description/share/bumperbot_description/meshes/base_link.STL\n'}
[0.328716] (bumperbot_cpp_examples) StdoutLine: {'line': b'-- Install configuration: ""\n'}
[0.329206] (bumperbot_description) StdoutLine: {'line': b'-- Up-to-date: /home/eeiww/ud90uhak/bumperbot_ws/src/install/bumperbot_description/share/bumperbot_description/meshes/wheel_left_link.STL\n'}
[0.330181] (bumperbot_description) StdoutLine: {'line': b'-- Up-to-date: /home/eeiww/ud90uhak/bumperbot_ws/src/install/bumperbot_description/share/bumperbot_description/meshes/caster_front_link.STL\n'}
[0.331184] (bumperbot_cpp_examples) StdoutLine: {'line': b'-- Up-to-date: /home/eeiww/ud90uhak/bumperbot_ws/src/install/bumperbot_cpp_examples/share/ament_index/resource_index/package_run_dependencies/bumperbot_cpp_examples\n'}
[0.331491] (bumperbot_description) StdoutLine: {'line': b'-- Up-to-date: /home/eeiww/ud90uhak/bumperbot_ws/src/install/bumperbot_description/share/bumperbot_description/meshes/imu_link.STL\n'}
[0.332432] (bumperbot_cpp_examples) StdoutLine: {'line': b'-- Up-to-date: /home/eeiww/ud90uhak/bumperbot_ws/src/install/bumperbot_cpp_examples/share/ament_index/resource_index/parent_prefix_path/bumperbot_cpp_examples\n'}
[0.332669] (bumperbot_description) StdoutLine: {'line': b'-- Up-to-date: /home/eeiww/ud90uhak/bumperbot_ws/src/install/bumperbot_description/share/bumperbot_description/meshes/caster_rear_link.STL\n'}
[0.333931] (bumperbot_description) StdoutLine: {'line': b'-- Up-to-date: /home/eeiww/ud90uhak/bumperbot_ws/src/install/bumperbot_description/share/bumperbot_description/meshes/wheel_right_link.STL\n'}
[0.334044] (bumperbot_cpp_examples) StdoutLine: {'line': b'-- Up-to-date: /home/eeiww/ud90uhak/bumperbot_ws/src/install/bumperbot_cpp_examples/share/bumperbot_cpp_examples/environment/ament_prefix_path.sh\n'}
[0.334927] (bumperbot_cpp_examples) StdoutLine: {'line': b'-- Up-to-date: /home/eeiww/ud90uhak/bumperbot_ws/src/install/bumperbot_cpp_examples/share/bumperbot_cpp_examples/environment/ament_prefix_path.dsv\n'}
[0.335076] (bumperbot_description) StdoutLine: {'line': b'-- Up-to-date: /home/eeiww/ud90uhak/bumperbot_ws/src/install/bumperbot_description/share/bumperbot_description/urdf\n'}
[0.335593] (bumperbot_cpp_examples) StdoutLine: {'line': b'-- Up-to-date: /home/eeiww/ud90uhak/bumperbot_ws/src/install/bumperbot_cpp_examples/share/bumperbot_cpp_examples/environment/path.sh\n'}
[0.336413] (bumperbot_cpp_examples) StdoutLine: {'line': b'-- Up-to-date: /home/eeiww/ud90uhak/bumperbot_ws/src/install/bumperbot_cpp_examples/share/bumperbot_cpp_examples/environment/path.dsv\n'}
[0.336843] (bumperbot_description) StdoutLine: {'line': b'-- Installing: /home/eeiww/ud90uhak/bumperbot_ws/src/install/bumperbot_description/share/bumperbot_description/urdf/bumperbot.urdf.xacro\n'}
[0.337255] (bumperbot_cpp_examples) StdoutLine: {'line': b'-- Up-to-date: /home/eeiww/ud90uhak/bumperbot_ws/src/install/bumperbot_cpp_examples/share/bumperbot_cpp_examples/local_setup.bash\n'}
[0.337948] (bumperbot_cpp_examples) StdoutLine: {'line': b'-- Up-to-date: /home/eeiww/ud90uhak/bumperbot_ws/src/install/bumperbot_cpp_examples/share/bumperbot_cpp_examples/local_setup.sh\n'}
[0.338856] (bumperbot_cpp_examples) StdoutLine: {'line': b'-- Up-to-date: /home/eeiww/ud90uhak/bumperbot_ws/src/install/bumperbot_cpp_examples/share/bumperbot_cpp_examples/local_setup.zsh\n'}
[0.339646] (bumperbot_cpp_examples) StdoutLine: {'line': b'-- Up-to-date: /home/eeiww/ud90uhak/bumperbot_ws/src/install/bumperbot_cpp_examples/share/bumperbot_cpp_examples/local_setup.dsv\n'}
[0.340490] (bumperbot_cpp_examples) StdoutLine: {'line': b'-- Up-to-date: /home/eeiww/ud90uhak/bumperbot_ws/src/install/bumperbot_cpp_examples/share/bumperbot_cpp_examples/package.dsv\n'}
[0.341720] (bumperbot_cpp_examples) StdoutLine: {'line': b'-- Up-to-date: /home/eeiww/ud90uhak/bumperbot_ws/src/install/bumperbot_cpp_examples/share/ament_index/resource_index/packages/bumperbot_cpp_examples\n'}
[0.342972] (bumperbot_cpp_examples) StdoutLine: {'line': b'-- Up-to-date: /home/eeiww/ud90uhak/bumperbot_ws/src/install/bumperbot_cpp_examples/share/bumperbot_cpp_examples/cmake/bumperbot_cpp_examplesConfig.cmake\n'}
[0.343828] (bumperbot_cpp_examples) StdoutLine: {'line': b'-- Up-to-date: /home/eeiww/ud90uhak/bumperbot_ws/src/install/bumperbot_cpp_examples/share/bumperbot_cpp_examples/cmake/bumperbot_cpp_examplesConfig-version.cmake\n'}
[0.344398] (bumperbot_description) StdoutLine: {'line': b'-- Up-to-date: /home/eeiww/ud90uhak/bumperbot_ws/src/install/bumperbot_description/share/ament_index/resource_index/package_run_dependencies/bumperbot_description\n'}
[0.344727] (bumperbot_cpp_examples) StdoutLine: {'line': b'-- Up-to-date: /home/eeiww/ud90uhak/bumperbot_ws/src/install/bumperbot_cpp_examples/share/bumperbot_cpp_examples/package.xml\n'}
[0.345091] (bumperbot_description) StdoutLine: {'line': b'-- Up-to-date: /home/eeiww/ud90uhak/bumperbot_ws/src/install/bumperbot_description/share/ament_index/resource_index/parent_prefix_path/bumperbot_description\n'}
[0.346297] (bumperbot_description) StdoutLine: {'line': b'-- Up-to-date: /home/eeiww/ud90uhak/bumperbot_ws/src/install/bumperbot_description/share/bumperbot_description/environment/ament_prefix_path.sh\n'}
[0.347146] (bumperbot_description) StdoutLine: {'line': b'-- Up-to-date: /home/eeiww/ud90uhak/bumperbot_ws/src/install/bumperbot_description/share/bumperbot_description/environment/ament_prefix_path.dsv\n'}
[0.347940] (bumperbot_description) StdoutLine: {'line': b'-- Up-to-date: /home/eeiww/ud90uhak/bumperbot_ws/src/install/bumperbot_description/share/bumperbot_description/environment/path.sh\n'}
[0.348979] (bumperbot_cpp_examples) CommandEnded: {'returncode': 0}
[0.349298] (bumperbot_description) StdoutLine: {'line': b'-- Up-to-date: /home/eeiww/ud90uhak/bumperbot_ws/src/install/bumperbot_description/share/bumperbot_description/environment/path.dsv\n'}
[0.349609] (bumperbot_description) StdoutLine: {'line': b'-- Up-to-date: /home/eeiww/ud90uhak/bumperbot_ws/src/install/bumperbot_description/share/bumperbot_description/local_setup.bash\n'}
[0.350921] (bumperbot_description) StdoutLine: {'line': b'-- Up-to-date: /home/eeiww/ud90uhak/bumperbot_ws/src/install/bumperbot_description/share/bumperbot_description/local_setup.sh\n'}
[0.351605] (bumperbot_description) StdoutLine: {'line': b'-- Up-to-date: /home/eeiww/ud90uhak/bumperbot_ws/src/install/bumperbot_description/share/bumperbot_description/local_setup.zsh\n'}
[0.352126] (bumperbot_description) StdoutLine: {'line': b'-- Up-to-date: /home/eeiww/ud90uhak/bumperbot_ws/src/install/bumperbot_description/share/bumperbot_description/local_setup.dsv\n'}
[0.352851] (bumperbot_description) StdoutLine: {'line': b'-- Up-to-date: /home/eeiww/ud90uhak/bumperbot_ws/src/install/bumperbot_description/share/bumperbot_description/package.dsv\n'}
[0.353946] (bumperbot_description) StdoutLine: {'line': b'-- Up-to-date: /home/eeiww/ud90uhak/bumperbot_ws/src/install/bumperbot_description/share/ament_index/resource_index/packages/bumperbot_description\n'}
[0.355037] (bumperbot_description) StdoutLine: {'line': b'-- Up-to-date: /home/eeiww/ud90uhak/bumperbot_ws/src/install/bumperbot_description/share/bumperbot_description/cmake/bumperbot_descriptionConfig.cmake\n'}
[0.356070] (bumperbot_description) StdoutLine: {'line': b'-- Up-to-date: /home/eeiww/ud90uhak/bumperbot_ws/src/install/bumperbot_description/share/bumperbot_description/cmake/bumperbot_descriptionConfig-version.cmake\n'}
[0.357081] (bumperbot_description) StdoutLine: {'line': b'-- Up-to-date: /home/eeiww/ud90uhak/bumperbot_ws/src/install/bumperbot_description/share/bumperbot_description/package.xml\n'}
[0.400088] (-) TimerEvent: {}
[0.416303] (bumperbot_cpp_examples) JobEnded: {'identifier': 'bumperbot_cpp_examples', 'rc': 0}
[0.420888] (bumperbot_description) CommandEnded: {'returncode': 0}
[0.483134] (bumperbot_description) JobEnded: {'identifier': 'bumperbot_description', 'rc': 0}
[0.500202] (-) TimerEvent: {}
[0.600418] (-) TimerEvent: {}
[0.700622] (-) TimerEvent: {}
[0.800838] (-) TimerEvent: {}
[0.901047] (-) TimerEvent: {}
[1.001257] (-) TimerEvent: {}
[1.101486] (-) TimerEvent: {}
[1.109114] (bumperbot_py_examples) Command: {'cmd': ['/usr/bin/python3', '-W', 'ignore:setup.py install is deprecated', '-W', 'ignore:easy_install command is deprecated', 'setup.py', 'egg_info', '--egg-base', '../build/bumperbot_py_examples', 'build', '--build-base', '/home/eeiww/ud90uhak/bumperbot_ws/src/build/bumperbot_py_examples/build', 'install', '--record', '/home/eeiww/ud90uhak/bumperbot_ws/src/build/bumperbot_py_examples/install.log', '--single-version-externally-managed', 'install_data'], 'cwd': '/home/eeiww/ud90uhak/bumperbot_ws/src/bumperbot_py_examples', 'env': {'LANGUAGE': 'en_US:', 'USER': 'ud90uhak', 'LC_TIME': 'de_DE.UTF-8', 'XDG_SESSION_TYPE': 'x11', 'LAMMPS_POTENTIALS': 'share/lammps/potentials', 'SHLVL': '1', 'LD_LIBRARY_PATH': '/opt/ros/jazzy/opt/rviz_ogre_vendor/lib:/opt/ros/jazzy/lib/x86_64-linux-gnu:/opt/ros/jazzy/opt/gz_math_vendor/lib:/opt/ros/jazzy/opt/gz_utils_vendor/lib:/opt/ros/jazzy/opt/gz_cmake_vendor/lib:/opt/ros/jazzy/lib', 'HOME': '/home/eeiww/ud90uhak', 'OLDPWD': '/home/eeiww/ud90uhak/bumperbot_ws', 'DESKTOP_SESSION': 'ubuntu', 'ROS_PYTHON_VERSION': '3', 'GNOME_SHELL_SESSION_MODE': 'ubuntu', 'GTK_MODULES': 'gail:atk-bridge', 'LC_MONETARY': 'de_DE.UTF-8', 'LM_PROJECT': 'iwe0', 'SYSTEMD_EXEC_PID': '130472', 'GSM_SKIP_SSH_AGENT_WORKAROUND': 'true', 'DBUS_SESSION_BUS_ADDRESS': 'unix:path=/run/user/439630/bus', 'COLORTERM': 'truecolor', 'DEBUGINFOD_URLS': 'https://debuginfod.ubuntu.com', 'IM_CONFIG_PHASE': '1', 'ROS_DISTRO': 'jazzy', 'LOGNAME': 'ud90uhak', '_': '/usr/bin/colcon', 'ROS_VERSION': '2', 'MEMORY_PRESSURE_WATCH': '/sys/fs/cgroup/user.slice/user-439630.slice/user@439630.service/session.slice/org.gnome.Shell@x11.service/memory.pressure', 'XDG_SESSION_CLASS': 'user', 'USERNAME': 'ud90uhak', 'TERM': 'xterm-256color', 'GNOME_DESKTOP_SESSION_ID': 'this-is-deprecated', 'WINDOWPATH': '2', 'PATH': '/opt/ros/jazzy/bin:/usr/local/sbin:/usr/local/bin:/usr/sbin:/usr/bin:/sbin:/bin:/usr/games:/usr/local/games:/snap/bin:/snap/bin', 'SESSION_MANAGER': 'local/cip115-42:@/tmp/.ICE-unix/130455,unix/cip115-42:/tmp/.ICE-unix/130455', 'XDG_MENU_PREFIX': 'gnome-', 'LC_ADDRESS': 'de_DE.UTF-8', 'GNOME_TERMINAL_SCREEN': '/org/gnome/Terminal/screen/997ea073_863b_4a85_ba73_fd3d513bdd70', 'XDG_RUNTIME_DIR': '/run/user/439630', 'DISPLAY': ':1', 'LANG': 'en_US.UTF-8', 'XDG_CURRENT_DESKTOP': 'ubuntu:GNOME', 'LC_TELEPHONE': 'de_DE.UTF-8', 'XMODIFIERS': '@im=ibus', 'XDG_SESSION_DESKTOP': 'ubuntu', 'XAUTHORITY': '/run/user/439630/gdm/Xauthority', 'GNOME_TERMINAL_SERVICE': ':1.117', 'SSH_AUTH_SOCK': '/run/user/439630/gnupg/S.gpg-agent.ssh', 'AMENT_PREFIX_PATH': '/opt/ros/jazzy', 'SHELL': '/bin/bash', 'LC_NAME': 'de_DE.UTF-8', 'KRB5CCNAME': 'FILE:/tmp/krb5cc_439630', 'QT_ACCESSIBILITY': '1', 'GDMSESSION': 'ubuntu', 'LC_MEASUREMENT': 'de_DE.UTF-8', 'GPG_AGENT_INFO': '/run/user/439630/gnupg/S.gpg-agent:0:1', 'LC_IDENTIFICATION': 'de_DE.UTF-8', 'ROS_AUTOMATIC_DISCOVERY_RANGE': 'SUBNET', 'QT_IM_MODULE': 'ibus', 'PWD': '/home/eeiww/ud90uhak/bumperbot_ws/src/build/bumperbot_py_examples', 'XDG_CONFIG_DIRS': '/etc/xdg/xdg-ubuntu:/etc/xdg', 'XDG_DATA_DIRS': '/usr/share/ubuntu:/usr/share/gnome:/usr/local/share/:/usr/share/:/var/lib/snapd/desktop', 'QTWEBENGINE_DICTIONARIES_PATH': '/usr/share/hunspell-bdic/', 'PYTHONPATH': '/home/eeiww/ud90uhak/bumperbot_ws/src/build/bumperbot_py_examples/prefix_override:/usr/lib/python3/dist-packages/colcon_core/task/python/colcon_distutils_commands:/home/eeiww/ud90uhak/bumperbot_ws/src/install/bumperbot_py_examples/lib/python3.12/site-packages:/opt/ros/jazzy/lib/python3.12/site-packages', 'LC_NUMERIC': 'de_DE.UTF-8', 'MSI2LMP_LIBRARY': 'share/lammps/frc_files', 'LC_PAPER': 'de_DE.UTF-8', 'COLCON': '1', 'MEMORY_PRESSURE_WRITE': 'c29tZSAyMDAwMDAgMjAwMDAwMAA=', 'LS_OPTIONS': '-N --color=tty -T 0', 'VTE_VERSION': '7600', 'CMAKE_PREFIX_PATH': '/opt/ros/jazzy/opt/gz_math_vendor:/opt/ros/jazzy/opt/gz_utils_vendor:/opt/ros/jazzy/opt/gz_cmake_vendor'}, 'shell': False}
[1.201594] (-) TimerEvent: {}
[1.301812] (-) TimerEvent: {}
[1.402033] (-) TimerEvent: {}
[1.454625] (bumperbot_py_examples) StdoutLine: {'line': b'running egg_info\n'}
[1.485774] (bumperbot_py_examples) StdoutLine: {'line': b'writing ../build/bumperbot_py_examples/bumperbot_py_examples.egg-info/PKG-INFO\n'}
[1.490064] (bumperbot_py_examples) StdoutLine: {'line': b'writing dependency_links to ../build/bumperbot_py_examples/bumperbot_py_examples.egg-info/dependency_links.txt\n'}
[1.493062] (bumperbot_py_examples) StdoutLine: {'line': b'writing entry points to ../build/bumperbot_py_examples/bumperbot_py_examples.egg-info/entry_points.txt\n'}
[1.495912] (bumperbot_py_examples) StdoutLine: {'line': b'writing requirements to ../build/bumperbot_py_examples/bumperbot_py_examples.egg-info/requires.txt\n'}
[1.498153] (bumperbot_py_examples) StdoutLine: {'line': b'writing top-level names to ../build/bumperbot_py_examples/bumperbot_py_examples.egg-info/top_level.txt\n'}
[1.502131] (-) TimerEvent: {}
[1.566718] (bumperbot_py_examples) StdoutLine: {'line': b"reading manifest file '../build/bumperbot_py_examples/bumperbot_py_examples.egg-info/SOURCES.txt'\n"}
[1.570356] (bumperbot_py_examples) StdoutLine: {'line': b"writing manifest file '../build/bumperbot_py_examples/bumperbot_py_examples.egg-info/SOURCES.txt'\n"}
[1.572876] (bumperbot_py_examples) StdoutLine: {'line': b'running build\n'}
[1.572985] (bumperbot_py_examples) StdoutLine: {'line': b'running build_py\n'}
[1.575590] (bumperbot_py_examples) StdoutLine: {'line': b'copying bumperbot_py_examples/simple_parameter.py -> /home/eeiww/ud90uhak/bumperbot_ws/src/build/bumperbot_py_examples/build/lib/bumperbot_py_examples\n'}
[1.578376] (bumperbot_py_examples) StdoutLine: {'line': b'running install\n'}
[1.583705] (bumperbot_py_examples) StdoutLine: {'line': b'running install_lib\n'}
[1.602231] (-) TimerEvent: {}
[1.620504] (bumperbot_py_examples) StdoutLine: {'line': b'copying /home/eeiww/ud90uhak/bumperbot_ws/src/build/bumperbot_py_examples/build/lib/bumperbot_py_examples/simple_parameter.py -> /home/eeiww/ud90uhak/bumperbot_ws/src/install/bumperbot_py_examples/lib/python3.12/site-packages/bumperbot_py_examples\n'}
[1.625863] (bumperbot_py_examples) StdoutLine: {'line': b'byte-compiling /home/eeiww/ud90uhak/bumperbot_ws/src/install/bumperbot_py_examples/lib/python3.12/site-packages/bumperbot_py_examples/simple_parameter.py to simple_parameter.cpython-312.pyc\n'}
[1.630091] (bumperbot_py_examples) StdoutLine: {'line': b'running install_data\n'}
[1.632224] (bumperbot_py_examples) StdoutLine: {'line': b'copying package.xml -> /home/eeiww/ud90uhak/bumperbot_ws/src/install/bumperbot_py_examples/share/bumperbot_py_examples\n'}
[1.635149] (bumperbot_py_examples) StdoutLine: {'line': b'running install_egg_info\n'}
[1.666129] (bumperbot_py_examples) StdoutLine: {'line': b"removing '/home/eeiww/ud90uhak/bumperbot_ws/src/install/bumperbot_py_examples/lib/python3.12/site-packages/bumperbot_py_examples-0.0.0-py3.12.egg-info' (and everything under it)\n"}
[1.676390] (bumperbot_py_examples) StdoutLine: {'line': b'Copying ../build/bumperbot_py_examples/bumperbot_py_examples.egg-info to /home/eeiww/ud90uhak/bumperbot_ws/src/install/bumperbot_py_examples/lib/python3.12/site-packages/bumperbot_py_examples-0.0.0-py3.12.egg-info\n'}
[1.702497] (-) TimerEvent: {}
[1.709331] (bumperbot_py_examples) StdoutLine: {'line': b'running install_scripts\n'}
[1.802583] (-) TimerEvent: {}
[1.902784] (-) TimerEvent: {}
[1.911711] (bumperbot_py_examples) StdoutLine: {'line': b'Installing simple_parameter script to /home/eeiww/ud90uhak/bumperbot_ws/src/install/bumperbot_py_examples/lib/bumperbot_py_examples\n'}
[1.914806] (bumperbot_py_examples) StdoutLine: {'line': b'Installing simple_publisher script to /home/eeiww/ud90uhak/bumperbot_ws/src/install/bumperbot_py_examples/lib/bumperbot_py_examples\n'}
[1.917799] (bumperbot_py_examples) StdoutLine: {'line': b'Installing simple_subscriber script to /home/eeiww/ud90uhak/bumperbot_ws/src/install/bumperbot_py_examples/lib/bumperbot_py_examples\n'}
[1.920727] (bumperbot_py_examples) StdoutLine: {'line': b"writing list of installed files to '/home/eeiww/ud90uhak/bumperbot_ws/src/build/bumperbot_py_examples/install.log'\n"}
[1.942879] (bumperbot_py_examples) CommandEnded: {'returncode': 0}
[1.995045] (bumperbot_py_examples) JobEnded: {'identifier': 'bumperbot_py_examples', 'rc': 0}
[1.999898] (-) EventReactorShutdown: {}
