[0.054s] Invoking command in '/home/eeiww/ud90uhak/bumperbot_ws/src/build/bumperbot_msgs': CMAKE_PREFIX_PATH=${CMAKE_PREFIX_PATH}:/opt/ros/jazzy DEBUGINFOD_URLS=https://debuginfod.ubuntu.com /usr/bin/cmake --build /home/eeiww/ud90uhak/bumperbot_ws/src/build/bumperbot_msgs -- -j8 -l8
[0.109s] [  2%] Built target bumperbot_msgs__rosidl_generator_type_description
[0.134s] [  4%] Built target bumperbot_msgs__cpp
[0.151s] [ 22%] Built target bumperbot_msgs__rosidl_generator_c
[0.195s] [ 47%] Built target bumperbot_msgs__rosidl_typesupport_introspection_c
[0.202s] [ 52%] Built target bumperbot_msgs__rosidl_typesupport_introspection_cpp
[0.205s] [ 70%] Built target bumperbot_msgs__rosidl_typesupport_fastrtps_cpp
[0.208s] [ 75%] Built target bumperbot_msgs__rosidl_typesupport_cpp
[0.209s] [ 75%] Built target bumperbot_msgs__rosidl_typesupport_c
[0.211s] [ 77%] Built target bumperbot_msgs__rosidl_typesupport_fastrtps_c
[0.213s] [ 77%] Built target ament_cmake_python_copy_bumperbot_msgs
[0.235s] [ 77%] Built target bumperbot_msgs
[0.263s] [ 79%] Built target bumperbot_msgs__py
[0.301s] [ 86%] Built target bumperbot_msgs__rosidl_generator_py
[0.337s] [100%] Built target bumperbot_msgs_s__rosidl_typesupport_c
[0.337s] [100%] Built target bumperbot_msgs_s__rosidl_typesupport_introspection_c
[0.338s] [100%] Built target bumperbot_msgs_s__rosidl_typesupport_fastrtps_c
[0.522s] running egg_info
[0.558s] writing bumperbot_msgs.egg-info/PKG-INFO
[0.562s] writing dependency_links to bumperbot_msgs.egg-info/dependency_links.txt
[0.565s] writing top-level names to bumperbot_msgs.egg-info/top_level.txt
[0.673s] reading manifest file 'bumperbot_msgs.egg-info/SOURCES.txt'
[0.676s] writing manifest file 'bumperbot_msgs.egg-info/SOURCES.txt'
[0.705s] [100%] Built target ament_cmake_python_build_bumperbot_msgs_egg
