[0.041s] Invoking command in '/home/eeiww/ud90uhak/bumperbot_ws/src/build/bumperbot_msgs': CMAKE_PREFIX_PATH=${CMAKE_PREFIX_PATH}:/opt/ros/jazzy DEBUGINFOD_URLS=https://debuginfod.ubuntu.com /usr/bin/cmake --build /home/eeiww/ud90uhak/bumperbot_ws/src/build/bumperbot_msgs -- -j8 -l8
[0.090s] -- Found ament_cmake: 2.5.3 (/opt/ros/jazzy/share/ament_cmake/cmake)
[0.324s] -- Found std_msgs: 5.3.5 (/opt/ros/jazzy/share/std_msgs/cmake)
[0.387s] -- Found rosidl_generator_c: 4.6.5 (/opt/ros/jazzy/share/rosidl_generator_c/cmake)
[0.409s] -- Found rosidl_generator_cpp: 4.6.5 (/opt/ros/jazzy/share/rosidl_generator_cpp/cmake)
[0.435s] -- Using all available rosidl_typesupport_c: rosidl_typesupport_fastrtps_c;rosidl_typesupport_introspection_c
[0.461s] -- Using all available rosidl_typesupport_cpp: rosidl_typesupport_fastrtps_cpp;rosidl_typesupport_introspection_cpp
[0.505s] -- Found rosidl_default_generators: 1.6.0 (/opt/ros/jazzy/share/rosidl_default_generators/cmake)
[0.532s] -- Found rosidl_adapter: 4.6.5 (/opt/ros/jazzy/share/rosidl_adapter/cmake)
[0.538s] -- Found geometry_msgs: 5.3.5 (/opt/ros/jazzy/share/geometry_msgs/cmake)
[1.440s] -- Found ament_cmake_ros: 0.12.0 (/opt/ros/jazzy/share/ament_cmake_ros/cmake)
[3.329s] -- Using all available rosidl_typesupport_c: rosidl_typesupport_fastrtps_c;rosidl_typesupport_introspection_c
[4.026s] -- Using all available rosidl_typesupport_cpp: rosidl_typesupport_fastrtps_cpp;rosidl_typesupport_introspection_cpp
[4.032s] -- Found python_cmake_module: 0.11.1 (/opt/ros/jazzy/share/python_cmake_module/cmake)
[4.143s] -- Found PythonExtra: /usr/bin/python3  
[4.502s] -- Found Python3: /usr/bin/python3 (found version "3.12.3") found components: Interpreter Development NumPy Development.Module Development.Embed 
[4.818s] -- Found ament_lint_auto: 0.17.1 (/opt/ros/jazzy/share/ament_lint_auto/cmake)
[5.000s] -- Added test 'lint_cmake' to check CMake code style
[5.028s] -- Added test 'xmllint' to check XML markup files
[5.114s] -- Configuring done (5.0s)
[5.876s] -- Generating done (0.7s)
[6.074s] -- Build files have been written to: /home/eeiww/ud90uhak/bumperbot_ws/src/build/bumperbot_msgs
[6.124s] [  2%] [34m[1mGenerating type hashes for ROS interfaces[0m
[6.137s] [  2%] Built target ament_cmake_python_copy_bumperbot_msgs
[6.338s] [  2%] Built target bumperbot_msgs__rosidl_generator_type_description
[6.358s] [  4%] [34m[1mGenerating C code for ROS interfaces[0m
[6.365s] [  6%] [34m[1mGenerating C++ code for ROS interfaces[0m
[6.406s] running egg_info
[6.407s] creating bumperbot_msgs.egg-info
[6.441s] writing bumperbot_msgs.egg-info/PKG-INFO
[6.444s] writing dependency_links to bumperbot_msgs.egg-info/dependency_links.txt
[6.446s] writing top-level names to bumperbot_msgs.egg-info/top_level.txt
[6.449s] writing manifest file 'bumperbot_msgs.egg-info/SOURCES.txt'
[6.545s] reading manifest file 'bumperbot_msgs.egg-info/SOURCES.txt'
[6.548s] writing manifest file 'bumperbot_msgs.egg-info/SOURCES.txt'
[6.570s] [  6%] Built target ament_cmake_python_build_bumperbot_msgs_egg
[6.719s] [  6%] Built target bumperbot_msgs__cpp
[6.793s] [ 20%] [32mBuilding C object CMakeFiles/bumperbot_msgs__rosidl_generator_c.dir/rosidl_generator_c/bumperbot_msgs/srv/detail/add_two_ints__type_support.c.o[0m
[6.795s] [ 20%] [32mBuilding C object CMakeFiles/bumperbot_msgs__rosidl_generator_c.dir/rosidl_generator_c/bumperbot_msgs/srv/detail/add_two_ints__description.c.o[0m
[6.796s] [ 20%] [32mBuilding C object CMakeFiles/bumperbot_msgs__rosidl_generator_c.dir/rosidl_generator_c/bumperbot_msgs/srv/detail/add_two_ints__functions.c.o[0m
[6.797s] [ 20%] [32mBuilding C object CMakeFiles/bumperbot_msgs__rosidl_generator_c.dir/rosidl_generator_c/bumperbot_msgs/srv/detail/get_transform__functions.c.o[0m
[6.797s] [ 20%] [32mBuilding C object CMakeFiles/bumperbot_msgs__rosidl_generator_c.dir/rosidl_generator_c/bumperbot_msgs/srv/detail/get_transform__description.c.o[0m
[6.797s] [ 20%] [32mBuilding C object CMakeFiles/bumperbot_msgs__rosidl_generator_c.dir/rosidl_generator_c/bumperbot_msgs/srv/detail/get_transform__type_support.c.o[0m
[6.882s] [ 22%] [32m[1mLinking C shared library libbumperbot_msgs__rosidl_generator_c.so[0m
[6.951s] [ 22%] Built target bumperbot_msgs__rosidl_generator_c
[6.971s] [ 34%] [34m[1mGenerating C++ type support for eProsima Fast-RTPS[0m
[6.974s] [ 36%] [34m[1mGenerating C introspection for ROS interfaces[0m
[6.974s] [ 36%] [34m[1mGenerating C++ type support dispatch for ROS interfaces[0m
[6.974s] [ 36%] [34m[1mGenerating C++ introspection for ROS interfaces[0m
[6.974s] [ 36%] [34m[1mGenerating C type support for eProsima Fast-RTPS[0m
[6.974s] [ 36%] [34m[1mGenerating C type support dispatch for ROS interfaces[0m
[7.253s] [ 40%] [32mBuilding CXX object CMakeFiles/bumperbot_msgs__rosidl_typesupport_c.dir/rosidl_typesupport_c/bumperbot_msgs/srv/get_transform__type_support.cpp.o[0m
[7.254s] [ 40%] [32mBuilding CXX object CMakeFiles/bumperbot_msgs__rosidl_typesupport_c.dir/rosidl_typesupport_c/bumperbot_msgs/srv/add_two_ints__type_support.cpp.o[0m
[7.258s] [ 45%] [32mBuilding CXX object CMakeFiles/bumperbot_msgs__rosidl_typesupport_cpp.dir/rosidl_typesupport_cpp/bumperbot_msgs/srv/get_transform__type_support.cpp.o[0m
[7.259s] [ 45%] [32mBuilding CXX object CMakeFiles/bumperbot_msgs__rosidl_typesupport_cpp.dir/rosidl_typesupport_cpp/bumperbot_msgs/srv/add_two_ints__type_support.cpp.o[0m
[7.318s] [ 47%] [32mBuilding CXX object CMakeFiles/bumperbot_msgs__rosidl_typesupport_introspection_cpp.dir/rosidl_typesupport_introspection_cpp/bumperbot_msgs/srv/detail/add_two_ints__type_support.cpp.o[0m
[7.328s] [ 54%] [32mBuilding C object CMakeFiles/bumperbot_msgs__rosidl_typesupport_introspection_c.dir/rosidl_typesupport_introspection_c/bumperbot_msgs/srv/detail/add_two_ints__type_support.c.o[0m
[7.330s] [ 54%] [32m[1mLinking CXX shared library libbumperbot_msgs__rosidl_typesupport_c.so[0m
[7.332s] [ 54%] [32mBuilding C object CMakeFiles/bumperbot_msgs__rosidl_typesupport_introspection_c.dir/rosidl_typesupport_introspection_c/bumperbot_msgs/srv/detail/get_transform__type_support.c.o[0m
[7.384s] [ 54%] Built target bumperbot_msgs__rosidl_typesupport_c
[7.395s] [ 59%] [32mBuilding CXX object CMakeFiles/bumperbot_msgs__rosidl_typesupport_fastrtps_cpp.dir/rosidl_typesupport_fastrtps_cpp/bumperbot_msgs/srv/detail/dds_fastrtps/add_two_ints__type_support.cpp.o[0m
[7.395s] [ 59%] [32mBuilding CXX object CMakeFiles/bumperbot_msgs__rosidl_typesupport_introspection_cpp.dir/rosidl_typesupport_introspection_cpp/bumperbot_msgs/srv/detail/get_transform__type_support.cpp.o[0m
[7.406s] [ 61%] [32mBuilding CXX object CMakeFiles/bumperbot_msgs__rosidl_typesupport_fastrtps_cpp.dir/rosidl_typesupport_fastrtps_cpp/bumperbot_msgs/srv/detail/dds_fastrtps/get_transform__type_support.cpp.o[0m
[7.409s] [ 63%] [32m[1mLinking C shared library libbumperbot_msgs__rosidl_typesupport_introspection_c.so[0m
[7.415s] [ 65%] [32mBuilding CXX object CMakeFiles/bumperbot_msgs__rosidl_typesupport_fastrtps_c.dir/rosidl_typesupport_fastrtps_c/bumperbot_msgs/srv/detail/add_two_ints__type_support_c.cpp.o[0m
[7.458s] [ 65%] Built target bumperbot_msgs__rosidl_typesupport_introspection_c
[7.470s] [ 68%] [32mBuilding CXX object CMakeFiles/bumperbot_msgs__rosidl_typesupport_fastrtps_c.dir/rosidl_typesupport_fastrtps_c/bumperbot_msgs/srv/detail/get_transform__type_support_c.cpp.o[0m
[7.705s] [ 70%] [32m[1mLinking CXX shared library libbumperbot_msgs__rosidl_typesupport_cpp.so[0m
[7.808s] [ 72%] [32m[1mLinking CXX shared library libbumperbot_msgs__rosidl_typesupport_introspection_cpp.so[0m
[7.810s] [ 72%] Built target bumperbot_msgs__rosidl_typesupport_cpp
[7.905s] [ 72%] Built target bumperbot_msgs__rosidl_typesupport_introspection_cpp
[7.951s] [ 75%] [32m[1mLinking CXX shared library libbumperbot_msgs__rosidl_typesupport_fastrtps_c.so[0m
[8.034s] [ 75%] Built target bumperbot_msgs__rosidl_typesupport_fastrtps_c
[8.040s] [ 77%] [32m[1mLinking CXX shared library libbumperbot_msgs__rosidl_typesupport_fastrtps_cpp.so[0m
[8.138s] [ 77%] Built target bumperbot_msgs__rosidl_typesupport_fastrtps_cpp
[8.161s] [ 77%] Built target bumperbot_msgs
[8.191s] [ 79%] [34m[1mGenerating Python code for ROS interfaces[0m
[8.683s] [ 79%] Built target bumperbot_msgs__py
[8.720s] [ 84%] [32mBuilding C object CMakeFiles/bumperbot_msgs__rosidl_generator_py.dir/rosidl_generator_py/bumperbot_msgs/srv/_add_two_ints_s.c.o[0m
[8.720s] [ 84%] [32mBuilding C object CMakeFiles/bumperbot_msgs__rosidl_generator_py.dir/rosidl_generator_py/bumperbot_msgs/srv/_get_transform_s.c.o[0m
[8.893s] [ 86%] [32m[1mLinking C shared library libbumperbot_msgs__rosidl_generator_py.so[0m
[8.950s] [ 86%] Built target bumperbot_msgs__rosidl_generator_py
[8.985s] [ 93%] [32mBuilding C object CMakeFiles/bumperbot_msgs_s__rosidl_typesupport_introspection_c.dir/rosidl_generator_py/bumperbot_msgs/_bumperbot_msgs_s.ep.rosidl_typesupport_introspection_c.c.o[0m
[8.986s] [ 93%] [32mBuilding C object CMakeFiles/bumperbot_msgs_s__rosidl_typesupport_fastrtps_c.dir/rosidl_generator_py/bumperbot_msgs/_bumperbot_msgs_s.ep.rosidl_typesupport_fastrtps_c.c.o[0m
[8.986s] [ 93%] [32mBuilding C object CMakeFiles/bumperbot_msgs_s__rosidl_typesupport_c.dir/rosidl_generator_py/bumperbot_msgs/_bumperbot_msgs_s.ep.rosidl_typesupport_c.c.o[0m
[9.095s] [ 95%] [32m[1mLinking C shared module rosidl_generator_py/bumperbot_msgs/bumperbot_msgs_s__rosidl_typesupport_c.so[0m
[9.100s] [ 97%] [32m[1mLinking C shared module rosidl_generator_py/bumperbot_msgs/bumperbot_msgs_s__rosidl_typesupport_fastrtps_c.so[0m
[9.106s] [100%] [32m[1mLinking C shared module rosidl_generator_py/bumperbot_msgs/bumperbot_msgs_s__rosidl_typesupport_introspection_c.so[0m
[9.133s] [100%] Built target bumperbot_msgs_s__rosidl_typesupport_c
[9.137s] [100%] Built target bumperbot_msgs_s__rosidl_typesupport_fastrtps_c
[9.144s] [100%] Built target bumperbot_msgs_s__rosidl_typesupport_introspection_c
[9.184s] Invoked command in '/home/eeiww/ud90uhak/bumperbot_ws/src/build/bumperbot_msgs' returned '0': CMAKE_PREFIX_PATH=${CMAKE_PREFIX_PATH}:/opt/ros/jazzy DEBUGINFOD_URLS=https://debuginfod.ubuntu.com /usr/bin/cmake --build /home/eeiww/ud90uhak/bumperbot_ws/src/build/bumperbot_msgs -- -j8 -l8
[9.192s] Invoking command in '/home/eeiww/ud90uhak/bumperbot_ws/src/build/bumperbot_msgs': CMAKE_PREFIX_PATH=${CMAKE_PREFIX_PATH}:/opt/ros/jazzy DEBUGINFOD_URLS=https://debuginfod.ubuntu.com /usr/bin/cmake --install /home/eeiww/ud90uhak/bumperbot_ws/src/build/bumperbot_msgs
[9.202s] -- Install configuration: ""
[9.208s] -- Installing: /home/eeiww/ud90uhak/bumperbot_ws/src/install/bumperbot_msgs/share/ament_index/resource_index/rosidl_interfaces/bumperbot_msgs
[9.220s] -- Installing: /home/eeiww/ud90uhak/bumperbot_ws/src/install/bumperbot_msgs/share/bumperbot_msgs/srv/AddTwoInts.json
[9.227s] -- Installing: /home/eeiww/ud90uhak/bumperbot_ws/src/install/bumperbot_msgs/share/bumperbot_msgs/srv/GetTransform.json
[9.233s] -- Installing: /home/eeiww/ud90uhak/bumperbot_ws/src/install/bumperbot_msgs/include/bumperbot_msgs/bumperbot_msgs
[9.241s] -- Installing: /home/eeiww/ud90uhak/bumperbot_ws/src/install/bumperbot_msgs/include/bumperbot_msgs/bumperbot_msgs/msg
[9.247s] -- Installing: /home/eeiww/ud90uhak/bumperbot_ws/src/install/bumperbot_msgs/include/bumperbot_msgs/bumperbot_msgs/msg/rosidl_generator_c__visibility_control.h
[9.253s] -- Installing: /home/eeiww/ud90uhak/bumperbot_ws/src/install/bumperbot_msgs/include/bumperbot_msgs/bumperbot_msgs/srv
[9.260s] -- Installing: /home/eeiww/ud90uhak/bumperbot_ws/src/install/bumperbot_msgs/include/bumperbot_msgs/bumperbot_msgs/srv/add_two_ints.h
[9.266s] -- Installing: /home/eeiww/ud90uhak/bumperbot_ws/src/install/bumperbot_msgs/include/bumperbot_msgs/bumperbot_msgs/srv/get_transform.h
[9.272s] -- Installing: /home/eeiww/ud90uhak/bumperbot_ws/src/install/bumperbot_msgs/include/bumperbot_msgs/bumperbot_msgs/srv/detail
[9.278s] -- Installing: /home/eeiww/ud90uhak/bumperbot_ws/src/install/bumperbot_msgs/include/bumperbot_msgs/bumperbot_msgs/srv/detail/add_two_ints__struct.h
[9.283s] -- Installing: /home/eeiww/ud90uhak/bumperbot_ws/src/install/bumperbot_msgs/include/bumperbot_msgs/bumperbot_msgs/srv/detail/add_two_ints__functions.h
[9.290s] -- Installing: /home/eeiww/ud90uhak/bumperbot_ws/src/install/bumperbot_msgs/include/bumperbot_msgs/bumperbot_msgs/srv/detail/get_transform__type_support.c
[9.295s] -- Installing: /home/eeiww/ud90uhak/bumperbot_ws/src/install/bumperbot_msgs/include/bumperbot_msgs/bumperbot_msgs/srv/detail/get_transform__struct.h
[9.300s] -- Installing: /home/eeiww/ud90uhak/bumperbot_ws/src/install/bumperbot_msgs/include/bumperbot_msgs/bumperbot_msgs/srv/detail/add_two_ints__type_support.h
[9.305s] -- Installing: /home/eeiww/ud90uhak/bumperbot_ws/src/install/bumperbot_msgs/include/bumperbot_msgs/bumperbot_msgs/srv/detail/get_transform__functions.h
[9.312s] -- Installing: /home/eeiww/ud90uhak/bumperbot_ws/src/install/bumperbot_msgs/include/bumperbot_msgs/bumperbot_msgs/srv/detail/add_two_ints__type_support.c
[9.317s] -- Installing: /home/eeiww/ud90uhak/bumperbot_ws/src/install/bumperbot_msgs/include/bumperbot_msgs/bumperbot_msgs/srv/detail/get_transform__description.c
[9.324s] -- Installing: /home/eeiww/ud90uhak/bumperbot_ws/src/install/bumperbot_msgs/include/bumperbot_msgs/bumperbot_msgs/srv/detail/get_transform__type_support.h
[9.330s] -- Installing: /home/eeiww/ud90uhak/bumperbot_ws/src/install/bumperbot_msgs/include/bumperbot_msgs/bumperbot_msgs/srv/detail/add_two_ints__description.c
[9.336s] -- Installing: /home/eeiww/ud90uhak/bumperbot_ws/src/install/bumperbot_msgs/include/bumperbot_msgs/bumperbot_msgs/srv/detail/add_two_ints__functions.c
[9.343s] -- Installing: /home/eeiww/ud90uhak/bumperbot_ws/src/install/bumperbot_msgs/include/bumperbot_msgs/bumperbot_msgs/srv/detail/get_transform__functions.c
[9.350s] -- Installing: /home/eeiww/ud90uhak/bumperbot_ws/src/install/bumperbot_msgs/share/bumperbot_msgs/environment/library_path.sh
[9.356s] -- Installing: /home/eeiww/ud90uhak/bumperbot_ws/src/install/bumperbot_msgs/share/bumperbot_msgs/environment/library_path.dsv
[9.363s] -- Installing: /home/eeiww/ud90uhak/bumperbot_ws/src/install/bumperbot_msgs/lib/libbumperbot_msgs__rosidl_generator_c.so
[9.383s] -- Set non-toolchain portion of runtime path of "/home/eeiww/ud90uhak/bumperbot_ws/src/install/bumperbot_msgs/lib/libbumperbot_msgs__rosidl_generator_c.so" to ""
[9.384s] -- Up-to-date: /home/eeiww/ud90uhak/bumperbot_ws/src/install/bumperbot_msgs/include/bumperbot_msgs/bumperbot_msgs
[9.386s] -- Up-to-date: /home/eeiww/ud90uhak/bumperbot_ws/src/install/bumperbot_msgs/include/bumperbot_msgs/bumperbot_msgs/msg
[9.388s] -- Installing: /home/eeiww/ud90uhak/bumperbot_ws/src/install/bumperbot_msgs/include/bumperbot_msgs/bumperbot_msgs/msg/rosidl_typesupport_fastrtps_c__visibility_control.h
[9.393s] -- Up-to-date: /home/eeiww/ud90uhak/bumperbot_ws/src/install/bumperbot_msgs/include/bumperbot_msgs/bumperbot_msgs/srv
[9.395s] -- Up-to-date: /home/eeiww/ud90uhak/bumperbot_ws/src/install/bumperbot_msgs/include/bumperbot_msgs/bumperbot_msgs/srv/detail
[9.397s] -- Installing: /home/eeiww/ud90uhak/bumperbot_ws/src/install/bumperbot_msgs/include/bumperbot_msgs/bumperbot_msgs/srv/detail/get_transform__rosidl_typesupport_fastrtps_c.h
[9.404s] -- Installing: /home/eeiww/ud90uhak/bumperbot_ws/src/install/bumperbot_msgs/include/bumperbot_msgs/bumperbot_msgs/srv/detail/add_two_ints__rosidl_typesupport_fastrtps_c.h
[9.411s] -- Installing: /home/eeiww/ud90uhak/bumperbot_ws/src/install/bumperbot_msgs/lib/libbumperbot_msgs__rosidl_typesupport_fastrtps_c.so
[9.429s] -- Set non-toolchain portion of runtime path of "/home/eeiww/ud90uhak/bumperbot_ws/src/install/bumperbot_msgs/lib/libbumperbot_msgs__rosidl_typesupport_fastrtps_c.so" to ""
[9.430s] -- Up-to-date: /home/eeiww/ud90uhak/bumperbot_ws/src/install/bumperbot_msgs/include/bumperbot_msgs/bumperbot_msgs
[9.432s] -- Up-to-date: /home/eeiww/ud90uhak/bumperbot_ws/src/install/bumperbot_msgs/include/bumperbot_msgs/bumperbot_msgs/msg
[9.434s] -- Installing: /home/eeiww/ud90uhak/bumperbot_ws/src/install/bumperbot_msgs/include/bumperbot_msgs/bumperbot_msgs/msg/rosidl_generator_cpp__visibility_control.hpp
[9.441s] -- Up-to-date: /home/eeiww/ud90uhak/bumperbot_ws/src/install/bumperbot_msgs/include/bumperbot_msgs/bumperbot_msgs/srv
[9.443s] -- Installing: /home/eeiww/ud90uhak/bumperbot_ws/src/install/bumperbot_msgs/include/bumperbot_msgs/bumperbot_msgs/srv/add_two_ints.hpp
[9.448s] -- Installing: /home/eeiww/ud90uhak/bumperbot_ws/src/install/bumperbot_msgs/include/bumperbot_msgs/bumperbot_msgs/srv/get_transform.hpp
[9.455s] -- Up-to-date: /home/eeiww/ud90uhak/bumperbot_ws/src/install/bumperbot_msgs/include/bumperbot_msgs/bumperbot_msgs/srv/detail
[9.457s] -- Installing: /home/eeiww/ud90uhak/bumperbot_ws/src/install/bumperbot_msgs/include/bumperbot_msgs/bumperbot_msgs/srv/detail/get_transform__builder.hpp
[9.464s] -- Installing: /home/eeiww/ud90uhak/bumperbot_ws/src/install/bumperbot_msgs/include/bumperbot_msgs/bumperbot_msgs/srv/detail/get_transform__traits.hpp
[9.473s] -- Installing: /home/eeiww/ud90uhak/bumperbot_ws/src/install/bumperbot_msgs/include/bumperbot_msgs/bumperbot_msgs/srv/detail/add_two_ints__type_support.hpp
[9.480s] -- Installing: /home/eeiww/ud90uhak/bumperbot_ws/src/install/bumperbot_msgs/include/bumperbot_msgs/bumperbot_msgs/srv/detail/get_transform__struct.hpp
[9.487s] -- Installing: /home/eeiww/ud90uhak/bumperbot_ws/src/install/bumperbot_msgs/include/bumperbot_msgs/bumperbot_msgs/srv/detail/add_two_ints__builder.hpp
[9.494s] -- Installing: /home/eeiww/ud90uhak/bumperbot_ws/src/install/bumperbot_msgs/include/bumperbot_msgs/bumperbot_msgs/srv/detail/get_transform__type_support.hpp
[9.501s] -- Installing: /home/eeiww/ud90uhak/bumperbot_ws/src/install/bumperbot_msgs/include/bumperbot_msgs/bumperbot_msgs/srv/detail/add_two_ints__struct.hpp
[9.508s] -- Installing: /home/eeiww/ud90uhak/bumperbot_ws/src/install/bumperbot_msgs/include/bumperbot_msgs/bumperbot_msgs/srv/detail/add_two_ints__traits.hpp
[9.516s] -- Up-to-date: /home/eeiww/ud90uhak/bumperbot_ws/src/install/bumperbot_msgs/include/bumperbot_msgs/bumperbot_msgs
[9.519s] -- Up-to-date: /home/eeiww/ud90uhak/bumperbot_ws/src/install/bumperbot_msgs/include/bumperbot_msgs/bumperbot_msgs/msg
[9.521s] -- Installing: /home/eeiww/ud90uhak/bumperbot_ws/src/install/bumperbot_msgs/include/bumperbot_msgs/bumperbot_msgs/msg/rosidl_typesupport_fastrtps_cpp__visibility_control.h
[9.525s] -- Up-to-date: /home/eeiww/ud90uhak/bumperbot_ws/src/install/bumperbot_msgs/include/bumperbot_msgs/bumperbot_msgs/srv
[9.527s] -- Up-to-date: /home/eeiww/ud90uhak/bumperbot_ws/src/install/bumperbot_msgs/include/bumperbot_msgs/bumperbot_msgs/srv/detail
[9.529s] -- Installing: /home/eeiww/ud90uhak/bumperbot_ws/src/install/bumperbot_msgs/include/bumperbot_msgs/bumperbot_msgs/srv/detail/add_two_ints__rosidl_typesupport_fastrtps_cpp.hpp
[9.534s] -- Installing: /home/eeiww/ud90uhak/bumperbot_ws/src/install/bumperbot_msgs/include/bumperbot_msgs/bumperbot_msgs/srv/detail/dds_fastrtps
[9.540s] -- Installing: /home/eeiww/ud90uhak/bumperbot_ws/src/install/bumperbot_msgs/include/bumperbot_msgs/bumperbot_msgs/srv/detail/get_transform__rosidl_typesupport_fastrtps_cpp.hpp
[9.547s] -- Installing: /home/eeiww/ud90uhak/bumperbot_ws/src/install/bumperbot_msgs/lib/libbumperbot_msgs__rosidl_typesupport_fastrtps_cpp.so
[9.571s] -- Set non-toolchain portion of runtime path of "/home/eeiww/ud90uhak/bumperbot_ws/src/install/bumperbot_msgs/lib/libbumperbot_msgs__rosidl_typesupport_fastrtps_cpp.so" to ""
[9.572s] -- Up-to-date: /home/eeiww/ud90uhak/bumperbot_ws/src/install/bumperbot_msgs/include/bumperbot_msgs/bumperbot_msgs
[9.574s] -- Up-to-date: /home/eeiww/ud90uhak/bumperbot_ws/src/install/bumperbot_msgs/include/bumperbot_msgs/bumperbot_msgs/msg
[9.576s] -- Installing: /home/eeiww/ud90uhak/bumperbot_ws/src/install/bumperbot_msgs/include/bumperbot_msgs/bumperbot_msgs/msg/rosidl_typesupport_introspection_c__visibility_control.h
[9.582s] -- Up-to-date: /home/eeiww/ud90uhak/bumperbot_ws/src/install/bumperbot_msgs/include/bumperbot_msgs/bumperbot_msgs/srv
[9.584s] -- Up-to-date: /home/eeiww/ud90uhak/bumperbot_ws/src/install/bumperbot_msgs/include/bumperbot_msgs/bumperbot_msgs/srv/detail
[9.586s] -- Installing: /home/eeiww/ud90uhak/bumperbot_ws/src/install/bumperbot_msgs/include/bumperbot_msgs/bumperbot_msgs/srv/detail/add_two_ints__rosidl_typesupport_introspection_c.h
[9.591s] -- Installing: /home/eeiww/ud90uhak/bumperbot_ws/src/install/bumperbot_msgs/include/bumperbot_msgs/bumperbot_msgs/srv/detail/get_transform__type_support.c
[9.599s] -- Installing: /home/eeiww/ud90uhak/bumperbot_ws/src/install/bumperbot_msgs/include/bumperbot_msgs/bumperbot_msgs/srv/detail/add_two_ints__type_support.c
[9.607s] -- Installing: /home/eeiww/ud90uhak/bumperbot_ws/src/install/bumperbot_msgs/include/bumperbot_msgs/bumperbot_msgs/srv/detail/get_transform__rosidl_typesupport_introspection_c.h
[9.614s] -- Installing: /home/eeiww/ud90uhak/bumperbot_ws/src/install/bumperbot_msgs/lib/libbumperbot_msgs__rosidl_typesupport_introspection_c.so
[9.631s] -- Set non-toolchain portion of runtime path of "/home/eeiww/ud90uhak/bumperbot_ws/src/install/bumperbot_msgs/lib/libbumperbot_msgs__rosidl_typesupport_introspection_c.so" to ""
[9.633s] -- Installing: /home/eeiww/ud90uhak/bumperbot_ws/src/install/bumperbot_msgs/lib/libbumperbot_msgs__rosidl_typesupport_c.so
[9.646s] -- Set non-toolchain portion of runtime path of "/home/eeiww/ud90uhak/bumperbot_ws/src/install/bumperbot_msgs/lib/libbumperbot_msgs__rosidl_typesupport_c.so" to ""
[9.647s] -- Up-to-date: /home/eeiww/ud90uhak/bumperbot_ws/src/install/bumperbot_msgs/include/bumperbot_msgs/bumperbot_msgs
[9.649s] -- Up-to-date: /home/eeiww/ud90uhak/bumperbot_ws/src/install/bumperbot_msgs/include/bumperbot_msgs/bumperbot_msgs/srv
[9.651s] -- Up-to-date: /home/eeiww/ud90uhak/bumperbot_ws/src/install/bumperbot_msgs/include/bumperbot_msgs/bumperbot_msgs/srv/detail
[9.653s] -- Installing: /home/eeiww/ud90uhak/bumperbot_ws/src/install/bumperbot_msgs/include/bumperbot_msgs/bumperbot_msgs/srv/detail/add_two_ints__type_support.cpp
[9.660s] -- Installing: /home/eeiww/ud90uhak/bumperbot_ws/src/install/bumperbot_msgs/include/bumperbot_msgs/bumperbot_msgs/srv/detail/get_transform__rosidl_typesupport_introspection_cpp.hpp
[9.667s] -- Installing: /home/eeiww/ud90uhak/bumperbot_ws/src/install/bumperbot_msgs/include/bumperbot_msgs/bumperbot_msgs/srv/detail/get_transform__type_support.cpp
[9.674s] -- Installing: /home/eeiww/ud90uhak/bumperbot_ws/src/install/bumperbot_msgs/include/bumperbot_msgs/bumperbot_msgs/srv/detail/add_two_ints__rosidl_typesupport_introspection_cpp.hpp
[9.680s] -- Installing: /home/eeiww/ud90uhak/bumperbot_ws/src/install/bumperbot_msgs/lib/libbumperbot_msgs__rosidl_typesupport_introspection_cpp.so
[9.703s] -- Set non-toolchain portion of runtime path of "/home/eeiww/ud90uhak/bumperbot_ws/src/install/bumperbot_msgs/lib/libbumperbot_msgs__rosidl_typesupport_introspection_cpp.so" to ""
[9.705s] -- Installing: /home/eeiww/ud90uhak/bumperbot_ws/src/install/bumperbot_msgs/lib/libbumperbot_msgs__rosidl_typesupport_cpp.so
[9.725s] -- Set non-toolchain portion of runtime path of "/home/eeiww/ud90uhak/bumperbot_ws/src/install/bumperbot_msgs/lib/libbumperbot_msgs__rosidl_typesupport_cpp.so" to ""
[9.726s] -- Installing: /home/eeiww/ud90uhak/bumperbot_ws/src/install/bumperbot_msgs/share/bumperbot_msgs/environment/pythonpath.sh
[9.735s] -- Installing: /home/eeiww/ud90uhak/bumperbot_ws/src/install/bumperbot_msgs/share/bumperbot_msgs/environment/pythonpath.dsv
[9.743s] -- Installing: /home/eeiww/ud90uhak/bumperbot_ws/src/install/bumperbot_msgs/lib/python3.12/site-packages/bumperbot_msgs-0.0.0-py3.12.egg-info
[9.752s] -- Installing: /home/eeiww/ud90uhak/bumperbot_ws/src/install/bumperbot_msgs/lib/python3.12/site-packages/bumperbot_msgs-0.0.0-py3.12.egg-info/top_level.txt
[9.759s] -- Installing: /home/eeiww/ud90uhak/bumperbot_ws/src/install/bumperbot_msgs/lib/python3.12/site-packages/bumperbot_msgs-0.0.0-py3.12.egg-info/PKG-INFO
[9.767s] -- Installing: /home/eeiww/ud90uhak/bumperbot_ws/src/install/bumperbot_msgs/lib/python3.12/site-packages/bumperbot_msgs-0.0.0-py3.12.egg-info/SOURCES.txt
[9.775s] -- Installing: /home/eeiww/ud90uhak/bumperbot_ws/src/install/bumperbot_msgs/lib/python3.12/site-packages/bumperbot_msgs-0.0.0-py3.12.egg-info/dependency_links.txt
[9.783s] -- Installing: /home/eeiww/ud90uhak/bumperbot_ws/src/install/bumperbot_msgs/lib/python3.12/site-packages/bumperbot_msgs
[9.790s] -- Installing: /home/eeiww/ud90uhak/bumperbot_ws/src/install/bumperbot_msgs/lib/python3.12/site-packages/bumperbot_msgs/bumperbot_msgs_s__rosidl_typesupport_fastrtps_c.so
[9.798s] -- Installing: /home/eeiww/ud90uhak/bumperbot_ws/src/install/bumperbot_msgs/lib/python3.12/site-packages/bumperbot_msgs/__init__.py
[9.804s] -- Installing: /home/eeiww/ud90uhak/bumperbot_ws/src/install/bumperbot_msgs/lib/python3.12/site-packages/bumperbot_msgs/_bumperbot_msgs_s.ep.rosidl_typesupport_c.c
[9.812s] -- Installing: /home/eeiww/ud90uhak/bumperbot_ws/src/install/bumperbot_msgs/lib/python3.12/site-packages/bumperbot_msgs/bumperbot_msgs_s__rosidl_typesupport_introspection_c.so
[9.821s] -- Installing: /home/eeiww/ud90uhak/bumperbot_ws/src/install/bumperbot_msgs/lib/python3.12/site-packages/bumperbot_msgs/bumperbot_msgs_s__rosidl_typesupport_c.so
[9.829s] -- Installing: /home/eeiww/ud90uhak/bumperbot_ws/src/install/bumperbot_msgs/lib/python3.12/site-packages/bumperbot_msgs/srv
[9.837s] -- Installing: /home/eeiww/ud90uhak/bumperbot_ws/src/install/bumperbot_msgs/lib/python3.12/site-packages/bumperbot_msgs/srv/__init__.py
[9.845s] -- Installing: /home/eeiww/ud90uhak/bumperbot_ws/src/install/bumperbot_msgs/lib/python3.12/site-packages/bumperbot_msgs/srv/_get_transform.py
[9.857s] -- Installing: /home/eeiww/ud90uhak/bumperbot_ws/src/install/bumperbot_msgs/lib/python3.12/site-packages/bumperbot_msgs/srv/_add_two_ints_s.c
[9.865s] -- Installing: /home/eeiww/ud90uhak/bumperbot_ws/src/install/bumperbot_msgs/lib/python3.12/site-packages/bumperbot_msgs/srv/_add_two_ints.py
[9.876s] -- Installing: /home/eeiww/ud90uhak/bumperbot_ws/src/install/bumperbot_msgs/lib/python3.12/site-packages/bumperbot_msgs/srv/_get_transform_s.c
[9.884s] -- Installing: /home/eeiww/ud90uhak/bumperbot_ws/src/install/bumperbot_msgs/lib/python3.12/site-packages/bumperbot_msgs/_bumperbot_msgs_s.ep.rosidl_typesupport_introspection_c.c
[9.893s] -- Installing: /home/eeiww/ud90uhak/bumperbot_ws/src/install/bumperbot_msgs/lib/python3.12/site-packages/bumperbot_msgs/_bumperbot_msgs_s.ep.rosidl_typesupport_fastrtps_c.c
[9.972s] Listing '/home/eeiww/ud90uhak/bumperbot_ws/src/install/bumperbot_msgs/lib/python3.12/site-packages/bumperbot_msgs'...
[9.972s] Compiling '/home/eeiww/ud90uhak/bumperbot_ws/src/install/bumperbot_msgs/lib/python3.12/site-packages/bumperbot_msgs/__init__.py'...
[9.972s] Listing '/home/eeiww/ud90uhak/bumperbot_ws/src/install/bumperbot_msgs/lib/python3.12/site-packages/bumperbot_msgs/srv'...
[9.973s] Compiling '/home/eeiww/ud90uhak/bumperbot_ws/src/install/bumperbot_msgs/lib/python3.12/site-packages/bumperbot_msgs/srv/__init__.py'...
[9.973s] Compiling '/home/eeiww/ud90uhak/bumperbot_ws/src/install/bumperbot_msgs/lib/python3.12/site-packages/bumperbot_msgs/srv/_add_two_ints.py'...
[9.973s] Compiling '/home/eeiww/ud90uhak/bumperbot_ws/src/install/bumperbot_msgs/lib/python3.12/site-packages/bumperbot_msgs/srv/_get_transform.py'...
[9.983s] -- Installing: /home/eeiww/ud90uhak/bumperbot_ws/src/install/bumperbot_msgs/lib/python3.12/site-packages/bumperbot_msgs/bumperbot_msgs_s__rosidl_typesupport_fastrtps_c.so
[9.996s] -- Set non-toolchain portion of runtime path of "/home/eeiww/ud90uhak/bumperbot_ws/src/install/bumperbot_msgs/lib/python3.12/site-packages/bumperbot_msgs/bumperbot_msgs_s__rosidl_typesupport_fastrtps_c.so" to ""
[10.003s] -- Installing: /home/eeiww/ud90uhak/bumperbot_ws/src/install/bumperbot_msgs/lib/python3.12/site-packages/bumperbot_msgs/bumperbot_msgs_s__rosidl_typesupport_introspection_c.so
[10.017s] -- Set non-toolchain portion of runtime path of "/home/eeiww/ud90uhak/bumperbot_ws/src/install/bumperbot_msgs/lib/python3.12/site-packages/bumperbot_msgs/bumperbot_msgs_s__rosidl_typesupport_introspection_c.so" to ""
[10.023s] -- Installing: /home/eeiww/ud90uhak/bumperbot_ws/src/install/bumperbot_msgs/lib/python3.12/site-packages/bumperbot_msgs/bumperbot_msgs_s__rosidl_typesupport_c.so
[10.038s] -- Set non-toolchain portion of runtime path of "/home/eeiww/ud90uhak/bumperbot_ws/src/install/bumperbot_msgs/lib/python3.12/site-packages/bumperbot_msgs/bumperbot_msgs_s__rosidl_typesupport_c.so" to ""
[10.039s] -- Installing: /home/eeiww/ud90uhak/bumperbot_ws/src/install/bumperbot_msgs/lib/libbumperbot_msgs__rosidl_generator_py.so
[10.054s] -- Set non-toolchain portion of runtime path of "/home/eeiww/ud90uhak/bumperbot_ws/src/install/bumperbot_msgs/lib/libbumperbot_msgs__rosidl_generator_py.so" to ""
[10.055s] -- Installing: /home/eeiww/ud90uhak/bumperbot_ws/src/install/bumperbot_msgs/share/bumperbot_msgs/srv/AddTwoInts.idl
[10.061s] -- Installing: /home/eeiww/ud90uhak/bumperbot_ws/src/install/bumperbot_msgs/share/bumperbot_msgs/srv/GetTransform.idl
[10.067s] -- Installing: /home/eeiww/ud90uhak/bumperbot_ws/src/install/bumperbot_msgs/share/bumperbot_msgs/srv/AddTwoInts.srv
[10.072s] -- Installing: /home/eeiww/ud90uhak/bumperbot_ws/src/install/bumperbot_msgs/share/bumperbot_msgs/srv/GetTransform.srv
[10.078s] -- Installing: /home/eeiww/ud90uhak/bumperbot_ws/src/install/bumperbot_msgs/share/ament_index/resource_index/package_run_dependencies/bumperbot_msgs
[10.085s] -- Up-to-date: /home/eeiww/ud90uhak/bumperbot_ws/src/install/bumperbot_msgs/share/ament_index/resource_index/parent_prefix_path/bumperbot_msgs
[10.086s] -- Up-to-date: /home/eeiww/ud90uhak/bumperbot_ws/src/install/bumperbot_msgs/share/bumperbot_msgs/environment/ament_prefix_path.sh
[10.087s] -- Up-to-date: /home/eeiww/ud90uhak/bumperbot_ws/src/install/bumperbot_msgs/share/bumperbot_msgs/environment/ament_prefix_path.dsv
[10.088s] -- Up-to-date: /home/eeiww/ud90uhak/bumperbot_ws/src/install/bumperbot_msgs/share/bumperbot_msgs/environment/path.sh
[10.089s] -- Up-to-date: /home/eeiww/ud90uhak/bumperbot_ws/src/install/bumperbot_msgs/share/bumperbot_msgs/environment/path.dsv
[10.090s] -- Up-to-date: /home/eeiww/ud90uhak/bumperbot_ws/src/install/bumperbot_msgs/share/bumperbot_msgs/local_setup.bash
[10.091s] -- Installing: /home/eeiww/ud90uhak/bumperbot_ws/src/install/bumperbot_msgs/share/bumperbot_msgs/local_setup.sh
[10.099s] -- Up-to-date: /home/eeiww/ud90uhak/bumperbot_ws/src/install/bumperbot_msgs/share/bumperbot_msgs/local_setup.zsh
[10.101s] -- Installing: /home/eeiww/ud90uhak/bumperbot_ws/src/install/bumperbot_msgs/share/bumperbot_msgs/local_setup.dsv
[10.108s] -- Up-to-date: /home/eeiww/ud90uhak/bumperbot_ws/src/install/bumperbot_msgs/share/bumperbot_msgs/package.dsv
[10.109s] -- Up-to-date: /home/eeiww/ud90uhak/bumperbot_ws/src/install/bumperbot_msgs/share/ament_index/resource_index/packages/bumperbot_msgs
[10.111s] -- Installing: /home/eeiww/ud90uhak/bumperbot_ws/src/install/bumperbot_msgs/share/bumperbot_msgs/cmake/export_bumperbot_msgs__rosidl_generator_cExport.cmake
[10.119s] -- Installing: /home/eeiww/ud90uhak/bumperbot_ws/src/install/bumperbot_msgs/share/bumperbot_msgs/cmake/export_bumperbot_msgs__rosidl_generator_cExport-noconfig.cmake
[10.126s] -- Installing: /home/eeiww/ud90uhak/bumperbot_ws/src/install/bumperbot_msgs/share/bumperbot_msgs/cmake/export_bumperbot_msgs__rosidl_typesupport_fastrtps_cExport.cmake
[10.134s] -- Installing: /home/eeiww/ud90uhak/bumperbot_ws/src/install/bumperbot_msgs/share/bumperbot_msgs/cmake/export_bumperbot_msgs__rosidl_typesupport_fastrtps_cExport-noconfig.cmake
[10.142s] -- Installing: /home/eeiww/ud90uhak/bumperbot_ws/src/install/bumperbot_msgs/share/bumperbot_msgs/cmake/export_bumperbot_msgs__rosidl_generator_cppExport.cmake
[10.150s] -- Installing: /home/eeiww/ud90uhak/bumperbot_ws/src/install/bumperbot_msgs/share/bumperbot_msgs/cmake/export_bumperbot_msgs__rosidl_typesupport_fastrtps_cppExport.cmake
[10.158s] -- Installing: /home/eeiww/ud90uhak/bumperbot_ws/src/install/bumperbot_msgs/share/bumperbot_msgs/cmake/export_bumperbot_msgs__rosidl_typesupport_fastrtps_cppExport-noconfig.cmake
[10.165s] -- Installing: /home/eeiww/ud90uhak/bumperbot_ws/src/install/bumperbot_msgs/share/bumperbot_msgs/cmake/bumperbot_msgs__rosidl_typesupport_introspection_cExport.cmake
[10.173s] -- Installing: /home/eeiww/ud90uhak/bumperbot_ws/src/install/bumperbot_msgs/share/bumperbot_msgs/cmake/bumperbot_msgs__rosidl_typesupport_introspection_cExport-noconfig.cmake
[10.180s] -- Installing: /home/eeiww/ud90uhak/bumperbot_ws/src/install/bumperbot_msgs/share/bumperbot_msgs/cmake/bumperbot_msgs__rosidl_typesupport_cExport.cmake
[10.188s] -- Installing: /home/eeiww/ud90uhak/bumperbot_ws/src/install/bumperbot_msgs/share/bumperbot_msgs/cmake/bumperbot_msgs__rosidl_typesupport_cExport-noconfig.cmake
[10.196s] -- Installing: /home/eeiww/ud90uhak/bumperbot_ws/src/install/bumperbot_msgs/share/bumperbot_msgs/cmake/bumperbot_msgs__rosidl_typesupport_introspection_cppExport.cmake
[10.204s] -- Installing: /home/eeiww/ud90uhak/bumperbot_ws/src/install/bumperbot_msgs/share/bumperbot_msgs/cmake/bumperbot_msgs__rosidl_typesupport_introspection_cppExport-noconfig.cmake
[10.211s] -- Installing: /home/eeiww/ud90uhak/bumperbot_ws/src/install/bumperbot_msgs/share/bumperbot_msgs/cmake/bumperbot_msgs__rosidl_typesupport_cppExport.cmake
[10.219s] -- Installing: /home/eeiww/ud90uhak/bumperbot_ws/src/install/bumperbot_msgs/share/bumperbot_msgs/cmake/bumperbot_msgs__rosidl_typesupport_cppExport-noconfig.cmake
[10.227s] -- Installing: /home/eeiww/ud90uhak/bumperbot_ws/src/install/bumperbot_msgs/share/bumperbot_msgs/cmake/export_bumperbot_msgs__rosidl_generator_pyExport.cmake
[10.235s] -- Installing: /home/eeiww/ud90uhak/bumperbot_ws/src/install/bumperbot_msgs/share/bumperbot_msgs/cmake/export_bumperbot_msgs__rosidl_generator_pyExport-noconfig.cmake
[10.242s] -- Installing: /home/eeiww/ud90uhak/bumperbot_ws/src/install/bumperbot_msgs/share/bumperbot_msgs/cmake/rosidl_cmake-extras.cmake
[10.247s] -- Installing: /home/eeiww/ud90uhak/bumperbot_ws/src/install/bumperbot_msgs/share/bumperbot_msgs/cmake/ament_cmake_export_dependencies-extras.cmake
[10.253s] -- Installing: /home/eeiww/ud90uhak/bumperbot_ws/src/install/bumperbot_msgs/share/bumperbot_msgs/cmake/ament_cmake_export_include_directories-extras.cmake
[10.258s] -- Installing: /home/eeiww/ud90uhak/bumperbot_ws/src/install/bumperbot_msgs/share/bumperbot_msgs/cmake/ament_cmake_export_libraries-extras.cmake
[10.263s] -- Installing: /home/eeiww/ud90uhak/bumperbot_ws/src/install/bumperbot_msgs/share/bumperbot_msgs/cmake/ament_cmake_export_targets-extras.cmake
[10.268s] -- Installing: /home/eeiww/ud90uhak/bumperbot_ws/src/install/bumperbot_msgs/share/bumperbot_msgs/cmake/rosidl_cmake_export_typesupport_targets-extras.cmake
[10.273s] -- Installing: /home/eeiww/ud90uhak/bumperbot_ws/src/install/bumperbot_msgs/share/bumperbot_msgs/cmake/rosidl_cmake_export_typesupport_libraries-extras.cmake
[10.279s] -- Installing: /home/eeiww/ud90uhak/bumperbot_ws/src/install/bumperbot_msgs/share/bumperbot_msgs/cmake/bumperbot_msgsConfig.cmake
[10.286s] -- Up-to-date: /home/eeiww/ud90uhak/bumperbot_ws/src/install/bumperbot_msgs/share/bumperbot_msgs/cmake/bumperbot_msgsConfig-version.cmake
[10.287s] -- Installing: /home/eeiww/ud90uhak/bumperbot_ws/src/install/bumperbot_msgs/share/bumperbot_msgs/package.xml
[10.298s] Invoked command in '/home/eeiww/ud90uhak/bumperbot_ws/src/build/bumperbot_msgs' returned '0': CMAKE_PREFIX_PATH=${CMAKE_PREFIX_PATH}:/opt/ros/jazzy DEBUGINFOD_URLS=https://debuginfod.ubuntu.com /usr/bin/cmake --install /home/eeiww/ud90uhak/bumperbot_ws/src/build/bumperbot_msgs
