[0.000000] (-) TimerEvent: {}
[0.000076] (bumperbot_cpp_examples) JobQueued: {'identifier': 'bumperbot_cpp_examples', 'dependencies': OrderedDict()}
[0.000138] (bumperbot_description) JobQueued: {'identifier': 'bumperbot_description', 'dependencies': OrderedDict()}
[0.000169] (bumperbot_py_examples) JobQueued: {'identifier': 'bumperbot_py_examples', 'dependencies': OrderedDict()}
[0.000181] (bumperbot_cpp_examples) JobStarted: {'identifier': 'bumperbot_cpp_examples'}
[0.008973] (bumperbot_description) JobStarted: {'identifier': 'bumperbot_description'}
[0.016557] (bumperbot_py_examples) JobStarted: {'identifier': 'bumperbot_py_examples'}
[0.039893] (bumperbot_cpp_examples) JobProgress: {'identifier': 'bumperbot_cpp_examples', 'progress': 'cmake'}
[0.076052] (bumperbot_cpp_examples) JobProgress: {'identifier': 'bumperbot_cpp_examples', 'progress': 'build'}
[0.076595] (bumperbot_cpp_examples) Command: {'cmd': ['/usr/bin/cmake', '--build', '/home/eeiww/ud90uhak/bumperbot_ws/src/build/bumperbot_cpp_examples', '--', '-j8', '-l8'], 'cwd': '/home/eeiww/ud90uhak/bumperbot_ws/src/build/bumperbot_cpp_examples', 'env': OrderedDict({'LANGUAGE': 'en_US:', 'USER': 'ud90uhak', 'LC_TIME': 'de_DE.UTF-8', 'XDG_SESSION_TYPE': 'x11', 'LAMMPS_POTENTIALS': 'share/lammps/potentials', 'SHLVL': '1', 'LD_LIBRARY_PATH': '/opt/ros/jazzy/opt/rviz_ogre_vendor/lib:/opt/ros/jazzy/lib/x86_64-linux-gnu:/opt/ros/jazzy/opt/gz_math_vendor/lib:/opt/ros/jazzy/opt/gz_utils_vendor/lib:/opt/ros/jazzy/opt/gz_cmake_vendor/lib:/opt/ros/jazzy/lib', 'HOME': '/home/eeiww/ud90uhak', 'OLDPWD': '/home/eeiww/ud90uhak/bumperbot_ws', 'DESKTOP_SESSION': 'ubuntu', 'ROS_PYTHON_VERSION': '3', 'GNOME_SHELL_SESSION_MODE': 'ubuntu', 'GTK_MODULES': 'gail:atk-bridge', 'LC_MONETARY': 'de_DE.UTF-8', 'LM_PROJECT': 'iwe0', 'SYSTEMD_EXEC_PID': '321079', 'GSM_SKIP_SSH_AGENT_WORKAROUND': 'true', 'DBUS_SESSION_BUS_ADDRESS': 'unix:path=/run/user/439630/bus', 'COLORTERM': 'truecolor', 'DEBUGINFOD_URLS': 'https://debuginfod.ubuntu.com', 'IM_CONFIG_PHASE': '1', 'ROS_DISTRO': 'jazzy', 'LOGNAME': 'ud90uhak', '_': '/usr/bin/colcon', 'ROS_VERSION': '2', 'MEMORY_PRESSURE_WATCH': '/sys/fs/cgroup/user.slice/user-439630.slice/user@439630.service/session.slice/org.gnome.Shell@x11.service/memory.pressure', 'XDG_SESSION_CLASS': 'user', 'USERNAME': 'ud90uhak', 'TERM': 'xterm-256color', 'GNOME_DESKTOP_SESSION_ID': 'this-is-deprecated', 'WINDOWPATH': '2', 'PATH': '/opt/ros/jazzy/bin:/usr/local/sbin:/usr/local/bin:/usr/sbin:/usr/bin:/sbin:/bin:/usr/games:/usr/local/games:/snap/bin:/snap/bin', 'SESSION_MANAGER': 'local/cip115-42:@/tmp/.ICE-unix/321062,unix/cip115-42:/tmp/.ICE-unix/321062', 'XDG_MENU_PREFIX': 'gnome-', 'LC_ADDRESS': 'de_DE.UTF-8', 'GNOME_TERMINAL_SCREEN': '/org/gnome/Terminal/screen/a59efa56_a1a4_408f_b650_fc130b2da4b2', 'XDG_RUNTIME_DIR': '/run/user/439630', 'DISPLAY': ':1', 'LANG': 'en_US.UTF-8', 'XDG_CURRENT_DESKTOP': 'ubuntu:GNOME', 'LC_TELEPHONE': 'de_DE.UTF-8', 'XMODIFIERS': '@im=ibus', 'XDG_SESSION_DESKTOP': 'ubuntu', 'XAUTHORITY': '/run/user/439630/gdm/Xauthority', 'GNOME_TERMINAL_SERVICE': ':1.116', 'SSH_AUTH_SOCK': '/run/user/439630/gnupg/S.gpg-agent.ssh', 'AMENT_PREFIX_PATH': '/opt/ros/jazzy', 'SHELL': '/bin/bash', 'LC_NAME': 'de_DE.UTF-8', 'KRB5CCNAME': 'FILE:/tmp/krb5cc_439630', 'QT_ACCESSIBILITY': '1', 'GDMSESSION': 'ubuntu', 'LC_MEASUREMENT': 'de_DE.UTF-8', 'GPG_AGENT_INFO': '/run/user/439630/gnupg/S.gpg-agent:0:1', 'LC_IDENTIFICATION': 'de_DE.UTF-8', 'ROS_AUTOMATIC_DISCOVERY_RANGE': 'SUBNET', 'QT_IM_MODULE': 'ibus', 'PWD': '/home/eeiww/ud90uhak/bumperbot_ws/src/build/bumperbot_cpp_examples', 'XDG_CONFIG_DIRS': '/etc/xdg/xdg-ubuntu:/etc/xdg', 'XDG_DATA_DIRS': '/usr/share/ubuntu:/usr/share/gnome:/usr/local/share/:/usr/share/:/var/lib/snapd/desktop', 'QTWEBENGINE_DICTIONARIES_PATH': '/usr/share/hunspell-bdic/', 'PYTHONPATH': '/opt/ros/jazzy/lib/python3.12/site-packages', 'LC_NUMERIC': 'de_DE.UTF-8', 'MSI2LMP_LIBRARY': 'share/lammps/frc_files', 'LC_PAPER': 'de_DE.UTF-8', 'COLCON': '1', 'MEMORY_PRESSURE_WRITE': 'c29tZSAyMDAwMDAgMjAwMDAwMAA=', 'LS_OPTIONS': '-N --color=tty -T 0', 'VTE_VERSION': '7600', 'CMAKE_PREFIX_PATH': '/opt/ros/jazzy/opt/gz_math_vendor:/opt/ros/jazzy/opt/gz_utils_vendor:/opt/ros/jazzy/opt/gz_cmake_vendor:/opt/ros/jazzy'}), 'shell': False}
[0.082141] (bumperbot_description) JobProgress: {'identifier': 'bumperbot_description', 'progress': 'cmake'}
[0.099086] (-) TimerEvent: {}
[0.105255] (bumperbot_description) JobProgress: {'identifier': 'bumperbot_description', 'progress': 'build'}
[0.105579] (bumperbot_description) Command: {'cmd': ['/usr/bin/cmake', '--build', '/home/eeiww/ud90uhak/bumperbot_ws/src/build/bumperbot_description', '--', '-j8', '-l8'], 'cwd': '/home/eeiww/ud90uhak/bumperbot_ws/src/build/bumperbot_description', 'env': OrderedDict({'LANGUAGE': 'en_US:', 'USER': 'ud90uhak', 'LC_TIME': 'de_DE.UTF-8', 'XDG_SESSION_TYPE': 'x11', 'LAMMPS_POTENTIALS': 'share/lammps/potentials', 'SHLVL': '1', 'LD_LIBRARY_PATH': '/opt/ros/jazzy/opt/rviz_ogre_vendor/lib:/opt/ros/jazzy/lib/x86_64-linux-gnu:/opt/ros/jazzy/opt/gz_math_vendor/lib:/opt/ros/jazzy/opt/gz_utils_vendor/lib:/opt/ros/jazzy/opt/gz_cmake_vendor/lib:/opt/ros/jazzy/lib', 'HOME': '/home/eeiww/ud90uhak', 'OLDPWD': '/home/eeiww/ud90uhak/bumperbot_ws', 'DESKTOP_SESSION': 'ubuntu', 'ROS_PYTHON_VERSION': '3', 'GNOME_SHELL_SESSION_MODE': 'ubuntu', 'GTK_MODULES': 'gail:atk-bridge', 'LC_MONETARY': 'de_DE.UTF-8', 'LM_PROJECT': 'iwe0', 'SYSTEMD_EXEC_PID': '321079', 'GSM_SKIP_SSH_AGENT_WORKAROUND': 'true', 'DBUS_SESSION_BUS_ADDRESS': 'unix:path=/run/user/439630/bus', 'COLORTERM': 'truecolor', 'DEBUGINFOD_URLS': 'https://debuginfod.ubuntu.com', 'IM_CONFIG_PHASE': '1', 'ROS_DISTRO': 'jazzy', 'LOGNAME': 'ud90uhak', '_': '/usr/bin/colcon', 'ROS_VERSION': '2', 'MEMORY_PRESSURE_WATCH': '/sys/fs/cgroup/user.slice/user-439630.slice/user@439630.service/session.slice/org.gnome.Shell@x11.service/memory.pressure', 'XDG_SESSION_CLASS': 'user', 'USERNAME': 'ud90uhak', 'TERM': 'xterm-256color', 'GNOME_DESKTOP_SESSION_ID': 'this-is-deprecated', 'WINDOWPATH': '2', 'PATH': '/opt/ros/jazzy/bin:/usr/local/sbin:/usr/local/bin:/usr/sbin:/usr/bin:/sbin:/bin:/usr/games:/usr/local/games:/snap/bin:/snap/bin', 'SESSION_MANAGER': 'local/cip115-42:@/tmp/.ICE-unix/321062,unix/cip115-42:/tmp/.ICE-unix/321062', 'XDG_MENU_PREFIX': 'gnome-', 'LC_ADDRESS': 'de_DE.UTF-8', 'GNOME_TERMINAL_SCREEN': '/org/gnome/Terminal/screen/a59efa56_a1a4_408f_b650_fc130b2da4b2', 'XDG_RUNTIME_DIR': '/run/user/439630', 'DISPLAY': ':1', 'LANG': 'en_US.UTF-8', 'XDG_CURRENT_DESKTOP': 'ubuntu:GNOME', 'LC_TELEPHONE': 'de_DE.UTF-8', 'XMODIFIERS': '@im=ibus', 'XDG_SESSION_DESKTOP': 'ubuntu', 'XAUTHORITY': '/run/user/439630/gdm/Xauthority', 'GNOME_TERMINAL_SERVICE': ':1.116', 'SSH_AUTH_SOCK': '/run/user/439630/gnupg/S.gpg-agent.ssh', 'AMENT_PREFIX_PATH': '/opt/ros/jazzy', 'SHELL': '/bin/bash', 'LC_NAME': 'de_DE.UTF-8', 'KRB5CCNAME': 'FILE:/tmp/krb5cc_439630', 'QT_ACCESSIBILITY': '1', 'GDMSESSION': 'ubuntu', 'LC_MEASUREMENT': 'de_DE.UTF-8', 'GPG_AGENT_INFO': '/run/user/439630/gnupg/S.gpg-agent:0:1', 'LC_IDENTIFICATION': 'de_DE.UTF-8', 'ROS_AUTOMATIC_DISCOVERY_RANGE': 'SUBNET', 'QT_IM_MODULE': 'ibus', 'PWD': '/home/eeiww/ud90uhak/bumperbot_ws/src/build/bumperbot_description', 'XDG_CONFIG_DIRS': '/etc/xdg/xdg-ubuntu:/etc/xdg', 'XDG_DATA_DIRS': '/usr/share/ubuntu:/usr/share/gnome:/usr/local/share/:/usr/share/:/var/lib/snapd/desktop', 'QTWEBENGINE_DICTIONARIES_PATH': '/usr/share/hunspell-bdic/', 'PYTHONPATH': '/opt/ros/jazzy/lib/python3.12/site-packages', 'LC_NUMERIC': 'de_DE.UTF-8', 'MSI2LMP_LIBRARY': 'share/lammps/frc_files', 'LC_PAPER': 'de_DE.UTF-8', 'COLCON': '1', 'MEMORY_PRESSURE_WRITE': 'c29tZSAyMDAwMDAgMjAwMDAwMAA=', 'LS_OPTIONS': '-N --color=tty -T 0', 'VTE_VERSION': '7600', 'CMAKE_PREFIX_PATH': '/opt/ros/jazzy/opt/gz_math_vendor:/opt/ros/jazzy/opt/gz_utils_vendor:/opt/ros/jazzy/opt/gz_cmake_vendor:/opt/ros/jazzy'}), 'shell': False}
[0.199200] (-) TimerEvent: {}
[0.224926] (bumperbot_description) StdoutLine: {'line': b'-- Found ament_cmake: 2.5.3 (/opt/ros/jazzy/share/ament_cmake/cmake)\n'}
[0.299307] (-) TimerEvent: {}
[0.387751] (bumperbot_cpp_examples) CommandEnded: {'returncode': 0}
[0.395058] (bumperbot_cpp_examples) JobProgress: {'identifier': 'bumperbot_cpp_examples', 'progress': 'install'}
[0.399405] (-) TimerEvent: {}
[0.403386] (bumperbot_cpp_examples) Command: {'cmd': ['/usr/bin/cmake', '--install', '/home/eeiww/ud90uhak/bumperbot_ws/src/build/bumperbot_cpp_examples'], 'cwd': '/home/eeiww/ud90uhak/bumperbot_ws/src/build/bumperbot_cpp_examples', 'env': OrderedDict({'LANGUAGE': 'en_US:', 'USER': 'ud90uhak', 'LC_TIME': 'de_DE.UTF-8', 'XDG_SESSION_TYPE': 'x11', 'LAMMPS_POTENTIALS': 'share/lammps/potentials', 'SHLVL': '1', 'LD_LIBRARY_PATH': '/opt/ros/jazzy/opt/rviz_ogre_vendor/lib:/opt/ros/jazzy/lib/x86_64-linux-gnu:/opt/ros/jazzy/opt/gz_math_vendor/lib:/opt/ros/jazzy/opt/gz_utils_vendor/lib:/opt/ros/jazzy/opt/gz_cmake_vendor/lib:/opt/ros/jazzy/lib', 'HOME': '/home/eeiww/ud90uhak', 'OLDPWD': '/home/eeiww/ud90uhak/bumperbot_ws', 'DESKTOP_SESSION': 'ubuntu', 'ROS_PYTHON_VERSION': '3', 'GNOME_SHELL_SESSION_MODE': 'ubuntu', 'GTK_MODULES': 'gail:atk-bridge', 'LC_MONETARY': 'de_DE.UTF-8', 'LM_PROJECT': 'iwe0', 'SYSTEMD_EXEC_PID': '321079', 'GSM_SKIP_SSH_AGENT_WORKAROUND': 'true', 'DBUS_SESSION_BUS_ADDRESS': 'unix:path=/run/user/439630/bus', 'COLORTERM': 'truecolor', 'DEBUGINFOD_URLS': 'https://debuginfod.ubuntu.com', 'IM_CONFIG_PHASE': '1', 'ROS_DISTRO': 'jazzy', 'LOGNAME': 'ud90uhak', '_': '/usr/bin/colcon', 'ROS_VERSION': '2', 'MEMORY_PRESSURE_WATCH': '/sys/fs/cgroup/user.slice/user-439630.slice/user@439630.service/session.slice/org.gnome.Shell@x11.service/memory.pressure', 'XDG_SESSION_CLASS': 'user', 'USERNAME': 'ud90uhak', 'TERM': 'xterm-256color', 'GNOME_DESKTOP_SESSION_ID': 'this-is-deprecated', 'WINDOWPATH': '2', 'PATH': '/opt/ros/jazzy/bin:/usr/local/sbin:/usr/local/bin:/usr/sbin:/usr/bin:/sbin:/bin:/usr/games:/usr/local/games:/snap/bin:/snap/bin', 'SESSION_MANAGER': 'local/cip115-42:@/tmp/.ICE-unix/321062,unix/cip115-42:/tmp/.ICE-unix/321062', 'XDG_MENU_PREFIX': 'gnome-', 'LC_ADDRESS': 'de_DE.UTF-8', 'GNOME_TERMINAL_SCREEN': '/org/gnome/Terminal/screen/a59efa56_a1a4_408f_b650_fc130b2da4b2', 'XDG_RUNTIME_DIR': '/run/user/439630', 'DISPLAY': ':1', 'LANG': 'en_US.UTF-8', 'XDG_CURRENT_DESKTOP': 'ubuntu:GNOME', 'LC_TELEPHONE': 'de_DE.UTF-8', 'XMODIFIERS': '@im=ibus', 'XDG_SESSION_DESKTOP': 'ubuntu', 'XAUTHORITY': '/run/user/439630/gdm/Xauthority', 'GNOME_TERMINAL_SERVICE': ':1.116', 'SSH_AUTH_SOCK': '/run/user/439630/gnupg/S.gpg-agent.ssh', 'AMENT_PREFIX_PATH': '/opt/ros/jazzy', 'SHELL': '/bin/bash', 'LC_NAME': 'de_DE.UTF-8', 'KRB5CCNAME': 'FILE:/tmp/krb5cc_439630', 'QT_ACCESSIBILITY': '1', 'GDMSESSION': 'ubuntu', 'LC_MEASUREMENT': 'de_DE.UTF-8', 'GPG_AGENT_INFO': '/run/user/439630/gnupg/S.gpg-agent:0:1', 'LC_IDENTIFICATION': 'de_DE.UTF-8', 'ROS_AUTOMATIC_DISCOVERY_RANGE': 'SUBNET', 'QT_IM_MODULE': 'ibus', 'PWD': '/home/eeiww/ud90uhak/bumperbot_ws/src/build/bumperbot_cpp_examples', 'XDG_CONFIG_DIRS': '/etc/xdg/xdg-ubuntu:/etc/xdg', 'XDG_DATA_DIRS': '/usr/share/ubuntu:/usr/share/gnome:/usr/local/share/:/usr/share/:/var/lib/snapd/desktop', 'QTWEBENGINE_DICTIONARIES_PATH': '/usr/share/hunspell-bdic/', 'PYTHONPATH': '/opt/ros/jazzy/lib/python3.12/site-packages', 'LC_NUMERIC': 'de_DE.UTF-8', 'MSI2LMP_LIBRARY': 'share/lammps/frc_files', 'LC_PAPER': 'de_DE.UTF-8', 'COLCON': '1', 'MEMORY_PRESSURE_WRITE': 'c29tZSAyMDAwMDAgMjAwMDAwMAA=', 'LS_OPTIONS': '-N --color=tty -T 0', 'VTE_VERSION': '7600', 'CMAKE_PREFIX_PATH': '/opt/ros/jazzy/opt/gz_math_vendor:/opt/ros/jazzy/opt/gz_utils_vendor:/opt/ros/jazzy/opt/gz_cmake_vendor:/opt/ros/jazzy'}), 'shell': False}
[0.415478] (bumperbot_cpp_examples) StdoutLine: {'line': b'-- Install configuration: ""\n'}
[0.419731] (bumperbot_cpp_examples) StdoutLine: {'line': b'-- Up-to-date: /home/eeiww/ud90uhak/bumperbot_ws/src/install/bumperbot_cpp_examples/share/ament_index/resource_index/package_run_dependencies/bumperbot_cpp_examples\n'}
[0.421693] (bumperbot_cpp_examples) StdoutLine: {'line': b'-- Up-to-date: /home/eeiww/ud90uhak/bumperbot_ws/src/install/bumperbot_cpp_examples/share/ament_index/resource_index/parent_prefix_path/bumperbot_cpp_examples\n'}
[0.423943] (bumperbot_cpp_examples) StdoutLine: {'line': b'-- Up-to-date: /home/eeiww/ud90uhak/bumperbot_ws/src/install/bumperbot_cpp_examples/share/bumperbot_cpp_examples/environment/ament_prefix_path.sh\n'}
[0.425151] (bumperbot_cpp_examples) StdoutLine: {'line': b'-- Up-to-date: /home/eeiww/ud90uhak/bumperbot_ws/src/install/bumperbot_cpp_examples/share/bumperbot_cpp_examples/environment/ament_prefix_path.dsv\n'}
[0.426008] (bumperbot_cpp_examples) StdoutLine: {'line': b'-- Up-to-date: /home/eeiww/ud90uhak/bumperbot_ws/src/install/bumperbot_cpp_examples/share/bumperbot_cpp_examples/environment/path.sh\n'}
[0.427060] (bumperbot_cpp_examples) StdoutLine: {'line': b'-- Up-to-date: /home/eeiww/ud90uhak/bumperbot_ws/src/install/bumperbot_cpp_examples/share/bumperbot_cpp_examples/environment/path.dsv\n'}
[0.428185] (bumperbot_cpp_examples) StdoutLine: {'line': b'-- Up-to-date: /home/eeiww/ud90uhak/bumperbot_ws/src/install/bumperbot_cpp_examples/share/bumperbot_cpp_examples/local_setup.bash\n'}
[0.429264] (bumperbot_cpp_examples) StdoutLine: {'line': b'-- Up-to-date: /home/eeiww/ud90uhak/bumperbot_ws/src/install/bumperbot_cpp_examples/share/bumperbot_cpp_examples/local_setup.sh\n'}
[0.430542] (bumperbot_cpp_examples) StdoutLine: {'line': b'-- Up-to-date: /home/eeiww/ud90uhak/bumperbot_ws/src/install/bumperbot_cpp_examples/share/bumperbot_cpp_examples/local_setup.zsh\n'}
[0.431791] (bumperbot_cpp_examples) StdoutLine: {'line': b'-- Up-to-date: /home/eeiww/ud90uhak/bumperbot_ws/src/install/bumperbot_cpp_examples/share/bumperbot_cpp_examples/local_setup.dsv\n'}
[0.432900] (bumperbot_cpp_examples) StdoutLine: {'line': b'-- Installing: /home/eeiww/ud90uhak/bumperbot_ws/src/install/bumperbot_cpp_examples/share/bumperbot_cpp_examples/package.dsv\n'}
[0.440837] (bumperbot_cpp_examples) StdoutLine: {'line': b'-- Up-to-date: /home/eeiww/ud90uhak/bumperbot_ws/src/install/bumperbot_cpp_examples/share/ament_index/resource_index/packages/bumperbot_cpp_examples\n'}
[0.442898] (bumperbot_cpp_examples) StdoutLine: {'line': b'-- Up-to-date: /home/eeiww/ud90uhak/bumperbot_ws/src/install/bumperbot_cpp_examples/share/bumperbot_cpp_examples/cmake/bumperbot_cpp_examplesConfig.cmake\n'}
[0.444086] (bumperbot_cpp_examples) StdoutLine: {'line': b'-- Up-to-date: /home/eeiww/ud90uhak/bumperbot_ws/src/install/bumperbot_cpp_examples/share/bumperbot_cpp_examples/cmake/bumperbot_cpp_examplesConfig-version.cmake\n'}
[0.445192] (bumperbot_cpp_examples) StdoutLine: {'line': b'-- Up-to-date: /home/eeiww/ud90uhak/bumperbot_ws/src/install/bumperbot_cpp_examples/share/bumperbot_cpp_examples/package.xml\n'}
[0.449171] (bumperbot_cpp_examples) CommandEnded: {'returncode': 0}
[0.451261] (bumperbot_description) StdoutLine: {'line': b'-- Found ament_lint_auto: 0.17.1 (/opt/ros/jazzy/share/ament_lint_auto/cmake)\n'}
[0.499513] (-) TimerEvent: {}
[0.523492] (bumperbot_cpp_examples) JobEnded: {'identifier': 'bumperbot_cpp_examples', 'rc': 0}
[0.594023] (bumperbot_description) StdoutLine: {'line': b"-- Added test 'lint_cmake' to check CMake code style\n"}
[0.599628] (-) TimerEvent: {}
[0.615601] (bumperbot_description) StdoutLine: {'line': b"-- Added test 'xmllint' to check XML markup files\n"}
[0.631465] (bumperbot_description) StdoutLine: {'line': b'-- Configuring done (0.5s)\n'}
[0.699701] (-) TimerEvent: {}
[0.738857] (bumperbot_description) StdoutLine: {'line': b'-- Generating done (0.1s)\n'}
[0.782164] (bumperbot_description) StdoutLine: {'line': b'-- Build files have been written to: /home/eeiww/ud90uhak/bumperbot_ws/src/build/bumperbot_description\n'}
[0.799783] (-) TimerEvent: {}
[0.801919] (bumperbot_description) CommandEnded: {'returncode': 0}
[0.812703] (bumperbot_description) JobProgress: {'identifier': 'bumperbot_description', 'progress': 'install'}
[0.813173] (bumperbot_description) Command: {'cmd': ['/usr/bin/cmake', '--install', '/home/eeiww/ud90uhak/bumperbot_ws/src/build/bumperbot_description'], 'cwd': '/home/eeiww/ud90uhak/bumperbot_ws/src/build/bumperbot_description', 'env': OrderedDict({'LANGUAGE': 'en_US:', 'USER': 'ud90uhak', 'LC_TIME': 'de_DE.UTF-8', 'XDG_SESSION_TYPE': 'x11', 'LAMMPS_POTENTIALS': 'share/lammps/potentials', 'SHLVL': '1', 'LD_LIBRARY_PATH': '/opt/ros/jazzy/opt/rviz_ogre_vendor/lib:/opt/ros/jazzy/lib/x86_64-linux-gnu:/opt/ros/jazzy/opt/gz_math_vendor/lib:/opt/ros/jazzy/opt/gz_utils_vendor/lib:/opt/ros/jazzy/opt/gz_cmake_vendor/lib:/opt/ros/jazzy/lib', 'HOME': '/home/eeiww/ud90uhak', 'OLDPWD': '/home/eeiww/ud90uhak/bumperbot_ws', 'DESKTOP_SESSION': 'ubuntu', 'ROS_PYTHON_VERSION': '3', 'GNOME_SHELL_SESSION_MODE': 'ubuntu', 'GTK_MODULES': 'gail:atk-bridge', 'LC_MONETARY': 'de_DE.UTF-8', 'LM_PROJECT': 'iwe0', 'SYSTEMD_EXEC_PID': '321079', 'GSM_SKIP_SSH_AGENT_WORKAROUND': 'true', 'DBUS_SESSION_BUS_ADDRESS': 'unix:path=/run/user/439630/bus', 'COLORTERM': 'truecolor', 'DEBUGINFOD_URLS': 'https://debuginfod.ubuntu.com', 'IM_CONFIG_PHASE': '1', 'ROS_DISTRO': 'jazzy', 'LOGNAME': 'ud90uhak', '_': '/usr/bin/colcon', 'ROS_VERSION': '2', 'MEMORY_PRESSURE_WATCH': '/sys/fs/cgroup/user.slice/user-439630.slice/user@439630.service/session.slice/org.gnome.Shell@x11.service/memory.pressure', 'XDG_SESSION_CLASS': 'user', 'USERNAME': 'ud90uhak', 'TERM': 'xterm-256color', 'GNOME_DESKTOP_SESSION_ID': 'this-is-deprecated', 'WINDOWPATH': '2', 'PATH': '/opt/ros/jazzy/bin:/usr/local/sbin:/usr/local/bin:/usr/sbin:/usr/bin:/sbin:/bin:/usr/games:/usr/local/games:/snap/bin:/snap/bin', 'SESSION_MANAGER': 'local/cip115-42:@/tmp/.ICE-unix/321062,unix/cip115-42:/tmp/.ICE-unix/321062', 'XDG_MENU_PREFIX': 'gnome-', 'LC_ADDRESS': 'de_DE.UTF-8', 'GNOME_TERMINAL_SCREEN': '/org/gnome/Terminal/screen/a59efa56_a1a4_408f_b650_fc130b2da4b2', 'XDG_RUNTIME_DIR': '/run/user/439630', 'DISPLAY': ':1', 'LANG': 'en_US.UTF-8', 'XDG_CURRENT_DESKTOP': 'ubuntu:GNOME', 'LC_TELEPHONE': 'de_DE.UTF-8', 'XMODIFIERS': '@im=ibus', 'XDG_SESSION_DESKTOP': 'ubuntu', 'XAUTHORITY': '/run/user/439630/gdm/Xauthority', 'GNOME_TERMINAL_SERVICE': ':1.116', 'SSH_AUTH_SOCK': '/run/user/439630/gnupg/S.gpg-agent.ssh', 'AMENT_PREFIX_PATH': '/opt/ros/jazzy', 'SHELL': '/bin/bash', 'LC_NAME': 'de_DE.UTF-8', 'KRB5CCNAME': 'FILE:/tmp/krb5cc_439630', 'QT_ACCESSIBILITY': '1', 'GDMSESSION': 'ubuntu', 'LC_MEASUREMENT': 'de_DE.UTF-8', 'GPG_AGENT_INFO': '/run/user/439630/gnupg/S.gpg-agent:0:1', 'LC_IDENTIFICATION': 'de_DE.UTF-8', 'ROS_AUTOMATIC_DISCOVERY_RANGE': 'SUBNET', 'QT_IM_MODULE': 'ibus', 'PWD': '/home/eeiww/ud90uhak/bumperbot_ws/src/build/bumperbot_description', 'XDG_CONFIG_DIRS': '/etc/xdg/xdg-ubuntu:/etc/xdg', 'XDG_DATA_DIRS': '/usr/share/ubuntu:/usr/share/gnome:/usr/local/share/:/usr/share/:/var/lib/snapd/desktop', 'QTWEBENGINE_DICTIONARIES_PATH': '/usr/share/hunspell-bdic/', 'PYTHONPATH': '/opt/ros/jazzy/lib/python3.12/site-packages', 'LC_NUMERIC': 'de_DE.UTF-8', 'MSI2LMP_LIBRARY': 'share/lammps/frc_files', 'LC_PAPER': 'de_DE.UTF-8', 'COLCON': '1', 'MEMORY_PRESSURE_WRITE': 'c29tZSAyMDAwMDAgMjAwMDAwMAA=', 'LS_OPTIONS': '-N --color=tty -T 0', 'VTE_VERSION': '7600', 'CMAKE_PREFIX_PATH': '/opt/ros/jazzy/opt/gz_math_vendor:/opt/ros/jazzy/opt/gz_utils_vendor:/opt/ros/jazzy/opt/gz_cmake_vendor:/opt/ros/jazzy'}), 'shell': False}
[0.822860] (bumperbot_description) StdoutLine: {'line': b'-- Install configuration: ""\n'}
[0.825056] (bumperbot_description) StdoutLine: {'line': b'-- Up-to-date: /home/eeiww/ud90uhak/bumperbot_ws/src/install/bumperbot_description/share/bumperbot_description/meshes\n'}
[0.827306] (bumperbot_description) StdoutLine: {'line': b'-- Up-to-date: /home/eeiww/ud90uhak/bumperbot_ws/src/install/bumperbot_description/share/bumperbot_description/meshes/base_link.STL\n'}
[0.828381] (bumperbot_description) StdoutLine: {'line': b'-- Up-to-date: /home/eeiww/ud90uhak/bumperbot_ws/src/install/bumperbot_description/share/bumperbot_description/meshes/wheel_left_link.STL\n'}
[0.829475] (bumperbot_description) StdoutLine: {'line': b'-- Up-to-date: /home/eeiww/ud90uhak/bumperbot_ws/src/install/bumperbot_description/share/bumperbot_description/meshes/caster_front_link.STL\n'}
[0.830509] (bumperbot_description) StdoutLine: {'line': b'-- Up-to-date: /home/eeiww/ud90uhak/bumperbot_ws/src/install/bumperbot_description/share/bumperbot_description/meshes/imu_link.STL\n'}
[0.831555] (bumperbot_description) StdoutLine: {'line': b'-- Up-to-date: /home/eeiww/ud90uhak/bumperbot_ws/src/install/bumperbot_description/share/bumperbot_description/meshes/caster_rear_link.STL\n'}
[0.832583] (bumperbot_description) StdoutLine: {'line': b'-- Up-to-date: /home/eeiww/ud90uhak/bumperbot_ws/src/install/bumperbot_description/share/bumperbot_description/meshes/wheel_right_link.STL\n'}
[0.833355] (bumperbot_description) StdoutLine: {'line': b'-- Up-to-date: /home/eeiww/ud90uhak/bumperbot_ws/src/install/bumperbot_description/share/bumperbot_description/urdf\n'}
[0.835469] (bumperbot_description) StdoutLine: {'line': b'-- Installing: /home/eeiww/ud90uhak/bumperbot_ws/src/install/bumperbot_description/share/bumperbot_description/urdf/bumperbot.urdf.xacro\n'}
[0.849826] (bumperbot_description) StdoutLine: {'line': b'-- Up-to-date: /home/eeiww/ud90uhak/bumperbot_ws/src/install/bumperbot_description/share/ament_index/resource_index/package_run_dependencies/bumperbot_description\n'}
[0.851769] (bumperbot_description) StdoutLine: {'line': b'-- Up-to-date: /home/eeiww/ud90uhak/bumperbot_ws/src/install/bumperbot_description/share/ament_index/resource_index/parent_prefix_path/bumperbot_description\n'}
[0.853299] (bumperbot_description) StdoutLine: {'line': b'-- Up-to-date: /home/eeiww/ud90uhak/bumperbot_ws/src/install/bumperbot_description/share/bumperbot_description/environment/ament_prefix_path.sh\n'}
[0.854497] (bumperbot_description) StdoutLine: {'line': b'-- Up-to-date: /home/eeiww/ud90uhak/bumperbot_ws/src/install/bumperbot_description/share/bumperbot_description/environment/ament_prefix_path.dsv\n'}
[0.855311] (bumperbot_description) StdoutLine: {'line': b'-- Up-to-date: /home/eeiww/ud90uhak/bumperbot_ws/src/install/bumperbot_description/share/bumperbot_description/environment/path.sh\n'}
[0.856498] (bumperbot_description) StdoutLine: {'line': b'-- Up-to-date: /home/eeiww/ud90uhak/bumperbot_ws/src/install/bumperbot_description/share/bumperbot_description/environment/path.dsv\n'}
[0.857304] (bumperbot_description) StdoutLine: {'line': b'-- Up-to-date: /home/eeiww/ud90uhak/bumperbot_ws/src/install/bumperbot_description/share/bumperbot_description/local_setup.bash\n'}
[0.858088] (bumperbot_description) StdoutLine: {'line': b'-- Up-to-date: /home/eeiww/ud90uhak/bumperbot_ws/src/install/bumperbot_description/share/bumperbot_description/local_setup.sh\n'}
[0.858895] (bumperbot_description) StdoutLine: {'line': b'-- Up-to-date: /home/eeiww/ud90uhak/bumperbot_ws/src/install/bumperbot_description/share/bumperbot_description/local_setup.zsh\n'}
[0.859951] (bumperbot_description) StdoutLine: {'line': b'-- Up-to-date: /home/eeiww/ud90uhak/bumperbot_ws/src/install/bumperbot_description/share/bumperbot_description/local_setup.dsv\n'}
[0.861116] (bumperbot_description) StdoutLine: {'line': b'-- Installing: /home/eeiww/ud90uhak/bumperbot_ws/src/install/bumperbot_description/share/bumperbot_description/package.dsv\n'}
[0.867086] (bumperbot_description) StdoutLine: {'line': b'-- Up-to-date: /home/eeiww/ud90uhak/bumperbot_ws/src/install/bumperbot_description/share/ament_index/resource_index/packages/bumperbot_description\n'}
[0.868547] (bumperbot_description) StdoutLine: {'line': b'-- Up-to-date: /home/eeiww/ud90uhak/bumperbot_ws/src/install/bumperbot_description/share/bumperbot_description/cmake/bumperbot_descriptionConfig.cmake\n'}
[0.869311] (bumperbot_description) StdoutLine: {'line': b'-- Up-to-date: /home/eeiww/ud90uhak/bumperbot_ws/src/install/bumperbot_description/share/bumperbot_description/cmake/bumperbot_descriptionConfig-version.cmake\n'}
[0.870483] (bumperbot_description) StdoutLine: {'line': b'-- Up-to-date: /home/eeiww/ud90uhak/bumperbot_ws/src/install/bumperbot_description/share/bumperbot_description/package.xml\n'}
[0.874007] (bumperbot_description) CommandEnded: {'returncode': 0}
[0.899889] (-) TimerEvent: {}
[0.933980] (bumperbot_description) JobEnded: {'identifier': 'bumperbot_description', 'rc': 0}
[0.999992] (-) TimerEvent: {}
[1.100158] (-) TimerEvent: {}
[1.200373] (-) TimerEvent: {}
[1.203842] (bumperbot_py_examples) Command: {'cmd': ['/usr/bin/python3', '-W', 'ignore:setup.py install is deprecated', '-W', 'ignore:easy_install command is deprecated', 'setup.py', 'egg_info', '--egg-base', '../build/bumperbot_py_examples', 'build', '--build-base', '/home/eeiww/ud90uhak/bumperbot_ws/src/build/bumperbot_py_examples/build', 'install', '--record', '/home/eeiww/ud90uhak/bumperbot_ws/src/build/bumperbot_py_examples/install.log', '--single-version-externally-managed', 'install_data'], 'cwd': '/home/eeiww/ud90uhak/bumperbot_ws/src/bumperbot_py_examples', 'env': {'LANGUAGE': 'en_US:', 'USER': 'ud90uhak', 'LC_TIME': 'de_DE.UTF-8', 'XDG_SESSION_TYPE': 'x11', 'LAMMPS_POTENTIALS': 'share/lammps/potentials', 'SHLVL': '1', 'LD_LIBRARY_PATH': '/opt/ros/jazzy/opt/rviz_ogre_vendor/lib:/opt/ros/jazzy/lib/x86_64-linux-gnu:/opt/ros/jazzy/opt/gz_math_vendor/lib:/opt/ros/jazzy/opt/gz_utils_vendor/lib:/opt/ros/jazzy/opt/gz_cmake_vendor/lib:/opt/ros/jazzy/lib', 'HOME': '/home/eeiww/ud90uhak', 'OLDPWD': '/home/eeiww/ud90uhak/bumperbot_ws', 'DESKTOP_SESSION': 'ubuntu', 'ROS_PYTHON_VERSION': '3', 'GNOME_SHELL_SESSION_MODE': 'ubuntu', 'GTK_MODULES': 'gail:atk-bridge', 'LC_MONETARY': 'de_DE.UTF-8', 'LM_PROJECT': 'iwe0', 'SYSTEMD_EXEC_PID': '321079', 'GSM_SKIP_SSH_AGENT_WORKAROUND': 'true', 'DBUS_SESSION_BUS_ADDRESS': 'unix:path=/run/user/439630/bus', 'COLORTERM': 'truecolor', 'DEBUGINFOD_URLS': 'https://debuginfod.ubuntu.com', 'IM_CONFIG_PHASE': '1', 'ROS_DISTRO': 'jazzy', 'LOGNAME': 'ud90uhak', '_': '/usr/bin/colcon', 'ROS_VERSION': '2', 'MEMORY_PRESSURE_WATCH': '/sys/fs/cgroup/user.slice/user-439630.slice/user@439630.service/session.slice/org.gnome.Shell@x11.service/memory.pressure', 'XDG_SESSION_CLASS': 'user', 'USERNAME': 'ud90uhak', 'TERM': 'xterm-256color', 'GNOME_DESKTOP_SESSION_ID': 'this-is-deprecated', 'WINDOWPATH': '2', 'PATH': '/opt/ros/jazzy/bin:/usr/local/sbin:/usr/local/bin:/usr/sbin:/usr/bin:/sbin:/bin:/usr/games:/usr/local/games:/snap/bin:/snap/bin', 'SESSION_MANAGER': 'local/cip115-42:@/tmp/.ICE-unix/321062,unix/cip115-42:/tmp/.ICE-unix/321062', 'XDG_MENU_PREFIX': 'gnome-', 'LC_ADDRESS': 'de_DE.UTF-8', 'GNOME_TERMINAL_SCREEN': '/org/gnome/Terminal/screen/a59efa56_a1a4_408f_b650_fc130b2da4b2', 'XDG_RUNTIME_DIR': '/run/user/439630', 'DISPLAY': ':1', 'LANG': 'en_US.UTF-8', 'XDG_CURRENT_DESKTOP': 'ubuntu:GNOME', 'LC_TELEPHONE': 'de_DE.UTF-8', 'XMODIFIERS': '@im=ibus', 'XDG_SESSION_DESKTOP': 'ubuntu', 'XAUTHORITY': '/run/user/439630/gdm/Xauthority', 'GNOME_TERMINAL_SERVICE': ':1.116', 'SSH_AUTH_SOCK': '/run/user/439630/gnupg/S.gpg-agent.ssh', 'AMENT_PREFIX_PATH': '/opt/ros/jazzy', 'SHELL': '/bin/bash', 'LC_NAME': 'de_DE.UTF-8', 'KRB5CCNAME': 'FILE:/tmp/krb5cc_439630', 'QT_ACCESSIBILITY': '1', 'GDMSESSION': 'ubuntu', 'LC_MEASUREMENT': 'de_DE.UTF-8', 'GPG_AGENT_INFO': '/run/user/439630/gnupg/S.gpg-agent:0:1', 'LC_IDENTIFICATION': 'de_DE.UTF-8', 'ROS_AUTOMATIC_DISCOVERY_RANGE': 'SUBNET', 'QT_IM_MODULE': 'ibus', 'PWD': '/home/eeiww/ud90uhak/bumperbot_ws/src/build/bumperbot_py_examples', 'XDG_CONFIG_DIRS': '/etc/xdg/xdg-ubuntu:/etc/xdg', 'XDG_DATA_DIRS': '/usr/share/ubuntu:/usr/share/gnome:/usr/local/share/:/usr/share/:/var/lib/snapd/desktop', 'QTWEBENGINE_DICTIONARIES_PATH': '/usr/share/hunspell-bdic/', 'PYTHONPATH': '/home/eeiww/ud90uhak/bumperbot_ws/src/build/bumperbot_py_examples/prefix_override:/usr/lib/python3/dist-packages/colcon_core/task/python/colcon_distutils_commands:/home/eeiww/ud90uhak/bumperbot_ws/src/install/bumperbot_py_examples/lib/python3.12/site-packages:/opt/ros/jazzy/lib/python3.12/site-packages', 'LC_NUMERIC': 'de_DE.UTF-8', 'MSI2LMP_LIBRARY': 'share/lammps/frc_files', 'LC_PAPER': 'de_DE.UTF-8', 'COLCON': '1', 'MEMORY_PRESSURE_WRITE': 'c29tZSAyMDAwMDAgMjAwMDAwMAA=', 'LS_OPTIONS': '-N --color=tty -T 0', 'VTE_VERSION': '7600', 'CMAKE_PREFIX_PATH': '/opt/ros/jazzy/opt/gz_math_vendor:/opt/ros/jazzy/opt/gz_utils_vendor:/opt/ros/jazzy/opt/gz_cmake_vendor'}, 'shell': False}
[1.300481] (-) TimerEvent: {}
[1.400672] (-) TimerEvent: {}
[1.500880] (-) TimerEvent: {}
[1.548330] (bumperbot_py_examples) StdoutLine: {'line': b'running egg_info\n'}
[1.579349] (bumperbot_py_examples) StdoutLine: {'line': b'writing ../build/bumperbot_py_examples/bumperbot_py_examples.egg-info/PKG-INFO\n'}
[1.584888] (bumperbot_py_examples) StdoutLine: {'line': b'writing dependency_links to ../build/bumperbot_py_examples/bumperbot_py_examples.egg-info/dependency_links.txt\n'}
[1.587878] (bumperbot_py_examples) StdoutLine: {'line': b'writing entry points to ../build/bumperbot_py_examples/bumperbot_py_examples.egg-info/entry_points.txt\n'}
[1.590756] (bumperbot_py_examples) StdoutLine: {'line': b'writing requirements to ../build/bumperbot_py_examples/bumperbot_py_examples.egg-info/requires.txt\n'}
[1.592640] (bumperbot_py_examples) StdoutLine: {'line': b'writing top-level names to ../build/bumperbot_py_examples/bumperbot_py_examples.egg-info/top_level.txt\n'}
[1.601134] (-) TimerEvent: {}
[1.664370] (bumperbot_py_examples) StdoutLine: {'line': b"reading manifest file '../build/bumperbot_py_examples/bumperbot_py_examples.egg-info/SOURCES.txt'\n"}
[1.682231] (bumperbot_py_examples) StdoutLine: {'line': b"writing manifest file '../build/bumperbot_py_examples/bumperbot_py_examples.egg-info/SOURCES.txt'\n"}
[1.686849] (bumperbot_py_examples) StdoutLine: {'line': b'running build\n'}
[1.686985] (bumperbot_py_examples) StdoutLine: {'line': b'running build_py\n'}
[1.692655] (bumperbot_py_examples) StdoutLine: {'line': b'copying bumperbot_py_examples/simple_subscriber.py -> /home/eeiww/ud90uhak/bumperbot_ws/src/build/bumperbot_py_examples/build/lib/bumperbot_py_examples\n'}
[1.701331] (-) TimerEvent: {}
[1.714412] (bumperbot_py_examples) StdoutLine: {'line': b'copying bumperbot_py_examples/simple_publisher.py -> /home/eeiww/ud90uhak/bumperbot_ws/src/build/bumperbot_py_examples/build/lib/bumperbot_py_examples\n'}
[1.722677] (bumperbot_py_examples) StdoutLine: {'line': b'copying bumperbot_py_examples/simple_parameter.py -> /home/eeiww/ud90uhak/bumperbot_ws/src/build/bumperbot_py_examples/build/lib/bumperbot_py_examples\n'}
[1.733771] (bumperbot_py_examples) StdoutLine: {'line': b'running install\n'}
[1.739116] (bumperbot_py_examples) StdoutLine: {'line': b'running install_lib\n'}
[1.774159] (bumperbot_py_examples) StdoutLine: {'line': b'copying /home/eeiww/ud90uhak/bumperbot_ws/src/build/bumperbot_py_examples/build/lib/bumperbot_py_examples/simple_subscriber.py -> /home/eeiww/ud90uhak/bumperbot_ws/src/install/bumperbot_py_examples/lib/python3.12/site-packages/bumperbot_py_examples\n'}
[1.781091] (bumperbot_py_examples) StdoutLine: {'line': b'copying /home/eeiww/ud90uhak/bumperbot_ws/src/build/bumperbot_py_examples/build/lib/bumperbot_py_examples/simple_publisher.py -> /home/eeiww/ud90uhak/bumperbot_ws/src/install/bumperbot_py_examples/lib/python3.12/site-packages/bumperbot_py_examples\n'}
[1.787843] (bumperbot_py_examples) StdoutLine: {'line': b'copying /home/eeiww/ud90uhak/bumperbot_ws/src/build/bumperbot_py_examples/build/lib/bumperbot_py_examples/simple_parameter.py -> /home/eeiww/ud90uhak/bumperbot_ws/src/install/bumperbot_py_examples/lib/python3.12/site-packages/bumperbot_py_examples\n'}
[1.796846] (bumperbot_py_examples) StdoutLine: {'line': b'byte-compiling /home/eeiww/ud90uhak/bumperbot_ws/src/install/bumperbot_py_examples/lib/python3.12/site-packages/bumperbot_py_examples/simple_subscriber.py to simple_subscriber.cpython-312.pyc\n'}
[1.801535] (-) TimerEvent: {}
[1.804989] (bumperbot_py_examples) StdoutLine: {'line': b'byte-compiling /home/eeiww/ud90uhak/bumperbot_ws/src/install/bumperbot_py_examples/lib/python3.12/site-packages/bumperbot_py_examples/simple_publisher.py to simple_publisher.cpython-312.pyc\n'}
[1.812298] (bumperbot_py_examples) StdoutLine: {'line': b'byte-compiling /home/eeiww/ud90uhak/bumperbot_ws/src/install/bumperbot_py_examples/lib/python3.12/site-packages/bumperbot_py_examples/simple_parameter.py to simple_parameter.cpython-312.pyc\n'}
[1.819355] (bumperbot_py_examples) StdoutLine: {'line': b'running install_data\n'}
[1.823647] (bumperbot_py_examples) StdoutLine: {'line': b'copying package.xml -> /home/eeiww/ud90uhak/bumperbot_ws/src/install/bumperbot_py_examples/share/bumperbot_py_examples\n'}
[1.827500] (bumperbot_py_examples) StdoutLine: {'line': b'running install_egg_info\n'}
[1.858675] (bumperbot_py_examples) StdoutLine: {'line': b"removing '/home/eeiww/ud90uhak/bumperbot_ws/src/install/bumperbot_py_examples/lib/python3.12/site-packages/bumperbot_py_examples-0.0.0-py3.12.egg-info' (and everything under it)\n"}
[1.866939] (bumperbot_py_examples) StdoutLine: {'line': b'Copying ../build/bumperbot_py_examples/bumperbot_py_examples.egg-info to /home/eeiww/ud90uhak/bumperbot_ws/src/install/bumperbot_py_examples/lib/python3.12/site-packages/bumperbot_py_examples-0.0.0-py3.12.egg-info\n'}
[1.901645] (-) TimerEvent: {}
[1.925906] (bumperbot_py_examples) StdoutLine: {'line': b'running install_scripts\n'}
[2.001726] (-) TimerEvent: {}
[2.101941] (-) TimerEvent: {}
[2.128748] (bumperbot_py_examples) StdoutLine: {'line': b'Installing simple_parameter script to /home/eeiww/ud90uhak/bumperbot_ws/src/install/bumperbot_py_examples/lib/bumperbot_py_examples\n'}
[2.133334] (bumperbot_py_examples) StdoutLine: {'line': b'Installing simple_publisher script to /home/eeiww/ud90uhak/bumperbot_ws/src/install/bumperbot_py_examples/lib/bumperbot_py_examples\n'}
[2.136512] (bumperbot_py_examples) StdoutLine: {'line': b'Installing simple_subscriber script to /home/eeiww/ud90uhak/bumperbot_ws/src/install/bumperbot_py_examples/lib/bumperbot_py_examples\n'}
[2.140895] (bumperbot_py_examples) StdoutLine: {'line': b"writing list of installed files to '/home/eeiww/ud90uhak/bumperbot_ws/src/build/bumperbot_py_examples/install.log'\n"}
[2.161903] (bumperbot_py_examples) CommandEnded: {'returncode': 0}
[2.202114] (-) TimerEvent: {}
[2.217836] (bumperbot_py_examples) JobEnded: {'identifier': 'bumperbot_py_examples', 'rc': 0}
[2.225207] (-) EventReactorShutdown: {}
