[1.091s] Invoking command in '/home/eeiww/ud90uhak/bumperbot_ws/src/bumperbot_py_examples': DEBUGINFOD_URLS=https://debuginfod.ubuntu.com PYTHONPATH=/home/eeiww/ud90uhak/bumperbot_ws/src/build/bumperbot_py_examples/prefix_override:/usr/lib/python3/dist-packages/colcon_core/task/python/colcon_distutils_commands:/home/eeiww/ud90uhak/bumperbot_ws/src/install/bumperbot_py_examples/lib/python3.12/site-packages:${PYTHONPATH} /usr/bin/python3 -W ignore:setup.py install is deprecated -W ignore:easy_install command is deprecated setup.py egg_info --egg-base ../build/bumperbot_py_examples build --build-base /home/eeiww/ud90uhak/bumperbot_ws/src/build/bumperbot_py_examples/build install --record /home/eeiww/ud90uhak/bumperbot_ws/src/build/bumperbot_py_examples/install.log --single-version-externally-managed install_data
[1.427s] running egg_info
[1.457s] writing ../build/bumperbot_py_examples/bumperbot_py_examples.egg-info/PKG-INFO
[1.464s] writing dependency_links to ../build/bumperbot_py_examples/bumperbot_py_examples.egg-info/dependency_links.txt
[1.468s] writing entry points to ../build/bumperbot_py_examples/bumperbot_py_examples.egg-info/entry_points.txt
[1.472s] writing requirements to ../build/bumperbot_py_examples/bumperbot_py_examples.egg-info/requires.txt
[1.475s] writing top-level names to ../build/bumperbot_py_examples/bumperbot_py_examples.egg-info/top_level.txt
[1.547s] reading manifest file '../build/bumperbot_py_examples/bumperbot_py_examples.egg-info/SOURCES.txt'
[1.553s] writing manifest file '../build/bumperbot_py_examples/bumperbot_py_examples.egg-info/SOURCES.txt'
[1.557s] running build
[1.557s] running build_py
[1.562s] running install
[1.567s] running install_lib
[1.607s] running install_data
[1.610s] running install_egg_info
[1.641s] removing '/home/eeiww/ud90uhak/bumperbot_ws/src/install/bumperbot_py_examples/lib/python3.12/site-packages/bumperbot_py_examples-0.0.0-py3.12.egg-info' (and everything under it)
[1.653s] Copying ../build/bumperbot_py_examples/bumperbot_py_examples.egg-info to /home/eeiww/ud90uhak/bumperbot_ws/src/install/bumperbot_py_examples/lib/python3.12/site-packages/bumperbot_py_examples-0.0.0-py3.12.egg-info
[1.698s] running install_scripts
[1.899s] Installing simple_parameter script to /home/eeiww/ud90uhak/bumperbot_ws/src/install/bumperbot_py_examples/lib/bumperbot_py_examples
[1.904s] Installing simple_publisher script to /home/eeiww/ud90uhak/bumperbot_ws/src/install/bumperbot_py_examples/lib/bumperbot_py_examples
[1.909s] Installing simple_subscriber script to /home/eeiww/ud90uhak/bumperbot_ws/src/install/bumperbot_py_examples/lib/bumperbot_py_examples
[1.914s] writing list of installed files to '/home/eeiww/ud90uhak/bumperbot_ws/src/build/bumperbot_py_examples/install.log'
[1.936s] Invoked command in '/home/eeiww/ud90uhak/bumperbot_ws/src/bumperbot_py_examples' returned '0': DEBUGINFOD_URLS=https://debuginfod.ubuntu.com PYTHONPATH=/home/eeiww/ud90uhak/bumperbot_ws/src/build/bumperbot_py_examples/prefix_override:/usr/lib/python3/dist-packages/colcon_core/task/python/colcon_distutils_commands:/home/eeiww/ud90uhak/bumperbot_ws/src/install/bumperbot_py_examples/lib/python3.12/site-packages:${PYTHONPATH} /usr/bin/python3 -W ignore:setup.py install is deprecated -W ignore:easy_install command is deprecated setup.py egg_info --egg-base ../build/bumperbot_py_examples build --build-base /home/eeiww/ud90uhak/bumperbot_ws/src/build/bumperbot_py_examples/build install --record /home/eeiww/ud90uhak/bumperbot_ws/src/build/bumperbot_py_examples/install.log --single-version-externally-managed install_data
