running egg_info
creating ../build/bumperbot_firmware/bumperbot_firmware.egg-info
writing ../build/bumperbot_firmware/bumperbot_firmware.egg-info/PKG-INFO
writing dependency_links to ../build/bumperbot_firmware/bumperbot_firmware.egg-info/dependency_links.txt
writing requirements to ../build/bumperbot_firmware/bumperbot_firmware.egg-info/requires.txt
writing top-level names to ../build/bumperbot_firmware/bumperbot_firmware.egg-info/top_level.txt
writing manifest file '../build/bumperbot_firmware/bumperbot_firmware.egg-info/SOURCES.txt'
reading manifest file '../build/bumperbot_firmware/bumperbot_firmware.egg-info/SOURCES.txt'
writing manifest file '../build/bumperbot_firmware/bumperbot_firmware.egg-info/SOURCES.txt'
running build
running build_py
creating /home/eeiww/ud90uhak/bumperbot_ws/src/build/bumperbot_firmware/build
creating /home/eeiww/ud90uhak/bumperbot_ws/src/build/bumperbot_firmware/build/lib
creating /home/eeiww/ud90uhak/bumperbot_ws/src/build/bumperbot_firmware/build/lib/bumperbot_firmware
copying bumperbot_firmware/__init__.py -> /home/eeiww/ud90uhak/bumperbot_ws/src/build/bumperbot_firmware/build/lib/bumperbot_firmware
running install
running install_lib
creating /home/eeiww/ud90uhak/bumperbot_ws/src/install/bumperbot_firmware/lib/python3.12/site-packages/bumperbot_firmware
copying /home/eeiww/ud90uhak/bumperbot_ws/src/build/bumperbot_firmware/build/lib/bumperbot_firmware/__init__.py -> /home/eeiww/ud90uhak/bumperbot_ws/src/install/bumperbot_firmware/lib/python3.12/site-packages/bumperbot_firmware
byte-compiling /home/eeiww/ud90uhak/bumperbot_ws/src/install/bumperbot_firmware/lib/python3.12/site-packages/bumperbot_firmware/__init__.py to __init__.cpython-312.pyc
running install_data
creating /home/eeiww/ud90uhak/bumperbot_ws/src/install/bumperbot_firmware/share/ament_index
creating /home/eeiww/ud90uhak/bumperbot_ws/src/install/bumperbot_firmware/share/ament_index/resource_index
creating /home/eeiww/ud90uhak/bumperbot_ws/src/install/bumperbot_firmware/share/ament_index/resource_index/packages
copying resource/bumperbot_firmware -> /home/eeiww/ud90uhak/bumperbot_ws/src/install/bumperbot_firmware/share/ament_index/resource_index/packages
copying package.xml -> /home/eeiww/ud90uhak/bumperbot_ws/src/install/bumperbot_firmware/share/bumperbot_firmware
running install_egg_info
Copying ../build/bumperbot_firmware/bumperbot_firmware.egg-info to /home/eeiww/ud90uhak/bumperbot_ws/src/install/bumperbot_firmware/lib/python3.12/site-packages/bumperbot_firmware-0.0.0-py3.12.egg-info
running install_scripts
writing list of installed files to '/home/eeiww/ud90uhak/bumperbot_ws/src/build/bumperbot_firmware/install.log'
