[1.178s] Invoking command in '/home/eeiww/ud90uhak/bumperbot_ws/src/bumperbot_py_examples': DEBUGINFOD_URLS=https://debuginfod.ubuntu.com PYTHONPATH=/home/eeiww/ud90uhak/bumperbot_ws/src/build/bumperbot_py_examples/prefix_override:/usr/lib/python3/dist-packages/colcon_core/task/python/colcon_distutils_commands:/home/eeiww/ud90uhak/bumperbot_ws/src/install/bumperbot_py_examples/lib/python3.12/site-packages:${PYTHONPATH} /usr/bin/python3 -W ignore:setup.py install is deprecated -W ignore:easy_install command is deprecated setup.py egg_info --egg-base ../build/bumperbot_py_examples build --build-base /home/eeiww/ud90uhak/bumperbot_ws/src/build/bumperbot_py_examples/build install --record /home/eeiww/ud90uhak/bumperbot_ws/src/build/bumperbot_py_examples/install.log --single-version-externally-managed install_data
[1.526s] running egg_info
[1.557s] writing ../build/bumperbot_py_examples/bumperbot_py_examples.egg-info/PKG-INFO
[1.560s] writing dependency_links to ../build/bumperbot_py_examples/bumperbot_py_examples.egg-info/dependency_links.txt
[1.563s] writing entry points to ../build/bumperbot_py_examples/bumperbot_py_examples.egg-info/entry_points.txt
[1.566s] writing requirements to ../build/bumperbot_py_examples/bumperbot_py_examples.egg-info/requires.txt
[1.568s] writing top-level names to ../build/bumperbot_py_examples/bumperbot_py_examples.egg-info/top_level.txt
[1.640s] reading manifest file '../build/bumperbot_py_examples/bumperbot_py_examples.egg-info/SOURCES.txt'
[1.644s] writing manifest file '../build/bumperbot_py_examples/bumperbot_py_examples.egg-info/SOURCES.txt'
[1.646s] running build
[1.647s] running build_py
[1.649s] copying bumperbot_py_examples/simple_turtlesim_kinematics.py -> /home/eeiww/ud90uhak/bumperbot_ws/src/build/bumperbot_py_examples/build/lib/bumperbot_py_examples
[1.656s] running install
[1.662s] running install_lib
[1.697s] copying /home/eeiww/ud90uhak/bumperbot_ws/src/build/bumperbot_py_examples/build/lib/bumperbot_py_examples/simple_turtlesim_kinematics.py -> /home/eeiww/ud90uhak/bumperbot_ws/src/install/bumperbot_py_examples/lib/python3.12/site-packages/bumperbot_py_examples
[1.705s] byte-compiling /home/eeiww/ud90uhak/bumperbot_ws/src/install/bumperbot_py_examples/lib/python3.12/site-packages/bumperbot_py_examples/simple_turtlesim_kinematics.py to simple_turtlesim_kinematics.cpython-312.pyc
[1.711s] running install_data
[1.713s] copying package.xml -> /home/eeiww/ud90uhak/bumperbot_ws/src/install/bumperbot_py_examples/share/bumperbot_py_examples
[1.716s] running install_egg_info
[1.749s] removing '/home/eeiww/ud90uhak/bumperbot_ws/src/install/bumperbot_py_examples/lib/python3.12/site-packages/bumperbot_py_examples-0.0.0-py3.12.egg-info' (and everything under it)
[1.756s] Copying ../build/bumperbot_py_examples/bumperbot_py_examples.egg-info to /home/eeiww/ud90uhak/bumperbot_ws/src/install/bumperbot_py_examples/lib/python3.12/site-packages/bumperbot_py_examples-0.0.0-py3.12.egg-info
[1.791s] running install_scripts
[1.999s] Installing simple_parameter script to /home/eeiww/ud90uhak/bumperbot_ws/src/install/bumperbot_py_examples/lib/bumperbot_py_examples
[2.003s] Installing simple_publisher script to /home/eeiww/ud90uhak/bumperbot_ws/src/install/bumperbot_py_examples/lib/bumperbot_py_examples
[2.005s] Installing simple_subscriber script to /home/eeiww/ud90uhak/bumperbot_ws/src/install/bumperbot_py_examples/lib/bumperbot_py_examples
[2.008s] Installing simple_turtlesim_kinematics script to /home/eeiww/ud90uhak/bumperbot_ws/src/install/bumperbot_py_examples/lib/bumperbot_py_examples
[2.012s] writing list of installed files to '/home/eeiww/ud90uhak/bumperbot_ws/src/build/bumperbot_py_examples/install.log'
[2.033s] Invoked command in '/home/eeiww/ud90uhak/bumperbot_ws/src/bumperbot_py_examples' returned '0': DEBUGINFOD_URLS=https://debuginfod.ubuntu.com PYTHONPATH=/home/eeiww/ud90uhak/bumperbot_ws/src/build/bumperbot_py_examples/prefix_override:/usr/lib/python3/dist-packages/colcon_core/task/python/colcon_distutils_commands:/home/eeiww/ud90uhak/bumperbot_ws/src/install/bumperbot_py_examples/lib/python3.12/site-packages:${PYTHONPATH} /usr/bin/python3 -W ignore:setup.py install is deprecated -W ignore:easy_install command is deprecated setup.py egg_info --egg-base ../build/bumperbot_py_examples build --build-base /home/eeiww/ud90uhak/bumperbot_ws/src/build/bumperbot_py_examples/build install --record /home/eeiww/ud90uhak/bumperbot_ws/src/build/bumperbot_py_examples/install.log --single-version-externally-managed install_data
